[2024-03-07T11:09:58.630+0000] {processor.py:153} INFO - Started process (PID=4631) to work on /opt/airflow/dags/mlops_workflow_dag.py
[2024-03-07T11:09:58.631+0000] {processor.py:743} INFO - Processing file /opt/airflow/dags/mlops_workflow_dag.py for tasks to queue
[2024-03-07T11:09:58.631+0000] {logging_mixin.py:137} INFO - [2024-03-07T11:09:58.631+0000] {dagbag.py:538} INFO - Filling up the DagBag from /opt/airflow/dags/mlops_workflow_dag.py
[2024-03-07T11:09:58.682+0000] {processor.py:753} INFO - DAG(s) dict_keys(['mlops']) retrieved from /opt/airflow/dags/mlops_workflow_dag.py
[2024-03-07T11:09:59.360+0000] {logging_mixin.py:137} INFO - [2024-03-07T11:09:59.360+0000] {manager.py:504} INFO - Created Permission View: can delete on DAG:mlops
[2024-03-07T11:09:59.393+0000] {logging_mixin.py:137} INFO - [2024-03-07T11:09:59.393+0000] {manager.py:504} INFO - Created Permission View: can edit on DAG:mlops
[2024-03-07T11:09:59.404+0000] {logging_mixin.py:137} INFO - [2024-03-07T11:09:59.404+0000] {manager.py:504} INFO - Created Permission View: can read on DAG:mlops
[2024-03-07T11:09:59.405+0000] {logging_mixin.py:137} INFO - [2024-03-07T11:09:59.404+0000] {dag.py:2690} INFO - Sync 1 DAGs
[2024-03-07T11:09:59.421+0000] {logging_mixin.py:137} INFO - [2024-03-07T11:09:59.421+0000] {dag.py:2711} INFO - Creating ORM DAG for mlops
[2024-03-07T11:09:59.434+0000] {logging_mixin.py:137} INFO - [2024-03-07T11:09:59.433+0000] {dag.py:3441} INFO - Setting next_dagrun for mlops to 2023-03-07T00:00:00+00:00, run_after=2023-03-08T00:00:00+00:00
[2024-03-07T11:09:59.508+0000] {processor.py:175} INFO - Processing /opt/airflow/dags/mlops_workflow_dag.py took 0.882 seconds
[2024-03-07T11:10:29.575+0000] {processor.py:153} INFO - Started process (PID=4706) to work on /opt/airflow/dags/mlops_workflow_dag.py
[2024-03-07T11:10:29.576+0000] {processor.py:743} INFO - Processing file /opt/airflow/dags/mlops_workflow_dag.py for tasks to queue
[2024-03-07T11:10:29.577+0000] {logging_mixin.py:137} INFO - [2024-03-07T11:10:29.577+0000] {dagbag.py:538} INFO - Filling up the DagBag from /opt/airflow/dags/mlops_workflow_dag.py
[2024-03-07T11:10:29.600+0000] {processor.py:753} INFO - DAG(s) dict_keys(['mlops']) retrieved from /opt/airflow/dags/mlops_workflow_dag.py
[2024-03-07T11:10:29.628+0000] {logging_mixin.py:137} INFO - [2024-03-07T11:10:29.628+0000] {dag.py:2690} INFO - Sync 1 DAGs
[2024-03-07T11:10:29.657+0000] {logging_mixin.py:137} INFO - [2024-03-07T11:10:29.657+0000] {dag.py:3441} INFO - Setting next_dagrun for mlops to 2023-03-07T00:00:00+00:00, run_after=2023-03-08T00:00:00+00:00
[2024-03-07T11:10:29.692+0000] {processor.py:175} INFO - Processing /opt/airflow/dags/mlops_workflow_dag.py took 0.127 seconds
[2024-03-07T11:10:59.775+0000] {processor.py:153} INFO - Started process (PID=4771) to work on /opt/airflow/dags/mlops_workflow_dag.py
[2024-03-07T11:10:59.776+0000] {processor.py:743} INFO - Processing file /opt/airflow/dags/mlops_workflow_dag.py for tasks to queue
[2024-03-07T11:10:59.776+0000] {logging_mixin.py:137} INFO - [2024-03-07T11:10:59.776+0000] {dagbag.py:538} INFO - Filling up the DagBag from /opt/airflow/dags/mlops_workflow_dag.py
[2024-03-07T11:10:59.791+0000] {processor.py:753} INFO - DAG(s) dict_keys(['mlops']) retrieved from /opt/airflow/dags/mlops_workflow_dag.py
[2024-03-07T11:10:59.818+0000] {logging_mixin.py:137} INFO - [2024-03-07T11:10:59.818+0000] {dag.py:2690} INFO - Sync 1 DAGs
[2024-03-07T11:10:59.848+0000] {logging_mixin.py:137} INFO - [2024-03-07T11:10:59.847+0000] {dag.py:3441} INFO - Setting next_dagrun for mlops to 2023-03-07T00:00:00+00:00, run_after=2023-03-08T00:00:00+00:00
[2024-03-07T11:10:59.883+0000] {processor.py:175} INFO - Processing /opt/airflow/dags/mlops_workflow_dag.py took 0.112 seconds
[2024-03-07T11:11:30.216+0000] {processor.py:153} INFO - Started process (PID=4845) to work on /opt/airflow/dags/mlops_workflow_dag.py
[2024-03-07T11:11:30.322+0000] {processor.py:743} INFO - Processing file /opt/airflow/dags/mlops_workflow_dag.py for tasks to queue
[2024-03-07T11:11:30.323+0000] {logging_mixin.py:137} INFO - [2024-03-07T11:11:30.323+0000] {dagbag.py:538} INFO - Filling up the DagBag from /opt/airflow/dags/mlops_workflow_dag.py
[2024-03-07T11:11:30.369+0000] {processor.py:753} INFO - DAG(s) dict_keys(['mlops']) retrieved from /opt/airflow/dags/mlops_workflow_dag.py
[2024-03-07T11:11:30.429+0000] {logging_mixin.py:137} INFO - [2024-03-07T11:11:30.429+0000] {dag.py:2690} INFO - Sync 1 DAGs
[2024-03-07T11:11:30.477+0000] {logging_mixin.py:137} INFO - [2024-03-07T11:11:30.477+0000] {dag.py:3441} INFO - Setting next_dagrun for mlops to 2023-03-07T00:00:00+00:00, run_after=2023-03-08T00:00:00+00:00
[2024-03-07T11:11:30.531+0000] {processor.py:175} INFO - Processing /opt/airflow/dags/mlops_workflow_dag.py took 0.319 seconds
[2024-03-07T11:12:00.646+0000] {processor.py:153} INFO - Started process (PID=4912) to work on /opt/airflow/dags/mlops_workflow_dag.py
[2024-03-07T11:12:00.647+0000] {processor.py:743} INFO - Processing file /opt/airflow/dags/mlops_workflow_dag.py for tasks to queue
[2024-03-07T11:12:00.647+0000] {logging_mixin.py:137} INFO - [2024-03-07T11:12:00.647+0000] {dagbag.py:538} INFO - Filling up the DagBag from /opt/airflow/dags/mlops_workflow_dag.py
[2024-03-07T11:12:00.662+0000] {processor.py:753} INFO - DAG(s) dict_keys(['mlops']) retrieved from /opt/airflow/dags/mlops_workflow_dag.py
[2024-03-07T11:12:00.691+0000] {logging_mixin.py:137} INFO - [2024-03-07T11:12:00.691+0000] {dag.py:2690} INFO - Sync 1 DAGs
[2024-03-07T11:12:00.722+0000] {logging_mixin.py:137} INFO - [2024-03-07T11:12:00.722+0000] {dag.py:3441} INFO - Setting next_dagrun for mlops to 2023-03-07T00:00:00+00:00, run_after=2023-03-08T00:00:00+00:00
[2024-03-07T11:12:00.762+0000] {processor.py:175} INFO - Processing /opt/airflow/dags/mlops_workflow_dag.py took 0.120 seconds
[2024-03-07T11:12:30.997+0000] {processor.py:153} INFO - Started process (PID=4975) to work on /opt/airflow/dags/mlops_workflow_dag.py
[2024-03-07T11:12:31.017+0000] {processor.py:743} INFO - Processing file /opt/airflow/dags/mlops_workflow_dag.py for tasks to queue
[2024-03-07T11:12:31.018+0000] {logging_mixin.py:137} INFO - [2024-03-07T11:12:31.018+0000] {dagbag.py:538} INFO - Filling up the DagBag from /opt/airflow/dags/mlops_workflow_dag.py
[2024-03-07T11:12:31.034+0000] {processor.py:753} INFO - DAG(s) dict_keys(['mlops']) retrieved from /opt/airflow/dags/mlops_workflow_dag.py
[2024-03-07T11:12:31.062+0000] {logging_mixin.py:137} INFO - [2024-03-07T11:12:31.062+0000] {dag.py:2690} INFO - Sync 1 DAGs
[2024-03-07T11:12:31.092+0000] {logging_mixin.py:137} INFO - [2024-03-07T11:12:31.092+0000] {dag.py:3441} INFO - Setting next_dagrun for mlops to 2023-03-07T00:00:00+00:00, run_after=2023-03-08T00:00:00+00:00
[2024-03-07T11:12:31.130+0000] {processor.py:175} INFO - Processing /opt/airflow/dags/mlops_workflow_dag.py took 0.141 seconds
[2024-03-07T11:13:01.390+0000] {processor.py:153} INFO - Started process (PID=5051) to work on /opt/airflow/dags/mlops_workflow_dag.py
[2024-03-07T11:13:01.391+0000] {processor.py:743} INFO - Processing file /opt/airflow/dags/mlops_workflow_dag.py for tasks to queue
[2024-03-07T11:13:01.392+0000] {logging_mixin.py:137} INFO - [2024-03-07T11:13:01.392+0000] {dagbag.py:538} INFO - Filling up the DagBag from /opt/airflow/dags/mlops_workflow_dag.py
[2024-03-07T11:13:01.408+0000] {processor.py:753} INFO - DAG(s) dict_keys(['mlops']) retrieved from /opt/airflow/dags/mlops_workflow_dag.py
[2024-03-07T11:13:01.439+0000] {logging_mixin.py:137} INFO - [2024-03-07T11:13:01.439+0000] {dag.py:2690} INFO - Sync 1 DAGs
[2024-03-07T11:13:01.469+0000] {logging_mixin.py:137} INFO - [2024-03-07T11:13:01.469+0000] {dag.py:3441} INFO - Setting next_dagrun for mlops to 2023-03-07T00:00:00+00:00, run_after=2023-03-08T00:00:00+00:00
[2024-03-07T11:13:01.508+0000] {processor.py:175} INFO - Processing /opt/airflow/dags/mlops_workflow_dag.py took 0.121 seconds
[2024-03-07T11:13:31.752+0000] {processor.py:153} INFO - Started process (PID=5115) to work on /opt/airflow/dags/mlops_workflow_dag.py
[2024-03-07T11:13:31.807+0000] {processor.py:743} INFO - Processing file /opt/airflow/dags/mlops_workflow_dag.py for tasks to queue
[2024-03-07T11:13:31.807+0000] {logging_mixin.py:137} INFO - [2024-03-07T11:13:31.807+0000] {dagbag.py:538} INFO - Filling up the DagBag from /opt/airflow/dags/mlops_workflow_dag.py
[2024-03-07T11:13:31.822+0000] {processor.py:753} INFO - DAG(s) dict_keys(['mlops']) retrieved from /opt/airflow/dags/mlops_workflow_dag.py
[2024-03-07T11:13:31.849+0000] {logging_mixin.py:137} INFO - [2024-03-07T11:13:31.849+0000] {dag.py:2690} INFO - Sync 1 DAGs
[2024-03-07T11:13:31.879+0000] {logging_mixin.py:137} INFO - [2024-03-07T11:13:31.879+0000] {dag.py:3441} INFO - Setting next_dagrun for mlops to 2023-03-07T00:00:00+00:00, run_after=2023-03-08T00:00:00+00:00
[2024-03-07T11:13:31.909+0000] {processor.py:175} INFO - Processing /opt/airflow/dags/mlops_workflow_dag.py took 0.165 seconds
[2024-03-07T11:14:02.233+0000] {processor.py:153} INFO - Started process (PID=5187) to work on /opt/airflow/dags/mlops_workflow_dag.py
[2024-03-07T11:14:02.234+0000] {processor.py:743} INFO - Processing file /opt/airflow/dags/mlops_workflow_dag.py for tasks to queue
[2024-03-07T11:14:02.234+0000] {logging_mixin.py:137} INFO - [2024-03-07T11:14:02.234+0000] {dagbag.py:538} INFO - Filling up the DagBag from /opt/airflow/dags/mlops_workflow_dag.py
[2024-03-07T11:14:02.249+0000] {processor.py:753} INFO - DAG(s) dict_keys(['mlops']) retrieved from /opt/airflow/dags/mlops_workflow_dag.py
[2024-03-07T11:14:02.282+0000] {logging_mixin.py:137} INFO - [2024-03-07T11:14:02.281+0000] {dag.py:2690} INFO - Sync 1 DAGs
[2024-03-07T11:14:02.314+0000] {logging_mixin.py:137} INFO - [2024-03-07T11:14:02.313+0000] {dag.py:3441} INFO - Setting next_dagrun for mlops to 2023-03-07T00:00:00+00:00, run_after=2023-03-08T00:00:00+00:00
[2024-03-07T11:14:02.387+0000] {processor.py:175} INFO - Processing /opt/airflow/dags/mlops_workflow_dag.py took 0.158 seconds
[2024-03-07T11:14:32.535+0000] {processor.py:153} INFO - Started process (PID=5255) to work on /opt/airflow/dags/mlops_workflow_dag.py
[2024-03-07T11:14:32.551+0000] {processor.py:743} INFO - Processing file /opt/airflow/dags/mlops_workflow_dag.py for tasks to queue
[2024-03-07T11:14:32.553+0000] {logging_mixin.py:137} INFO - [2024-03-07T11:14:32.553+0000] {dagbag.py:538} INFO - Filling up the DagBag from /opt/airflow/dags/mlops_workflow_dag.py
[2024-03-07T11:14:32.590+0000] {processor.py:753} INFO - DAG(s) dict_keys(['mlops']) retrieved from /opt/airflow/dags/mlops_workflow_dag.py
[2024-03-07T11:14:32.634+0000] {logging_mixin.py:137} INFO - [2024-03-07T11:14:32.633+0000] {dag.py:2690} INFO - Sync 1 DAGs
[2024-03-07T11:14:32.664+0000] {logging_mixin.py:137} INFO - [2024-03-07T11:14:32.664+0000] {dag.py:3441} INFO - Setting next_dagrun for mlops to 2023-03-07T00:00:00+00:00, run_after=2023-03-08T00:00:00+00:00
[2024-03-07T11:14:32.699+0000] {processor.py:175} INFO - Processing /opt/airflow/dags/mlops_workflow_dag.py took 0.168 seconds
[2024-03-07T11:15:03.246+0000] {processor.py:153} INFO - Started process (PID=5320) to work on /opt/airflow/dags/mlops_workflow_dag.py
[2024-03-07T11:15:03.247+0000] {processor.py:743} INFO - Processing file /opt/airflow/dags/mlops_workflow_dag.py for tasks to queue
[2024-03-07T11:15:03.247+0000] {logging_mixin.py:137} INFO - [2024-03-07T11:15:03.247+0000] {dagbag.py:538} INFO - Filling up the DagBag from /opt/airflow/dags/mlops_workflow_dag.py
[2024-03-07T11:15:03.268+0000] {processor.py:753} INFO - DAG(s) dict_keys(['mlops']) retrieved from /opt/airflow/dags/mlops_workflow_dag.py
[2024-03-07T11:15:03.296+0000] {logging_mixin.py:137} INFO - [2024-03-07T11:15:03.296+0000] {dag.py:2690} INFO - Sync 1 DAGs
[2024-03-07T11:15:03.325+0000] {logging_mixin.py:137} INFO - [2024-03-07T11:15:03.325+0000] {dag.py:3441} INFO - Setting next_dagrun for mlops to 2023-03-07T00:00:00+00:00, run_after=2023-03-08T00:00:00+00:00
[2024-03-07T11:15:03.367+0000] {processor.py:175} INFO - Processing /opt/airflow/dags/mlops_workflow_dag.py took 0.124 seconds
[2024-03-07T11:15:33.617+0000] {processor.py:153} INFO - Started process (PID=5396) to work on /opt/airflow/dags/mlops_workflow_dag.py
[2024-03-07T11:15:33.640+0000] {processor.py:743} INFO - Processing file /opt/airflow/dags/mlops_workflow_dag.py for tasks to queue
[2024-03-07T11:15:33.641+0000] {logging_mixin.py:137} INFO - [2024-03-07T11:15:33.641+0000] {dagbag.py:538} INFO - Filling up the DagBag from /opt/airflow/dags/mlops_workflow_dag.py
[2024-03-07T11:15:33.659+0000] {processor.py:753} INFO - DAG(s) dict_keys(['mlops']) retrieved from /opt/airflow/dags/mlops_workflow_dag.py
[2024-03-07T11:15:33.693+0000] {logging_mixin.py:137} INFO - [2024-03-07T11:15:33.693+0000] {dag.py:2690} INFO - Sync 1 DAGs
[2024-03-07T11:15:33.729+0000] {logging_mixin.py:137} INFO - [2024-03-07T11:15:33.729+0000] {dag.py:3441} INFO - Setting next_dagrun for mlops to 2023-03-07T00:00:00+00:00, run_after=2023-03-08T00:00:00+00:00
[2024-03-07T11:15:33.847+0000] {processor.py:175} INFO - Processing /opt/airflow/dags/mlops_workflow_dag.py took 0.236 seconds
[2024-03-07T11:16:04.378+0000] {processor.py:153} INFO - Started process (PID=5461) to work on /opt/airflow/dags/mlops_workflow_dag.py
[2024-03-07T11:16:04.378+0000] {processor.py:743} INFO - Processing file /opt/airflow/dags/mlops_workflow_dag.py for tasks to queue
[2024-03-07T11:16:04.379+0000] {logging_mixin.py:137} INFO - [2024-03-07T11:16:04.379+0000] {dagbag.py:538} INFO - Filling up the DagBag from /opt/airflow/dags/mlops_workflow_dag.py
[2024-03-07T11:16:04.395+0000] {processor.py:753} INFO - DAG(s) dict_keys(['mlops']) retrieved from /opt/airflow/dags/mlops_workflow_dag.py
[2024-03-07T11:16:04.425+0000] {logging_mixin.py:137} INFO - [2024-03-07T11:16:04.425+0000] {dag.py:2690} INFO - Sync 1 DAGs
[2024-03-07T11:16:04.454+0000] {logging_mixin.py:137} INFO - [2024-03-07T11:16:04.454+0000] {dag.py:3441} INFO - Setting next_dagrun for mlops to 2023-03-07T00:00:00+00:00, run_after=2023-03-08T00:00:00+00:00
[2024-03-07T11:16:04.491+0000] {processor.py:175} INFO - Processing /opt/airflow/dags/mlops_workflow_dag.py took 0.119 seconds
[2024-03-07T11:16:34.560+0000] {processor.py:153} INFO - Started process (PID=5534) to work on /opt/airflow/dags/mlops_workflow_dag.py
[2024-03-07T11:16:34.598+0000] {processor.py:743} INFO - Processing file /opt/airflow/dags/mlops_workflow_dag.py for tasks to queue
[2024-03-07T11:16:34.599+0000] {logging_mixin.py:137} INFO - [2024-03-07T11:16:34.599+0000] {dagbag.py:538} INFO - Filling up the DagBag from /opt/airflow/dags/mlops_workflow_dag.py
[2024-03-07T11:16:34.615+0000] {processor.py:753} INFO - DAG(s) dict_keys(['mlops']) retrieved from /opt/airflow/dags/mlops_workflow_dag.py
[2024-03-07T11:16:34.660+0000] {logging_mixin.py:137} INFO - [2024-03-07T11:16:34.660+0000] {dag.py:2690} INFO - Sync 1 DAGs
[2024-03-07T11:16:34.726+0000] {logging_mixin.py:137} INFO - [2024-03-07T11:16:34.726+0000] {dag.py:3441} INFO - Setting next_dagrun for mlops to 2023-03-07T00:00:00+00:00, run_after=2023-03-08T00:00:00+00:00
[2024-03-07T11:16:34.789+0000] {processor.py:175} INFO - Processing /opt/airflow/dags/mlops_workflow_dag.py took 0.232 seconds
[2024-03-07T11:17:05.120+0000] {processor.py:153} INFO - Started process (PID=5601) to work on /opt/airflow/dags/mlops_workflow_dag.py
[2024-03-07T11:17:05.121+0000] {processor.py:743} INFO - Processing file /opt/airflow/dags/mlops_workflow_dag.py for tasks to queue
[2024-03-07T11:17:05.122+0000] {logging_mixin.py:137} INFO - [2024-03-07T11:17:05.122+0000] {dagbag.py:538} INFO - Filling up the DagBag from /opt/airflow/dags/mlops_workflow_dag.py
[2024-03-07T11:17:05.143+0000] {processor.py:753} INFO - DAG(s) dict_keys(['mlops']) retrieved from /opt/airflow/dags/mlops_workflow_dag.py
[2024-03-07T11:17:05.174+0000] {logging_mixin.py:137} INFO - [2024-03-07T11:17:05.174+0000] {dag.py:2690} INFO - Sync 1 DAGs
[2024-03-07T11:17:05.204+0000] {logging_mixin.py:137} INFO - [2024-03-07T11:17:05.204+0000] {dag.py:3441} INFO - Setting next_dagrun for mlops to 2023-03-07T00:00:00+00:00, run_after=2023-03-08T00:00:00+00:00
[2024-03-07T11:17:05.240+0000] {processor.py:175} INFO - Processing /opt/airflow/dags/mlops_workflow_dag.py took 0.128 seconds
[2024-03-07T11:17:35.441+0000] {processor.py:153} INFO - Started process (PID=5665) to work on /opt/airflow/dags/mlops_workflow_dag.py
[2024-03-07T11:17:35.455+0000] {processor.py:743} INFO - Processing file /opt/airflow/dags/mlops_workflow_dag.py for tasks to queue
[2024-03-07T11:17:35.456+0000] {logging_mixin.py:137} INFO - [2024-03-07T11:17:35.456+0000] {dagbag.py:538} INFO - Filling up the DagBag from /opt/airflow/dags/mlops_workflow_dag.py
[2024-03-07T11:17:35.488+0000] {processor.py:753} INFO - DAG(s) dict_keys(['mlops']) retrieved from /opt/airflow/dags/mlops_workflow_dag.py
[2024-03-07T11:17:35.540+0000] {logging_mixin.py:137} INFO - [2024-03-07T11:17:35.540+0000] {dag.py:2690} INFO - Sync 1 DAGs
[2024-03-07T11:17:35.600+0000] {logging_mixin.py:137} INFO - [2024-03-07T11:17:35.599+0000] {dag.py:3441} INFO - Setting next_dagrun for mlops to 2023-03-07T00:00:00+00:00, run_after=2023-03-08T00:00:00+00:00
[2024-03-07T11:17:35.640+0000] {processor.py:175} INFO - Processing /opt/airflow/dags/mlops_workflow_dag.py took 0.210 seconds
[2024-03-07T11:18:06.318+0000] {processor.py:153} INFO - Started process (PID=5739) to work on /opt/airflow/dags/mlops_workflow_dag.py
[2024-03-07T11:18:06.318+0000] {processor.py:743} INFO - Processing file /opt/airflow/dags/mlops_workflow_dag.py for tasks to queue
[2024-03-07T11:18:06.319+0000] {logging_mixin.py:137} INFO - [2024-03-07T11:18:06.319+0000] {dagbag.py:538} INFO - Filling up the DagBag from /opt/airflow/dags/mlops_workflow_dag.py
[2024-03-07T11:18:06.335+0000] {processor.py:753} INFO - DAG(s) dict_keys(['mlops']) retrieved from /opt/airflow/dags/mlops_workflow_dag.py
[2024-03-07T11:18:06.364+0000] {logging_mixin.py:137} INFO - [2024-03-07T11:18:06.364+0000] {dag.py:2690} INFO - Sync 1 DAGs
[2024-03-07T11:18:06.395+0000] {logging_mixin.py:137} INFO - [2024-03-07T11:18:06.395+0000] {dag.py:3441} INFO - Setting next_dagrun for mlops to 2023-03-07T00:00:00+00:00, run_after=2023-03-08T00:00:00+00:00
[2024-03-07T11:18:06.440+0000] {processor.py:175} INFO - Processing /opt/airflow/dags/mlops_workflow_dag.py took 0.126 seconds
[2024-03-07T11:18:36.747+0000] {processor.py:153} INFO - Started process (PID=5804) to work on /opt/airflow/dags/mlops_workflow_dag.py
[2024-03-07T11:18:36.896+0000] {processor.py:743} INFO - Processing file /opt/airflow/dags/mlops_workflow_dag.py for tasks to queue
[2024-03-07T11:18:36.898+0000] {logging_mixin.py:137} INFO - [2024-03-07T11:18:36.897+0000] {dagbag.py:538} INFO - Filling up the DagBag from /opt/airflow/dags/mlops_workflow_dag.py
[2024-03-07T11:18:36.914+0000] {processor.py:753} INFO - DAG(s) dict_keys(['mlops']) retrieved from /opt/airflow/dags/mlops_workflow_dag.py
[2024-03-07T11:18:36.945+0000] {logging_mixin.py:137} INFO - [2024-03-07T11:18:36.945+0000] {dag.py:2690} INFO - Sync 1 DAGs
[2024-03-07T11:18:36.985+0000] {logging_mixin.py:137} INFO - [2024-03-07T11:18:36.985+0000] {dag.py:3441} INFO - Setting next_dagrun for mlops to 2023-03-07T00:00:00+00:00, run_after=2023-03-08T00:00:00+00:00
[2024-03-07T11:18:37.065+0000] {processor.py:175} INFO - Processing /opt/airflow/dags/mlops_workflow_dag.py took 0.322 seconds
[2024-03-07T11:19:07.329+0000] {processor.py:153} INFO - Started process (PID=5869) to work on /opt/airflow/dags/mlops_workflow_dag.py
[2024-03-07T11:19:07.341+0000] {processor.py:743} INFO - Processing file /opt/airflow/dags/mlops_workflow_dag.py for tasks to queue
[2024-03-07T11:19:07.343+0000] {logging_mixin.py:137} INFO - [2024-03-07T11:19:07.342+0000] {dagbag.py:538} INFO - Filling up the DagBag from /opt/airflow/dags/mlops_workflow_dag.py
[2024-03-07T11:19:07.365+0000] {processor.py:753} INFO - DAG(s) dict_keys(['mlops']) retrieved from /opt/airflow/dags/mlops_workflow_dag.py
[2024-03-07T11:19:07.402+0000] {logging_mixin.py:137} INFO - [2024-03-07T11:19:07.402+0000] {dag.py:2690} INFO - Sync 1 DAGs
[2024-03-07T11:19:07.442+0000] {logging_mixin.py:137} INFO - [2024-03-07T11:19:07.441+0000] {dag.py:3441} INFO - Setting next_dagrun for mlops to 2023-03-07T00:00:00+00:00, run_after=2023-03-08T00:00:00+00:00
[2024-03-07T11:19:07.482+0000] {processor.py:175} INFO - Processing /opt/airflow/dags/mlops_workflow_dag.py took 0.158 seconds
[2024-03-07T11:19:37.946+0000] {processor.py:153} INFO - Started process (PID=5941) to work on /opt/airflow/dags/mlops_workflow_dag.py
[2024-03-07T11:19:37.947+0000] {processor.py:743} INFO - Processing file /opt/airflow/dags/mlops_workflow_dag.py for tasks to queue
[2024-03-07T11:19:37.948+0000] {logging_mixin.py:137} INFO - [2024-03-07T11:19:37.947+0000] {dagbag.py:538} INFO - Filling up the DagBag from /opt/airflow/dags/mlops_workflow_dag.py
[2024-03-07T11:19:37.967+0000] {processor.py:753} INFO - DAG(s) dict_keys(['mlops']) retrieved from /opt/airflow/dags/mlops_workflow_dag.py
[2024-03-07T11:19:38.006+0000] {logging_mixin.py:137} INFO - [2024-03-07T11:19:38.006+0000] {dag.py:2690} INFO - Sync 1 DAGs
[2024-03-07T11:19:38.073+0000] {logging_mixin.py:137} INFO - [2024-03-07T11:19:38.073+0000] {dag.py:3441} INFO - Setting next_dagrun for mlops to 2023-03-07T00:00:00+00:00, run_after=2023-03-08T00:00:00+00:00
[2024-03-07T11:19:38.141+0000] {processor.py:175} INFO - Processing /opt/airflow/dags/mlops_workflow_dag.py took 0.200 seconds
[2024-03-07T11:20:08.590+0000] {processor.py:153} INFO - Started process (PID=6010) to work on /opt/airflow/dags/mlops_workflow_dag.py
[2024-03-07T11:20:08.625+0000] {processor.py:743} INFO - Processing file /opt/airflow/dags/mlops_workflow_dag.py for tasks to queue
[2024-03-07T11:20:08.626+0000] {logging_mixin.py:137} INFO - [2024-03-07T11:20:08.626+0000] {dagbag.py:538} INFO - Filling up the DagBag from /opt/airflow/dags/mlops_workflow_dag.py
[2024-03-07T11:20:08.646+0000] {processor.py:753} INFO - DAG(s) dict_keys(['mlops']) retrieved from /opt/airflow/dags/mlops_workflow_dag.py
[2024-03-07T11:20:08.706+0000] {logging_mixin.py:137} INFO - [2024-03-07T11:20:08.706+0000] {dag.py:2690} INFO - Sync 1 DAGs
[2024-03-07T11:20:08.740+0000] {logging_mixin.py:137} INFO - [2024-03-07T11:20:08.740+0000] {dag.py:3441} INFO - Setting next_dagrun for mlops to 2023-03-07T00:00:00+00:00, run_after=2023-03-08T00:00:00+00:00
[2024-03-07T11:20:08.777+0000] {processor.py:175} INFO - Processing /opt/airflow/dags/mlops_workflow_dag.py took 0.192 seconds
[2024-03-07T11:20:38.938+0000] {processor.py:153} INFO - Started process (PID=6076) to work on /opt/airflow/dags/mlops_workflow_dag.py
[2024-03-07T11:20:38.939+0000] {processor.py:743} INFO - Processing file /opt/airflow/dags/mlops_workflow_dag.py for tasks to queue
[2024-03-07T11:20:38.939+0000] {logging_mixin.py:137} INFO - [2024-03-07T11:20:38.939+0000] {dagbag.py:538} INFO - Filling up the DagBag from /opt/airflow/dags/mlops_workflow_dag.py
[2024-03-07T11:20:38.955+0000] {processor.py:753} INFO - DAG(s) dict_keys(['mlops']) retrieved from /opt/airflow/dags/mlops_workflow_dag.py
[2024-03-07T11:20:38.985+0000] {logging_mixin.py:137} INFO - [2024-03-07T11:20:38.984+0000] {dag.py:2690} INFO - Sync 1 DAGs
[2024-03-07T11:20:39.014+0000] {logging_mixin.py:137} INFO - [2024-03-07T11:20:39.014+0000] {dag.py:3441} INFO - Setting next_dagrun for mlops to 2023-03-07T00:00:00+00:00, run_after=2023-03-08T00:00:00+00:00
[2024-03-07T11:20:39.104+0000] {processor.py:175} INFO - Processing /opt/airflow/dags/mlops_workflow_dag.py took 0.171 seconds
[2024-03-07T11:21:09.302+0000] {processor.py:153} INFO - Started process (PID=6150) to work on /opt/airflow/dags/mlops_workflow_dag.py
[2024-03-07T11:21:09.303+0000] {processor.py:743} INFO - Processing file /opt/airflow/dags/mlops_workflow_dag.py for tasks to queue
[2024-03-07T11:21:09.304+0000] {logging_mixin.py:137} INFO - [2024-03-07T11:21:09.304+0000] {dagbag.py:538} INFO - Filling up the DagBag from /opt/airflow/dags/mlops_workflow_dag.py
[2024-03-07T11:21:09.319+0000] {processor.py:753} INFO - DAG(s) dict_keys(['mlops']) retrieved from /opt/airflow/dags/mlops_workflow_dag.py
[2024-03-07T11:21:09.346+0000] {logging_mixin.py:137} INFO - [2024-03-07T11:21:09.345+0000] {dag.py:2690} INFO - Sync 1 DAGs
[2024-03-07T11:21:09.376+0000] {logging_mixin.py:137} INFO - [2024-03-07T11:21:09.376+0000] {dag.py:3441} INFO - Setting next_dagrun for mlops to 2023-03-07T00:00:00+00:00, run_after=2023-03-08T00:00:00+00:00
[2024-03-07T11:21:09.447+0000] {processor.py:175} INFO - Processing /opt/airflow/dags/mlops_workflow_dag.py took 0.148 seconds
[2024-03-07T11:21:40.222+0000] {processor.py:153} INFO - Started process (PID=6218) to work on /opt/airflow/dags/mlops_workflow_dag.py
[2024-03-07T11:21:40.242+0000] {processor.py:743} INFO - Processing file /opt/airflow/dags/mlops_workflow_dag.py for tasks to queue
[2024-03-07T11:21:40.243+0000] {logging_mixin.py:137} INFO - [2024-03-07T11:21:40.243+0000] {dagbag.py:538} INFO - Filling up the DagBag from /opt/airflow/dags/mlops_workflow_dag.py
[2024-03-07T11:21:40.259+0000] {processor.py:753} INFO - DAG(s) dict_keys(['mlops']) retrieved from /opt/airflow/dags/mlops_workflow_dag.py
[2024-03-07T11:21:40.288+0000] {logging_mixin.py:137} INFO - [2024-03-07T11:21:40.288+0000] {dag.py:2690} INFO - Sync 1 DAGs
[2024-03-07T11:21:40.319+0000] {logging_mixin.py:137} INFO - [2024-03-07T11:21:40.319+0000] {dag.py:3441} INFO - Setting next_dagrun for mlops to 2023-03-07T00:00:00+00:00, run_after=2023-03-08T00:00:00+00:00
[2024-03-07T11:21:40.358+0000] {processor.py:175} INFO - Processing /opt/airflow/dags/mlops_workflow_dag.py took 0.143 seconds
[2024-03-07T11:22:10.711+0000] {processor.py:153} INFO - Started process (PID=6283) to work on /opt/airflow/dags/mlops_workflow_dag.py
[2024-03-07T11:22:10.712+0000] {processor.py:743} INFO - Processing file /opt/airflow/dags/mlops_workflow_dag.py for tasks to queue
[2024-03-07T11:22:10.712+0000] {logging_mixin.py:137} INFO - [2024-03-07T11:22:10.712+0000] {dagbag.py:538} INFO - Filling up the DagBag from /opt/airflow/dags/mlops_workflow_dag.py
[2024-03-07T11:22:10.728+0000] {processor.py:753} INFO - DAG(s) dict_keys(['mlops']) retrieved from /opt/airflow/dags/mlops_workflow_dag.py
[2024-03-07T11:22:10.757+0000] {logging_mixin.py:137} INFO - [2024-03-07T11:22:10.756+0000] {dag.py:2690} INFO - Sync 1 DAGs
[2024-03-07T11:22:10.786+0000] {logging_mixin.py:137} INFO - [2024-03-07T11:22:10.786+0000] {dag.py:3441} INFO - Setting next_dagrun for mlops to 2023-03-07T00:00:00+00:00, run_after=2023-03-08T00:00:00+00:00
[2024-03-07T11:22:10.815+0000] {processor.py:175} INFO - Processing /opt/airflow/dags/mlops_workflow_dag.py took 0.108 seconds
[2024-03-07T11:22:41.307+0000] {processor.py:153} INFO - Started process (PID=6359) to work on /opt/airflow/dags/mlops_workflow_dag.py
[2024-03-07T11:22:41.365+0000] {processor.py:743} INFO - Processing file /opt/airflow/dags/mlops_workflow_dag.py for tasks to queue
[2024-03-07T11:22:41.366+0000] {logging_mixin.py:137} INFO - [2024-03-07T11:22:41.366+0000] {dagbag.py:538} INFO - Filling up the DagBag from /opt/airflow/dags/mlops_workflow_dag.py
[2024-03-07T11:22:41.393+0000] {processor.py:753} INFO - DAG(s) dict_keys(['mlops']) retrieved from /opt/airflow/dags/mlops_workflow_dag.py
[2024-03-07T11:22:41.424+0000] {logging_mixin.py:137} INFO - [2024-03-07T11:22:41.424+0000] {dag.py:2690} INFO - Sync 1 DAGs
[2024-03-07T11:22:41.457+0000] {logging_mixin.py:137} INFO - [2024-03-07T11:22:41.456+0000] {dag.py:3441} INFO - Setting next_dagrun for mlops to 2023-03-07T00:00:00+00:00, run_after=2023-03-08T00:00:00+00:00
[2024-03-07T11:22:41.488+0000] {processor.py:175} INFO - Processing /opt/airflow/dags/mlops_workflow_dag.py took 0.185 seconds
[2024-03-07T11:23:11.681+0000] {processor.py:153} INFO - Started process (PID=6425) to work on /opt/airflow/dags/mlops_workflow_dag.py
[2024-03-07T11:23:11.682+0000] {processor.py:743} INFO - Processing file /opt/airflow/dags/mlops_workflow_dag.py for tasks to queue
[2024-03-07T11:23:11.683+0000] {logging_mixin.py:137} INFO - [2024-03-07T11:23:11.683+0000] {dagbag.py:538} INFO - Filling up the DagBag from /opt/airflow/dags/mlops_workflow_dag.py
[2024-03-07T11:23:11.698+0000] {processor.py:753} INFO - DAG(s) dict_keys(['mlops']) retrieved from /opt/airflow/dags/mlops_workflow_dag.py
[2024-03-07T11:23:11.726+0000] {logging_mixin.py:137} INFO - [2024-03-07T11:23:11.726+0000] {dag.py:2690} INFO - Sync 1 DAGs
[2024-03-07T11:23:11.755+0000] {logging_mixin.py:137} INFO - [2024-03-07T11:23:11.755+0000] {dag.py:3441} INFO - Setting next_dagrun for mlops to 2023-03-07T00:00:00+00:00, run_after=2023-03-08T00:00:00+00:00
[2024-03-07T11:23:11.794+0000] {processor.py:175} INFO - Processing /opt/airflow/dags/mlops_workflow_dag.py took 0.117 seconds
[2024-03-07T11:23:42.291+0000] {processor.py:153} INFO - Started process (PID=6491) to work on /opt/airflow/dags/mlops_workflow_dag.py
[2024-03-07T11:23:42.353+0000] {processor.py:743} INFO - Processing file /opt/airflow/dags/mlops_workflow_dag.py for tasks to queue
[2024-03-07T11:23:42.353+0000] {logging_mixin.py:137} INFO - [2024-03-07T11:23:42.353+0000] {dagbag.py:538} INFO - Filling up the DagBag from /opt/airflow/dags/mlops_workflow_dag.py
[2024-03-07T11:23:42.369+0000] {processor.py:753} INFO - DAG(s) dict_keys(['mlops']) retrieved from /opt/airflow/dags/mlops_workflow_dag.py
[2024-03-07T11:23:42.401+0000] {logging_mixin.py:137} INFO - [2024-03-07T11:23:42.401+0000] {dag.py:2690} INFO - Sync 1 DAGs
[2024-03-07T11:23:42.431+0000] {logging_mixin.py:137} INFO - [2024-03-07T11:23:42.431+0000] {dag.py:3441} INFO - Setting next_dagrun for mlops to 2023-03-07T00:00:00+00:00, run_after=2023-03-08T00:00:00+00:00
[2024-03-07T11:23:42.462+0000] {processor.py:175} INFO - Processing /opt/airflow/dags/mlops_workflow_dag.py took 0.175 seconds
[2024-03-07T11:24:12.719+0000] {processor.py:153} INFO - Started process (PID=6569) to work on /opt/airflow/dags/mlops_workflow_dag.py
[2024-03-07T11:24:12.720+0000] {processor.py:743} INFO - Processing file /opt/airflow/dags/mlops_workflow_dag.py for tasks to queue
[2024-03-07T11:24:12.720+0000] {logging_mixin.py:137} INFO - [2024-03-07T11:24:12.720+0000] {dagbag.py:538} INFO - Filling up the DagBag from /opt/airflow/dags/mlops_workflow_dag.py
[2024-03-07T11:24:12.736+0000] {processor.py:753} INFO - DAG(s) dict_keys(['mlops']) retrieved from /opt/airflow/dags/mlops_workflow_dag.py
[2024-03-07T11:24:12.764+0000] {logging_mixin.py:137} INFO - [2024-03-07T11:24:12.764+0000] {dag.py:2690} INFO - Sync 1 DAGs
[2024-03-07T11:24:12.794+0000] {logging_mixin.py:137} INFO - [2024-03-07T11:24:12.793+0000] {dag.py:3441} INFO - Setting next_dagrun for mlops to 2023-03-07T00:00:00+00:00, run_after=2023-03-08T00:00:00+00:00
[2024-03-07T11:24:12.829+0000] {processor.py:175} INFO - Processing /opt/airflow/dags/mlops_workflow_dag.py took 0.113 seconds
[2024-03-07T11:24:43.044+0000] {processor.py:153} INFO - Started process (PID=6634) to work on /opt/airflow/dags/mlops_workflow_dag.py
[2024-03-07T11:24:43.054+0000] {processor.py:743} INFO - Processing file /opt/airflow/dags/mlops_workflow_dag.py for tasks to queue
[2024-03-07T11:24:43.054+0000] {logging_mixin.py:137} INFO - [2024-03-07T11:24:43.054+0000] {dagbag.py:538} INFO - Filling up the DagBag from /opt/airflow/dags/mlops_workflow_dag.py
[2024-03-07T11:24:43.070+0000] {processor.py:753} INFO - DAG(s) dict_keys(['mlops']) retrieved from /opt/airflow/dags/mlops_workflow_dag.py
[2024-03-07T11:24:43.098+0000] {logging_mixin.py:137} INFO - [2024-03-07T11:24:43.098+0000] {dag.py:2690} INFO - Sync 1 DAGs
[2024-03-07T11:24:43.128+0000] {logging_mixin.py:137} INFO - [2024-03-07T11:24:43.128+0000] {dag.py:3441} INFO - Setting next_dagrun for mlops to 2023-03-07T00:00:00+00:00, run_after=2023-03-08T00:00:00+00:00
[2024-03-07T11:24:43.163+0000] {processor.py:175} INFO - Processing /opt/airflow/dags/mlops_workflow_dag.py took 0.123 seconds
[2024-03-07T11:25:13.622+0000] {processor.py:153} INFO - Started process (PID=6711) to work on /opt/airflow/dags/mlops_workflow_dag.py
[2024-03-07T11:25:13.622+0000] {processor.py:743} INFO - Processing file /opt/airflow/dags/mlops_workflow_dag.py for tasks to queue
[2024-03-07T11:25:13.623+0000] {logging_mixin.py:137} INFO - [2024-03-07T11:25:13.623+0000] {dagbag.py:538} INFO - Filling up the DagBag from /opt/airflow/dags/mlops_workflow_dag.py
[2024-03-07T11:25:13.639+0000] {processor.py:753} INFO - DAG(s) dict_keys(['mlops']) retrieved from /opt/airflow/dags/mlops_workflow_dag.py
[2024-03-07T11:25:13.669+0000] {logging_mixin.py:137} INFO - [2024-03-07T11:25:13.669+0000] {dag.py:2690} INFO - Sync 1 DAGs
[2024-03-07T11:25:13.700+0000] {logging_mixin.py:137} INFO - [2024-03-07T11:25:13.699+0000] {dag.py:3441} INFO - Setting next_dagrun for mlops to 2023-03-07T00:00:00+00:00, run_after=2023-03-08T00:00:00+00:00
[2024-03-07T11:25:13.731+0000] {processor.py:175} INFO - Processing /opt/airflow/dags/mlops_workflow_dag.py took 0.114 seconds
[2024-03-07T11:25:43.879+0000] {processor.py:153} INFO - Started process (PID=6776) to work on /opt/airflow/dags/mlops_workflow_dag.py
[2024-03-07T11:25:43.896+0000] {processor.py:743} INFO - Processing file /opt/airflow/dags/mlops_workflow_dag.py for tasks to queue
[2024-03-07T11:25:43.897+0000] {logging_mixin.py:137} INFO - [2024-03-07T11:25:43.896+0000] {dagbag.py:538} INFO - Filling up the DagBag from /opt/airflow/dags/mlops_workflow_dag.py
[2024-03-07T11:25:43.914+0000] {processor.py:753} INFO - DAG(s) dict_keys(['mlops']) retrieved from /opt/airflow/dags/mlops_workflow_dag.py
[2024-03-07T11:25:43.944+0000] {logging_mixin.py:137} INFO - [2024-03-07T11:25:43.944+0000] {dag.py:2690} INFO - Sync 1 DAGs
[2024-03-07T11:25:43.973+0000] {logging_mixin.py:137} INFO - [2024-03-07T11:25:43.973+0000] {dag.py:3441} INFO - Setting next_dagrun for mlops to 2023-03-07T00:00:00+00:00, run_after=2023-03-08T00:00:00+00:00
[2024-03-07T11:25:44.009+0000] {processor.py:175} INFO - Processing /opt/airflow/dags/mlops_workflow_dag.py took 0.134 seconds
[2024-03-07T11:26:14.252+0000] {processor.py:153} INFO - Started process (PID=6839) to work on /opt/airflow/dags/mlops_workflow_dag.py
[2024-03-07T11:26:14.253+0000] {processor.py:743} INFO - Processing file /opt/airflow/dags/mlops_workflow_dag.py for tasks to queue
[2024-03-07T11:26:14.254+0000] {logging_mixin.py:137} INFO - [2024-03-07T11:26:14.254+0000] {dagbag.py:538} INFO - Filling up the DagBag from /opt/airflow/dags/mlops_workflow_dag.py
[2024-03-07T11:26:14.270+0000] {processor.py:753} INFO - DAG(s) dict_keys(['mlops']) retrieved from /opt/airflow/dags/mlops_workflow_dag.py
[2024-03-07T11:26:14.298+0000] {logging_mixin.py:137} INFO - [2024-03-07T11:26:14.297+0000] {dag.py:2690} INFO - Sync 1 DAGs
[2024-03-07T11:26:14.328+0000] {logging_mixin.py:137} INFO - [2024-03-07T11:26:14.327+0000] {dag.py:3441} INFO - Setting next_dagrun for mlops to 2023-03-07T00:00:00+00:00, run_after=2023-03-08T00:00:00+00:00
[2024-03-07T11:26:14.366+0000] {processor.py:175} INFO - Processing /opt/airflow/dags/mlops_workflow_dag.py took 0.118 seconds
[2024-03-07T11:26:44.609+0000] {processor.py:153} INFO - Started process (PID=6916) to work on /opt/airflow/dags/mlops_workflow_dag.py
[2024-03-07T11:26:44.610+0000] {processor.py:743} INFO - Processing file /opt/airflow/dags/mlops_workflow_dag.py for tasks to queue
[2024-03-07T11:26:44.611+0000] {logging_mixin.py:137} INFO - [2024-03-07T11:26:44.610+0000] {dagbag.py:538} INFO - Filling up the DagBag from /opt/airflow/dags/mlops_workflow_dag.py
[2024-03-07T11:26:44.629+0000] {processor.py:753} INFO - DAG(s) dict_keys(['mlops']) retrieved from /opt/airflow/dags/mlops_workflow_dag.py
[2024-03-07T11:26:44.660+0000] {logging_mixin.py:137} INFO - [2024-03-07T11:26:44.660+0000] {dag.py:2690} INFO - Sync 1 DAGs
[2024-03-07T11:26:44.694+0000] {logging_mixin.py:137} INFO - [2024-03-07T11:26:44.694+0000] {dag.py:3441} INFO - Setting next_dagrun for mlops to 2023-03-07T00:00:00+00:00, run_after=2023-03-08T00:00:00+00:00
[2024-03-07T11:26:44.725+0000] {processor.py:175} INFO - Processing /opt/airflow/dags/mlops_workflow_dag.py took 0.121 seconds
[2024-03-07T11:27:14.981+0000] {processor.py:153} INFO - Started process (PID=6980) to work on /opt/airflow/dags/mlops_workflow_dag.py
[2024-03-07T11:27:14.997+0000] {processor.py:743} INFO - Processing file /opt/airflow/dags/mlops_workflow_dag.py for tasks to queue
[2024-03-07T11:27:14.998+0000] {logging_mixin.py:137} INFO - [2024-03-07T11:27:14.998+0000] {dagbag.py:538} INFO - Filling up the DagBag from /opt/airflow/dags/mlops_workflow_dag.py
[2024-03-07T11:27:15.014+0000] {processor.py:753} INFO - DAG(s) dict_keys(['mlops']) retrieved from /opt/airflow/dags/mlops_workflow_dag.py
[2024-03-07T11:27:15.041+0000] {logging_mixin.py:137} INFO - [2024-03-07T11:27:15.041+0000] {dag.py:2690} INFO - Sync 1 DAGs
[2024-03-07T11:27:15.070+0000] {logging_mixin.py:137} INFO - [2024-03-07T11:27:15.070+0000] {dag.py:3441} INFO - Setting next_dagrun for mlops to 2023-03-07T00:00:00+00:00, run_after=2023-03-08T00:00:00+00:00
[2024-03-07T11:27:15.101+0000] {processor.py:175} INFO - Processing /opt/airflow/dags/mlops_workflow_dag.py took 0.124 seconds
[2024-03-07T11:27:45.617+0000] {processor.py:153} INFO - Started process (PID=7052) to work on /opt/airflow/dags/mlops_workflow_dag.py
[2024-03-07T11:27:45.618+0000] {processor.py:743} INFO - Processing file /opt/airflow/dags/mlops_workflow_dag.py for tasks to queue
[2024-03-07T11:27:45.618+0000] {logging_mixin.py:137} INFO - [2024-03-07T11:27:45.618+0000] {dagbag.py:538} INFO - Filling up the DagBag from /opt/airflow/dags/mlops_workflow_dag.py
[2024-03-07T11:27:45.635+0000] {processor.py:753} INFO - DAG(s) dict_keys(['mlops']) retrieved from /opt/airflow/dags/mlops_workflow_dag.py
[2024-03-07T11:27:45.663+0000] {logging_mixin.py:137} INFO - [2024-03-07T11:27:45.663+0000] {dag.py:2690} INFO - Sync 1 DAGs
[2024-03-07T11:27:45.694+0000] {logging_mixin.py:137} INFO - [2024-03-07T11:27:45.694+0000] {dag.py:3441} INFO - Setting next_dagrun for mlops to 2023-03-07T00:00:00+00:00, run_after=2023-03-08T00:00:00+00:00
[2024-03-07T11:27:45.725+0000] {processor.py:175} INFO - Processing /opt/airflow/dags/mlops_workflow_dag.py took 0.112 seconds
[2024-03-07T11:28:16.086+0000] {processor.py:153} INFO - Started process (PID=7123) to work on /opt/airflow/dags/mlops_workflow_dag.py
[2024-03-07T11:28:16.143+0000] {processor.py:743} INFO - Processing file /opt/airflow/dags/mlops_workflow_dag.py for tasks to queue
[2024-03-07T11:28:16.144+0000] {logging_mixin.py:137} INFO - [2024-03-07T11:28:16.143+0000] {dagbag.py:538} INFO - Filling up the DagBag from /opt/airflow/dags/mlops_workflow_dag.py
[2024-03-07T11:28:16.159+0000] {processor.py:753} INFO - DAG(s) dict_keys(['mlops']) retrieved from /opt/airflow/dags/mlops_workflow_dag.py
[2024-03-07T11:28:16.186+0000] {logging_mixin.py:137} INFO - [2024-03-07T11:28:16.186+0000] {dag.py:2690} INFO - Sync 1 DAGs
[2024-03-07T11:28:16.216+0000] {logging_mixin.py:137} INFO - [2024-03-07T11:28:16.216+0000] {dag.py:3441} INFO - Setting next_dagrun for mlops to 2023-03-07T00:00:00+00:00, run_after=2023-03-08T00:00:00+00:00
[2024-03-07T11:28:16.275+0000] {processor.py:175} INFO - Processing /opt/airflow/dags/mlops_workflow_dag.py took 0.193 seconds
[2024-03-07T11:28:46.593+0000] {processor.py:153} INFO - Started process (PID=7190) to work on /opt/airflow/dags/mlops_workflow_dag.py
[2024-03-07T11:28:46.594+0000] {processor.py:743} INFO - Processing file /opt/airflow/dags/mlops_workflow_dag.py for tasks to queue
[2024-03-07T11:28:46.595+0000] {logging_mixin.py:137} INFO - [2024-03-07T11:28:46.594+0000] {dagbag.py:538} INFO - Filling up the DagBag from /opt/airflow/dags/mlops_workflow_dag.py
[2024-03-07T11:28:46.610+0000] {processor.py:753} INFO - DAG(s) dict_keys(['mlops']) retrieved from /opt/airflow/dags/mlops_workflow_dag.py
[2024-03-07T11:28:46.638+0000] {logging_mixin.py:137} INFO - [2024-03-07T11:28:46.637+0000] {dag.py:2690} INFO - Sync 1 DAGs
[2024-03-07T11:28:46.667+0000] {logging_mixin.py:137} INFO - [2024-03-07T11:28:46.667+0000] {dag.py:3441} INFO - Setting next_dagrun for mlops to 2023-03-07T00:00:00+00:00, run_after=2023-03-08T00:00:00+00:00
[2024-03-07T11:28:46.704+0000] {processor.py:175} INFO - Processing /opt/airflow/dags/mlops_workflow_dag.py took 0.114 seconds
[2024-03-07T11:29:16.916+0000] {processor.py:153} INFO - Started process (PID=7267) to work on /opt/airflow/dags/mlops_workflow_dag.py
[2024-03-07T11:29:16.955+0000] {processor.py:743} INFO - Processing file /opt/airflow/dags/mlops_workflow_dag.py for tasks to queue
[2024-03-07T11:29:16.956+0000] {logging_mixin.py:137} INFO - [2024-03-07T11:29:16.956+0000] {dagbag.py:538} INFO - Filling up the DagBag from /opt/airflow/dags/mlops_workflow_dag.py
[2024-03-07T11:29:16.973+0000] {processor.py:753} INFO - DAG(s) dict_keys(['mlops']) retrieved from /opt/airflow/dags/mlops_workflow_dag.py
[2024-03-07T11:29:17.004+0000] {logging_mixin.py:137} INFO - [2024-03-07T11:29:17.004+0000] {dag.py:2690} INFO - Sync 1 DAGs
[2024-03-07T11:29:17.038+0000] {logging_mixin.py:137} INFO - [2024-03-07T11:29:17.038+0000] {dag.py:3441} INFO - Setting next_dagrun for mlops to 2023-03-07T00:00:00+00:00, run_after=2023-03-08T00:00:00+00:00
[2024-03-07T11:29:17.071+0000] {processor.py:175} INFO - Processing /opt/airflow/dags/mlops_workflow_dag.py took 0.159 seconds
[2024-03-07T11:29:47.289+0000] {processor.py:153} INFO - Started process (PID=7331) to work on /opt/airflow/dags/mlops_workflow_dag.py
[2024-03-07T11:29:47.290+0000] {processor.py:743} INFO - Processing file /opt/airflow/dags/mlops_workflow_dag.py for tasks to queue
[2024-03-07T11:29:47.290+0000] {logging_mixin.py:137} INFO - [2024-03-07T11:29:47.290+0000] {dagbag.py:538} INFO - Filling up the DagBag from /opt/airflow/dags/mlops_workflow_dag.py
[2024-03-07T11:29:47.306+0000] {processor.py:753} INFO - DAG(s) dict_keys(['mlops']) retrieved from /opt/airflow/dags/mlops_workflow_dag.py
[2024-03-07T11:29:47.333+0000] {logging_mixin.py:137} INFO - [2024-03-07T11:29:47.333+0000] {dag.py:2690} INFO - Sync 1 DAGs
[2024-03-07T11:29:47.362+0000] {logging_mixin.py:137} INFO - [2024-03-07T11:29:47.362+0000] {dag.py:3441} INFO - Setting next_dagrun for mlops to 2023-03-07T00:00:00+00:00, run_after=2023-03-08T00:00:00+00:00
[2024-03-07T11:29:47.394+0000] {processor.py:175} INFO - Processing /opt/airflow/dags/mlops_workflow_dag.py took 0.109 seconds
[2024-03-07T11:30:17.656+0000] {processor.py:153} INFO - Started process (PID=7405) to work on /opt/airflow/dags/mlops_workflow_dag.py
[2024-03-07T11:30:17.690+0000] {processor.py:743} INFO - Processing file /opt/airflow/dags/mlops_workflow_dag.py for tasks to queue
[2024-03-07T11:30:17.690+0000] {logging_mixin.py:137} INFO - [2024-03-07T11:30:17.690+0000] {dagbag.py:538} INFO - Filling up the DagBag from /opt/airflow/dags/mlops_workflow_dag.py
[2024-03-07T11:30:17.706+0000] {processor.py:753} INFO - DAG(s) dict_keys(['mlops']) retrieved from /opt/airflow/dags/mlops_workflow_dag.py
[2024-03-07T11:30:17.734+0000] {logging_mixin.py:137} INFO - [2024-03-07T11:30:17.733+0000] {dag.py:2690} INFO - Sync 1 DAGs
[2024-03-07T11:30:17.767+0000] {logging_mixin.py:137} INFO - [2024-03-07T11:30:17.767+0000] {dag.py:3441} INFO - Setting next_dagrun for mlops to 2023-03-07T00:00:00+00:00, run_after=2023-03-08T00:00:00+00:00
[2024-03-07T11:30:17.795+0000] {processor.py:175} INFO - Processing /opt/airflow/dags/mlops_workflow_dag.py took 0.143 seconds
[2024-03-07T11:30:48.360+0000] {processor.py:153} INFO - Started process (PID=7472) to work on /opt/airflow/dags/mlops_workflow_dag.py
[2024-03-07T11:30:48.361+0000] {processor.py:743} INFO - Processing file /opt/airflow/dags/mlops_workflow_dag.py for tasks to queue
[2024-03-07T11:30:48.363+0000] {logging_mixin.py:137} INFO - [2024-03-07T11:30:48.362+0000] {dagbag.py:538} INFO - Filling up the DagBag from /opt/airflow/dags/mlops_workflow_dag.py
[2024-03-07T11:30:48.382+0000] {processor.py:753} INFO - DAG(s) dict_keys(['mlops']) retrieved from /opt/airflow/dags/mlops_workflow_dag.py
[2024-03-07T11:30:48.409+0000] {logging_mixin.py:137} INFO - [2024-03-07T11:30:48.409+0000] {dag.py:2690} INFO - Sync 1 DAGs
[2024-03-07T11:30:48.438+0000] {logging_mixin.py:137} INFO - [2024-03-07T11:30:48.438+0000] {dag.py:3441} INFO - Setting next_dagrun for mlops to 2023-03-07T00:00:00+00:00, run_after=2023-03-08T00:00:00+00:00
[2024-03-07T11:30:48.463+0000] {processor.py:175} INFO - Processing /opt/airflow/dags/mlops_workflow_dag.py took 0.113 seconds
[2024-03-07T11:31:18.580+0000] {processor.py:153} INFO - Started process (PID=7537) to work on /opt/airflow/dags/mlops_workflow_dag.py
[2024-03-07T11:31:18.613+0000] {processor.py:743} INFO - Processing file /opt/airflow/dags/mlops_workflow_dag.py for tasks to queue
[2024-03-07T11:31:18.614+0000] {logging_mixin.py:137} INFO - [2024-03-07T11:31:18.613+0000] {dagbag.py:538} INFO - Filling up the DagBag from /opt/airflow/dags/mlops_workflow_dag.py
[2024-03-07T11:31:18.629+0000] {processor.py:753} INFO - DAG(s) dict_keys(['mlops']) retrieved from /opt/airflow/dags/mlops_workflow_dag.py
[2024-03-07T11:31:18.656+0000] {logging_mixin.py:137} INFO - [2024-03-07T11:31:18.656+0000] {dag.py:2690} INFO - Sync 1 DAGs
[2024-03-07T11:31:18.685+0000] {logging_mixin.py:137} INFO - [2024-03-07T11:31:18.685+0000] {dag.py:3441} INFO - Setting next_dagrun for mlops to 2023-03-07T00:00:00+00:00, run_after=2023-03-08T00:00:00+00:00
[2024-03-07T11:31:18.720+0000] {processor.py:175} INFO - Processing /opt/airflow/dags/mlops_workflow_dag.py took 0.145 seconds
[2024-03-07T11:31:48.941+0000] {processor.py:153} INFO - Started process (PID=7613) to work on /opt/airflow/dags/mlops_workflow_dag.py
[2024-03-07T11:31:48.944+0000] {processor.py:743} INFO - Processing file /opt/airflow/dags/mlops_workflow_dag.py for tasks to queue
[2024-03-07T11:31:48.945+0000] {logging_mixin.py:137} INFO - [2024-03-07T11:31:48.945+0000] {dagbag.py:538} INFO - Filling up the DagBag from /opt/airflow/dags/mlops_workflow_dag.py
[2024-03-07T11:31:48.975+0000] {processor.py:753} INFO - DAG(s) dict_keys(['mlops']) retrieved from /opt/airflow/dags/mlops_workflow_dag.py
[2024-03-07T11:31:49.015+0000] {logging_mixin.py:137} INFO - [2024-03-07T11:31:49.015+0000] {dag.py:2690} INFO - Sync 1 DAGs
[2024-03-07T11:31:49.050+0000] {logging_mixin.py:137} INFO - [2024-03-07T11:31:49.050+0000] {dag.py:3441} INFO - Setting next_dagrun for mlops to 2023-03-07T00:00:00+00:00, run_after=2023-03-08T00:00:00+00:00
[2024-03-07T11:31:49.170+0000] {processor.py:175} INFO - Processing /opt/airflow/dags/mlops_workflow_dag.py took 0.237 seconds
[2024-03-07T11:32:19.222+0000] {processor.py:153} INFO - Started process (PID=7678) to work on /opt/airflow/dags/mlops_workflow_dag.py
[2024-03-07T11:32:19.281+0000] {processor.py:743} INFO - Processing file /opt/airflow/dags/mlops_workflow_dag.py for tasks to queue
[2024-03-07T11:32:19.283+0000] {logging_mixin.py:137} INFO - [2024-03-07T11:32:19.282+0000] {dagbag.py:538} INFO - Filling up the DagBag from /opt/airflow/dags/mlops_workflow_dag.py
[2024-03-07T11:32:19.320+0000] {processor.py:753} INFO - DAG(s) dict_keys(['mlops']) retrieved from /opt/airflow/dags/mlops_workflow_dag.py
[2024-03-07T11:32:19.349+0000] {logging_mixin.py:137} INFO - [2024-03-07T11:32:19.349+0000] {dag.py:2690} INFO - Sync 1 DAGs
[2024-03-07T11:32:19.378+0000] {logging_mixin.py:137} INFO - [2024-03-07T11:32:19.378+0000] {dag.py:3441} INFO - Setting next_dagrun for mlops to 2023-03-07T00:00:00+00:00, run_after=2023-03-08T00:00:00+00:00
[2024-03-07T11:32:19.417+0000] {processor.py:175} INFO - Processing /opt/airflow/dags/mlops_workflow_dag.py took 0.199 seconds
[2024-03-07T11:32:50.229+0000] {processor.py:153} INFO - Started process (PID=7743) to work on /opt/airflow/dags/mlops_workflow_dag.py
[2024-03-07T11:32:50.230+0000] {processor.py:743} INFO - Processing file /opt/airflow/dags/mlops_workflow_dag.py for tasks to queue
[2024-03-07T11:32:50.235+0000] {logging_mixin.py:137} INFO - [2024-03-07T11:32:50.235+0000] {dagbag.py:538} INFO - Filling up the DagBag from /opt/airflow/dags/mlops_workflow_dag.py
[2024-03-07T11:32:50.255+0000] {processor.py:753} INFO - DAG(s) dict_keys(['mlops']) retrieved from /opt/airflow/dags/mlops_workflow_dag.py
[2024-03-07T11:32:50.283+0000] {logging_mixin.py:137} INFO - [2024-03-07T11:32:50.283+0000] {dag.py:2690} INFO - Sync 1 DAGs
[2024-03-07T11:32:50.314+0000] {logging_mixin.py:137} INFO - [2024-03-07T11:32:50.314+0000] {dag.py:3441} INFO - Setting next_dagrun for mlops to 2023-03-07T00:00:00+00:00, run_after=2023-03-08T00:00:00+00:00
[2024-03-07T11:32:50.358+0000] {processor.py:175} INFO - Processing /opt/airflow/dags/mlops_workflow_dag.py took 0.133 seconds
[2024-03-07T11:33:20.640+0000] {processor.py:153} INFO - Started process (PID=7820) to work on /opt/airflow/dags/mlops_workflow_dag.py
[2024-03-07T11:33:20.692+0000] {processor.py:743} INFO - Processing file /opt/airflow/dags/mlops_workflow_dag.py for tasks to queue
[2024-03-07T11:33:20.693+0000] {logging_mixin.py:137} INFO - [2024-03-07T11:33:20.693+0000] {dagbag.py:538} INFO - Filling up the DagBag from /opt/airflow/dags/mlops_workflow_dag.py
[2024-03-07T11:33:20.727+0000] {processor.py:753} INFO - DAG(s) dict_keys(['mlops']) retrieved from /opt/airflow/dags/mlops_workflow_dag.py
[2024-03-07T11:33:20.758+0000] {logging_mixin.py:137} INFO - [2024-03-07T11:33:20.758+0000] {dag.py:2690} INFO - Sync 1 DAGs
[2024-03-07T11:33:20.793+0000] {logging_mixin.py:137} INFO - [2024-03-07T11:33:20.793+0000] {dag.py:3441} INFO - Setting next_dagrun for mlops to 2023-03-07T00:00:00+00:00, run_after=2023-03-08T00:00:00+00:00
[2024-03-07T11:33:20.852+0000] {processor.py:175} INFO - Processing /opt/airflow/dags/mlops_workflow_dag.py took 0.216 seconds
[2024-03-07T11:33:51.757+0000] {processor.py:153} INFO - Started process (PID=7885) to work on /opt/airflow/dags/mlops_workflow_dag.py
[2024-03-07T11:33:51.758+0000] {processor.py:743} INFO - Processing file /opt/airflow/dags/mlops_workflow_dag.py for tasks to queue
[2024-03-07T11:33:51.759+0000] {logging_mixin.py:137} INFO - [2024-03-07T11:33:51.758+0000] {dagbag.py:538} INFO - Filling up the DagBag from /opt/airflow/dags/mlops_workflow_dag.py
[2024-03-07T11:33:51.774+0000] {processor.py:753} INFO - DAG(s) dict_keys(['mlops']) retrieved from /opt/airflow/dags/mlops_workflow_dag.py
[2024-03-07T11:33:51.802+0000] {logging_mixin.py:137} INFO - [2024-03-07T11:33:51.802+0000] {dag.py:2690} INFO - Sync 1 DAGs
[2024-03-07T11:33:51.833+0000] {logging_mixin.py:137} INFO - [2024-03-07T11:33:51.832+0000] {dag.py:3441} INFO - Setting next_dagrun for mlops to 2023-03-07T00:00:00+00:00, run_after=2023-03-08T00:00:00+00:00
[2024-03-07T11:33:51.868+0000] {processor.py:175} INFO - Processing /opt/airflow/dags/mlops_workflow_dag.py took 0.115 seconds
[2024-03-07T11:34:22.343+0000] {processor.py:153} INFO - Started process (PID=7951) to work on /opt/airflow/dags/mlops_workflow_dag.py
[2024-03-07T11:34:22.372+0000] {processor.py:743} INFO - Processing file /opt/airflow/dags/mlops_workflow_dag.py for tasks to queue
[2024-03-07T11:34:22.372+0000] {logging_mixin.py:137} INFO - [2024-03-07T11:34:22.372+0000] {dagbag.py:538} INFO - Filling up the DagBag from /opt/airflow/dags/mlops_workflow_dag.py
[2024-03-07T11:34:22.388+0000] {processor.py:753} INFO - DAG(s) dict_keys(['mlops']) retrieved from /opt/airflow/dags/mlops_workflow_dag.py
[2024-03-07T11:34:22.415+0000] {logging_mixin.py:137} INFO - [2024-03-07T11:34:22.415+0000] {dag.py:2690} INFO - Sync 1 DAGs
[2024-03-07T11:34:22.445+0000] {logging_mixin.py:137} INFO - [2024-03-07T11:34:22.444+0000] {dag.py:3441} INFO - Setting next_dagrun for mlops to 2023-03-07T00:00:00+00:00, run_after=2023-03-08T00:00:00+00:00
[2024-03-07T11:34:22.481+0000] {processor.py:175} INFO - Processing /opt/airflow/dags/mlops_workflow_dag.py took 0.141 seconds
[2024-03-07T11:34:52.589+0000] {processor.py:153} INFO - Started process (PID=8028) to work on /opt/airflow/dags/mlops_workflow_dag.py
[2024-03-07T11:34:52.590+0000] {processor.py:743} INFO - Processing file /opt/airflow/dags/mlops_workflow_dag.py for tasks to queue
[2024-03-07T11:34:52.591+0000] {logging_mixin.py:137} INFO - [2024-03-07T11:34:52.591+0000] {dagbag.py:538} INFO - Filling up the DagBag from /opt/airflow/dags/mlops_workflow_dag.py
[2024-03-07T11:34:52.609+0000] {processor.py:753} INFO - DAG(s) dict_keys(['mlops']) retrieved from /opt/airflow/dags/mlops_workflow_dag.py
[2024-03-07T11:34:52.637+0000] {logging_mixin.py:137} INFO - [2024-03-07T11:34:52.637+0000] {dag.py:2690} INFO - Sync 1 DAGs
[2024-03-07T11:34:52.666+0000] {logging_mixin.py:137} INFO - [2024-03-07T11:34:52.666+0000] {dag.py:3441} INFO - Setting next_dagrun for mlops to 2023-03-07T00:00:00+00:00, run_after=2023-03-08T00:00:00+00:00
[2024-03-07T11:34:52.704+0000] {processor.py:175} INFO - Processing /opt/airflow/dags/mlops_workflow_dag.py took 0.124 seconds
[2024-03-07T11:35:23.184+0000] {processor.py:153} INFO - Started process (PID=8093) to work on /opt/airflow/dags/mlops_workflow_dag.py
[2024-03-07T11:35:23.217+0000] {processor.py:743} INFO - Processing file /opt/airflow/dags/mlops_workflow_dag.py for tasks to queue
[2024-03-07T11:35:23.218+0000] {logging_mixin.py:137} INFO - [2024-03-07T11:35:23.218+0000] {dagbag.py:538} INFO - Filling up the DagBag from /opt/airflow/dags/mlops_workflow_dag.py
[2024-03-07T11:35:23.233+0000] {processor.py:753} INFO - DAG(s) dict_keys(['mlops']) retrieved from /opt/airflow/dags/mlops_workflow_dag.py
[2024-03-07T11:35:23.262+0000] {logging_mixin.py:137} INFO - [2024-03-07T11:35:23.262+0000] {dag.py:2690} INFO - Sync 1 DAGs
[2024-03-07T11:35:23.292+0000] {logging_mixin.py:137} INFO - [2024-03-07T11:35:23.292+0000] {dag.py:3441} INFO - Setting next_dagrun for mlops to 2023-03-07T00:00:00+00:00, run_after=2023-03-08T00:00:00+00:00
[2024-03-07T11:35:23.316+0000] {processor.py:175} INFO - Processing /opt/airflow/dags/mlops_workflow_dag.py took 0.136 seconds
[2024-03-07T11:35:53.614+0000] {processor.py:153} INFO - Started process (PID=8170) to work on /opt/airflow/dags/mlops_workflow_dag.py
[2024-03-07T11:35:53.615+0000] {processor.py:743} INFO - Processing file /opt/airflow/dags/mlops_workflow_dag.py for tasks to queue
[2024-03-07T11:35:53.616+0000] {logging_mixin.py:137} INFO - [2024-03-07T11:35:53.616+0000] {dagbag.py:538} INFO - Filling up the DagBag from /opt/airflow/dags/mlops_workflow_dag.py
[2024-03-07T11:35:53.634+0000] {processor.py:753} INFO - DAG(s) dict_keys(['mlops']) retrieved from /opt/airflow/dags/mlops_workflow_dag.py
[2024-03-07T11:35:53.668+0000] {logging_mixin.py:137} INFO - [2024-03-07T11:35:53.668+0000] {dag.py:2690} INFO - Sync 1 DAGs
[2024-03-07T11:35:53.703+0000] {logging_mixin.py:137} INFO - [2024-03-07T11:35:53.702+0000] {dag.py:3441} INFO - Setting next_dagrun for mlops to 2023-03-07T00:00:00+00:00, run_after=2023-03-08T00:00:00+00:00
[2024-03-07T11:35:53.740+0000] {processor.py:175} INFO - Processing /opt/airflow/dags/mlops_workflow_dag.py took 0.132 seconds
[2024-03-07T11:36:24.337+0000] {processor.py:153} INFO - Started process (PID=8238) to work on /opt/airflow/dags/mlops_workflow_dag.py
[2024-03-07T11:36:24.375+0000] {processor.py:743} INFO - Processing file /opt/airflow/dags/mlops_workflow_dag.py for tasks to queue
[2024-03-07T11:36:24.376+0000] {logging_mixin.py:137} INFO - [2024-03-07T11:36:24.375+0000] {dagbag.py:538} INFO - Filling up the DagBag from /opt/airflow/dags/mlops_workflow_dag.py
[2024-03-07T11:36:24.390+0000] {processor.py:753} INFO - DAG(s) dict_keys(['mlops']) retrieved from /opt/airflow/dags/mlops_workflow_dag.py
[2024-03-07T11:36:24.418+0000] {logging_mixin.py:137} INFO - [2024-03-07T11:36:24.417+0000] {dag.py:2690} INFO - Sync 1 DAGs
[2024-03-07T11:36:24.448+0000] {logging_mixin.py:137} INFO - [2024-03-07T11:36:24.448+0000] {dag.py:3441} INFO - Setting next_dagrun for mlops to 2023-03-07T00:00:00+00:00, run_after=2023-03-08T00:00:00+00:00
[2024-03-07T11:36:24.486+0000] {processor.py:175} INFO - Processing /opt/airflow/dags/mlops_workflow_dag.py took 0.153 seconds
[2024-03-07T11:36:55.362+0000] {processor.py:153} INFO - Started process (PID=8303) to work on /opt/airflow/dags/mlops_workflow_dag.py
[2024-03-07T11:36:55.375+0000] {processor.py:743} INFO - Processing file /opt/airflow/dags/mlops_workflow_dag.py for tasks to queue
[2024-03-07T11:36:55.376+0000] {logging_mixin.py:137} INFO - [2024-03-07T11:36:55.376+0000] {dagbag.py:538} INFO - Filling up the DagBag from /opt/airflow/dags/mlops_workflow_dag.py
[2024-03-07T11:36:55.392+0000] {processor.py:753} INFO - DAG(s) dict_keys(['mlops']) retrieved from /opt/airflow/dags/mlops_workflow_dag.py
[2024-03-07T11:36:55.420+0000] {logging_mixin.py:137} INFO - [2024-03-07T11:36:55.419+0000] {dag.py:2690} INFO - Sync 1 DAGs
[2024-03-07T11:36:55.449+0000] {logging_mixin.py:137} INFO - [2024-03-07T11:36:55.449+0000] {dag.py:3441} INFO - Setting next_dagrun for mlops to 2023-03-07T00:00:00+00:00, run_after=2023-03-08T00:00:00+00:00
[2024-03-07T11:36:55.486+0000] {processor.py:175} INFO - Processing /opt/airflow/dags/mlops_workflow_dag.py took 0.133 seconds
[2024-03-07T11:37:26.296+0000] {processor.py:153} INFO - Started process (PID=8381) to work on /opt/airflow/dags/mlops_workflow_dag.py
[2024-03-07T11:37:26.306+0000] {processor.py:743} INFO - Processing file /opt/airflow/dags/mlops_workflow_dag.py for tasks to queue
[2024-03-07T11:37:26.307+0000] {logging_mixin.py:137} INFO - [2024-03-07T11:37:26.307+0000] {dagbag.py:538} INFO - Filling up the DagBag from /opt/airflow/dags/mlops_workflow_dag.py
[2024-03-07T11:37:26.340+0000] {processor.py:753} INFO - DAG(s) dict_keys(['mlops']) retrieved from /opt/airflow/dags/mlops_workflow_dag.py
[2024-03-07T11:37:26.392+0000] {logging_mixin.py:137} INFO - [2024-03-07T11:37:26.391+0000] {dag.py:2690} INFO - Sync 1 DAGs
[2024-03-07T11:37:26.440+0000] {logging_mixin.py:137} INFO - [2024-03-07T11:37:26.440+0000] {dag.py:3441} INFO - Setting next_dagrun for mlops to 2023-03-07T00:00:00+00:00, run_after=2023-03-08T00:00:00+00:00
[2024-03-07T11:37:26.557+0000] {processor.py:175} INFO - Processing /opt/airflow/dags/mlops_workflow_dag.py took 0.264 seconds
[2024-03-07T11:37:56.830+0000] {processor.py:153} INFO - Started process (PID=8447) to work on /opt/airflow/dags/mlops_workflow_dag.py
[2024-03-07T11:37:56.831+0000] {processor.py:743} INFO - Processing file /opt/airflow/dags/mlops_workflow_dag.py for tasks to queue
[2024-03-07T11:37:56.831+0000] {logging_mixin.py:137} INFO - [2024-03-07T11:37:56.831+0000] {dagbag.py:538} INFO - Filling up the DagBag from /opt/airflow/dags/mlops_workflow_dag.py
[2024-03-07T11:37:56.848+0000] {processor.py:753} INFO - DAG(s) dict_keys(['mlops']) retrieved from /opt/airflow/dags/mlops_workflow_dag.py
[2024-03-07T11:37:56.893+0000] {logging_mixin.py:137} INFO - [2024-03-07T11:37:56.893+0000] {dag.py:2690} INFO - Sync 1 DAGs
[2024-03-07T11:37:56.927+0000] {logging_mixin.py:137} INFO - [2024-03-07T11:37:56.927+0000] {dag.py:3441} INFO - Setting next_dagrun for mlops to 2023-03-07T00:00:00+00:00, run_after=2023-03-08T00:00:00+00:00
[2024-03-07T11:37:56.968+0000] {processor.py:175} INFO - Processing /opt/airflow/dags/mlops_workflow_dag.py took 0.142 seconds
[2024-03-07T11:38:27.867+0000] {processor.py:153} INFO - Started process (PID=8512) to work on /opt/airflow/dags/mlops_workflow_dag.py
[2024-03-07T11:38:27.889+0000] {processor.py:743} INFO - Processing file /opt/airflow/dags/mlops_workflow_dag.py for tasks to queue
[2024-03-07T11:38:27.889+0000] {logging_mixin.py:137} INFO - [2024-03-07T11:38:27.889+0000] {dagbag.py:538} INFO - Filling up the DagBag from /opt/airflow/dags/mlops_workflow_dag.py
[2024-03-07T11:38:27.905+0000] {processor.py:753} INFO - DAG(s) dict_keys(['mlops']) retrieved from /opt/airflow/dags/mlops_workflow_dag.py
[2024-03-07T11:38:27.933+0000] {logging_mixin.py:137} INFO - [2024-03-07T11:38:27.933+0000] {dag.py:2690} INFO - Sync 1 DAGs
[2024-03-07T11:38:27.962+0000] {logging_mixin.py:137} INFO - [2024-03-07T11:38:27.962+0000] {dag.py:3441} INFO - Setting next_dagrun for mlops to 2023-03-07T00:00:00+00:00, run_after=2023-03-08T00:00:00+00:00
[2024-03-07T11:38:28.000+0000] {processor.py:175} INFO - Processing /opt/airflow/dags/mlops_workflow_dag.py took 0.141 seconds
[2024-03-07T11:38:58.513+0000] {processor.py:153} INFO - Started process (PID=8590) to work on /opt/airflow/dags/mlops_workflow_dag.py
[2024-03-07T11:38:58.523+0000] {processor.py:743} INFO - Processing file /opt/airflow/dags/mlops_workflow_dag.py for tasks to queue
[2024-03-07T11:38:58.538+0000] {logging_mixin.py:137} INFO - [2024-03-07T11:38:58.523+0000] {dagbag.py:538} INFO - Filling up the DagBag from /opt/airflow/dags/mlops_workflow_dag.py
[2024-03-07T11:38:58.566+0000] {processor.py:753} INFO - DAG(s) dict_keys(['mlops']) retrieved from /opt/airflow/dags/mlops_workflow_dag.py
[2024-03-07T11:38:58.611+0000] {logging_mixin.py:137} INFO - [2024-03-07T11:38:58.611+0000] {dag.py:2690} INFO - Sync 1 DAGs
[2024-03-07T11:38:58.650+0000] {logging_mixin.py:137} INFO - [2024-03-07T11:38:58.650+0000] {dag.py:3441} INFO - Setting next_dagrun for mlops to 2023-03-07T00:00:00+00:00, run_after=2023-03-08T00:00:00+00:00
[2024-03-07T11:38:58.722+0000] {processor.py:175} INFO - Processing /opt/airflow/dags/mlops_workflow_dag.py took 0.234 seconds
[2024-03-07T11:39:29.758+0000] {processor.py:153} INFO - Started process (PID=8654) to work on /opt/airflow/dags/mlops_workflow_dag.py
[2024-03-07T11:39:29.807+0000] {processor.py:743} INFO - Processing file /opt/airflow/dags/mlops_workflow_dag.py for tasks to queue
[2024-03-07T11:39:29.808+0000] {logging_mixin.py:137} INFO - [2024-03-07T11:39:29.808+0000] {dagbag.py:538} INFO - Filling up the DagBag from /opt/airflow/dags/mlops_workflow_dag.py
[2024-03-07T11:39:29.824+0000] {processor.py:753} INFO - DAG(s) dict_keys(['mlops']) retrieved from /opt/airflow/dags/mlops_workflow_dag.py
[2024-03-07T11:39:29.855+0000] {logging_mixin.py:137} INFO - [2024-03-07T11:39:29.854+0000] {dag.py:2690} INFO - Sync 1 DAGs
[2024-03-07T11:39:29.887+0000] {logging_mixin.py:137} INFO - [2024-03-07T11:39:29.887+0000] {dag.py:3441} INFO - Setting next_dagrun for mlops to 2023-03-07T00:00:00+00:00, run_after=2023-03-08T00:00:00+00:00
[2024-03-07T11:39:29.924+0000] {processor.py:175} INFO - Processing /opt/airflow/dags/mlops_workflow_dag.py took 0.172 seconds
[2024-03-07T11:40:00.806+0000] {processor.py:153} INFO - Started process (PID=8718) to work on /opt/airflow/dags/mlops_workflow_dag.py
[2024-03-07T11:40:00.807+0000] {processor.py:743} INFO - Processing file /opt/airflow/dags/mlops_workflow_dag.py for tasks to queue
[2024-03-07T11:40:00.807+0000] {logging_mixin.py:137} INFO - [2024-03-07T11:40:00.807+0000] {dagbag.py:538} INFO - Filling up the DagBag from /opt/airflow/dags/mlops_workflow_dag.py
[2024-03-07T11:40:00.829+0000] {processor.py:753} INFO - DAG(s) dict_keys(['mlops']) retrieved from /opt/airflow/dags/mlops_workflow_dag.py
[2024-03-07T11:40:00.866+0000] {logging_mixin.py:137} INFO - [2024-03-07T11:40:00.866+0000] {dag.py:2690} INFO - Sync 1 DAGs
[2024-03-07T11:40:00.899+0000] {logging_mixin.py:137} INFO - [2024-03-07T11:40:00.899+0000] {dag.py:3441} INFO - Setting next_dagrun for mlops to 2023-03-07T00:00:00+00:00, run_after=2023-03-08T00:00:00+00:00
[2024-03-07T11:40:00.969+0000] {processor.py:175} INFO - Processing /opt/airflow/dags/mlops_workflow_dag.py took 0.167 seconds
[2024-03-07T11:40:31.956+0000] {processor.py:153} INFO - Started process (PID=8784) to work on /opt/airflow/dags/mlops_workflow_dag.py
[2024-03-07T11:40:32.019+0000] {processor.py:743} INFO - Processing file /opt/airflow/dags/mlops_workflow_dag.py for tasks to queue
[2024-03-07T11:40:32.020+0000] {logging_mixin.py:137} INFO - [2024-03-07T11:40:32.020+0000] {dagbag.py:538} INFO - Filling up the DagBag from /opt/airflow/dags/mlops_workflow_dag.py
[2024-03-07T11:40:32.043+0000] {processor.py:753} INFO - DAG(s) dict_keys(['mlops']) retrieved from /opt/airflow/dags/mlops_workflow_dag.py
[2024-03-07T11:40:32.079+0000] {logging_mixin.py:137} INFO - [2024-03-07T11:40:32.078+0000] {dag.py:2690} INFO - Sync 1 DAGs
[2024-03-07T11:40:32.116+0000] {logging_mixin.py:137} INFO - [2024-03-07T11:40:32.116+0000] {dag.py:3441} INFO - Setting next_dagrun for mlops to 2023-03-07T00:00:00+00:00, run_after=2023-03-08T00:00:00+00:00
[2024-03-07T11:40:32.162+0000] {processor.py:175} INFO - Processing /opt/airflow/dags/mlops_workflow_dag.py took 0.211 seconds
[2024-03-07T11:41:02.658+0000] {processor.py:153} INFO - Started process (PID=8849) to work on /opt/airflow/dags/mlops_workflow_dag.py
[2024-03-07T11:41:02.659+0000] {processor.py:743} INFO - Processing file /opt/airflow/dags/mlops_workflow_dag.py for tasks to queue
[2024-03-07T11:41:02.660+0000] {logging_mixin.py:137} INFO - [2024-03-07T11:41:02.660+0000] {dagbag.py:538} INFO - Filling up the DagBag from /opt/airflow/dags/mlops_workflow_dag.py
[2024-03-07T11:41:02.679+0000] {processor.py:753} INFO - DAG(s) dict_keys(['mlops']) retrieved from /opt/airflow/dags/mlops_workflow_dag.py
[2024-03-07T11:41:02.717+0000] {logging_mixin.py:137} INFO - [2024-03-07T11:41:02.717+0000] {dag.py:2690} INFO - Sync 1 DAGs
[2024-03-07T11:41:02.756+0000] {logging_mixin.py:137} INFO - [2024-03-07T11:41:02.756+0000] {dag.py:3441} INFO - Setting next_dagrun for mlops to 2023-03-07T00:00:00+00:00, run_after=2023-03-08T00:00:00+00:00
[2024-03-07T11:41:02.798+0000] {processor.py:175} INFO - Processing /opt/airflow/dags/mlops_workflow_dag.py took 0.144 seconds
[2024-03-07T11:41:33.081+0000] {processor.py:153} INFO - Started process (PID=8926) to work on /opt/airflow/dags/mlops_workflow_dag.py
[2024-03-07T11:41:33.094+0000] {processor.py:743} INFO - Processing file /opt/airflow/dags/mlops_workflow_dag.py for tasks to queue
[2024-03-07T11:41:33.095+0000] {logging_mixin.py:137} INFO - [2024-03-07T11:41:33.095+0000] {dagbag.py:538} INFO - Filling up the DagBag from /opt/airflow/dags/mlops_workflow_dag.py
[2024-03-07T11:41:33.120+0000] {processor.py:753} INFO - DAG(s) dict_keys(['mlops']) retrieved from /opt/airflow/dags/mlops_workflow_dag.py
[2024-03-07T11:41:33.163+0000] {logging_mixin.py:137} INFO - [2024-03-07T11:41:33.163+0000] {dag.py:2690} INFO - Sync 1 DAGs
[2024-03-07T11:41:33.207+0000] {logging_mixin.py:137} INFO - [2024-03-07T11:41:33.207+0000] {dag.py:3441} INFO - Setting next_dagrun for mlops to 2023-03-07T00:00:00+00:00, run_after=2023-03-08T00:00:00+00:00
[2024-03-07T11:41:33.266+0000] {processor.py:175} INFO - Processing /opt/airflow/dags/mlops_workflow_dag.py took 0.189 seconds
[2024-03-07T11:42:03.671+0000] {processor.py:153} INFO - Started process (PID=8991) to work on /opt/airflow/dags/mlops_workflow_dag.py
[2024-03-07T11:42:03.714+0000] {processor.py:743} INFO - Processing file /opt/airflow/dags/mlops_workflow_dag.py for tasks to queue
[2024-03-07T11:42:03.715+0000] {logging_mixin.py:137} INFO - [2024-03-07T11:42:03.715+0000] {dagbag.py:538} INFO - Filling up the DagBag from /opt/airflow/dags/mlops_workflow_dag.py
[2024-03-07T11:42:03.733+0000] {processor.py:753} INFO - DAG(s) dict_keys(['mlops']) retrieved from /opt/airflow/dags/mlops_workflow_dag.py
[2024-03-07T11:42:03.779+0000] {logging_mixin.py:137} INFO - [2024-03-07T11:42:03.779+0000] {dag.py:2690} INFO - Sync 1 DAGs
[2024-03-07T11:42:03.819+0000] {logging_mixin.py:137} INFO - [2024-03-07T11:42:03.818+0000] {dag.py:3441} INFO - Setting next_dagrun for mlops to 2023-03-07T00:00:00+00:00, run_after=2023-03-08T00:00:00+00:00
[2024-03-07T11:42:03.854+0000] {processor.py:175} INFO - Processing /opt/airflow/dags/mlops_workflow_dag.py took 0.189 seconds
[2024-03-07T11:42:34.662+0000] {processor.py:153} INFO - Started process (PID=9056) to work on /opt/airflow/dags/mlops_workflow_dag.py
[2024-03-07T11:42:34.683+0000] {processor.py:743} INFO - Processing file /opt/airflow/dags/mlops_workflow_dag.py for tasks to queue
[2024-03-07T11:42:34.684+0000] {logging_mixin.py:137} INFO - [2024-03-07T11:42:34.683+0000] {dagbag.py:538} INFO - Filling up the DagBag from /opt/airflow/dags/mlops_workflow_dag.py
[2024-03-07T11:42:34.703+0000] {processor.py:753} INFO - DAG(s) dict_keys(['mlops']) retrieved from /opt/airflow/dags/mlops_workflow_dag.py
[2024-03-07T11:42:34.745+0000] {logging_mixin.py:137} INFO - [2024-03-07T11:42:34.745+0000] {dag.py:2690} INFO - Sync 1 DAGs
[2024-03-07T11:42:34.783+0000] {logging_mixin.py:137} INFO - [2024-03-07T11:42:34.783+0000] {dag.py:3441} INFO - Setting next_dagrun for mlops to 2023-03-07T00:00:00+00:00, run_after=2023-03-08T00:00:00+00:00
[2024-03-07T11:42:34.821+0000] {processor.py:175} INFO - Processing /opt/airflow/dags/mlops_workflow_dag.py took 0.165 seconds
[2024-03-07T11:43:05.144+0000] {processor.py:153} INFO - Started process (PID=9119) to work on /opt/airflow/dags/mlops_workflow_dag.py
[2024-03-07T11:43:05.145+0000] {processor.py:743} INFO - Processing file /opt/airflow/dags/mlops_workflow_dag.py for tasks to queue
[2024-03-07T11:43:05.146+0000] {logging_mixin.py:137} INFO - [2024-03-07T11:43:05.146+0000] {dagbag.py:538} INFO - Filling up the DagBag from /opt/airflow/dags/mlops_workflow_dag.py
[2024-03-07T11:43:05.164+0000] {processor.py:753} INFO - DAG(s) dict_keys(['mlops']) retrieved from /opt/airflow/dags/mlops_workflow_dag.py
[2024-03-07T11:43:05.199+0000] {logging_mixin.py:137} INFO - [2024-03-07T11:43:05.199+0000] {dag.py:2690} INFO - Sync 1 DAGs
[2024-03-07T11:43:05.243+0000] {logging_mixin.py:137} INFO - [2024-03-07T11:43:05.243+0000] {dag.py:3441} INFO - Setting next_dagrun for mlops to 2023-03-07T00:00:00+00:00, run_after=2023-03-08T00:00:00+00:00
[2024-03-07T11:43:05.290+0000] {processor.py:175} INFO - Processing /opt/airflow/dags/mlops_workflow_dag.py took 0.151 seconds
[2024-03-07T11:43:35.664+0000] {processor.py:153} INFO - Started process (PID=9190) to work on /opt/airflow/dags/mlops_workflow_dag.py
[2024-03-07T11:43:35.686+0000] {processor.py:743} INFO - Processing file /opt/airflow/dags/mlops_workflow_dag.py for tasks to queue
[2024-03-07T11:43:35.687+0000] {logging_mixin.py:137} INFO - [2024-03-07T11:43:35.687+0000] {dagbag.py:538} INFO - Filling up the DagBag from /opt/airflow/dags/mlops_workflow_dag.py
[2024-03-07T11:43:35.727+0000] {processor.py:753} INFO - DAG(s) dict_keys(['mlops']) retrieved from /opt/airflow/dags/mlops_workflow_dag.py
[2024-03-07T11:43:35.815+0000] {logging_mixin.py:137} INFO - [2024-03-07T11:43:35.815+0000] {dag.py:2690} INFO - Sync 1 DAGs
[2024-03-07T11:43:35.882+0000] {logging_mixin.py:137} INFO - [2024-03-07T11:43:35.882+0000] {dag.py:3441} INFO - Setting next_dagrun for mlops to 2023-03-07T00:00:00+00:00, run_after=2023-03-08T00:00:00+00:00
[2024-03-07T11:43:35.963+0000] {processor.py:175} INFO - Processing /opt/airflow/dags/mlops_workflow_dag.py took 0.313 seconds
[2024-03-07T11:44:06.034+0000] {processor.py:153} INFO - Started process (PID=9260) to work on /opt/airflow/dags/mlops_workflow_dag.py
[2024-03-07T11:44:06.035+0000] {processor.py:743} INFO - Processing file /opt/airflow/dags/mlops_workflow_dag.py for tasks to queue
[2024-03-07T11:44:06.036+0000] {logging_mixin.py:137} INFO - [2024-03-07T11:44:06.036+0000] {dagbag.py:538} INFO - Filling up the DagBag from /opt/airflow/dags/mlops_workflow_dag.py
[2024-03-07T11:44:06.060+0000] {processor.py:753} INFO - DAG(s) dict_keys(['mlops']) retrieved from /opt/airflow/dags/mlops_workflow_dag.py
[2024-03-07T11:44:06.115+0000] {logging_mixin.py:137} INFO - [2024-03-07T11:44:06.115+0000] {dag.py:2690} INFO - Sync 1 DAGs
[2024-03-07T11:44:06.173+0000] {logging_mixin.py:137} INFO - [2024-03-07T11:44:06.173+0000] {dag.py:3441} INFO - Setting next_dagrun for mlops to 2023-03-07T00:00:00+00:00, run_after=2023-03-08T00:00:00+00:00
[2024-03-07T11:44:06.238+0000] {processor.py:175} INFO - Processing /opt/airflow/dags/mlops_workflow_dag.py took 0.211 seconds
[2024-03-07T11:44:36.475+0000] {processor.py:153} INFO - Started process (PID=9325) to work on /opt/airflow/dags/mlops_workflow_dag.py
[2024-03-07T11:44:36.476+0000] {processor.py:743} INFO - Processing file /opt/airflow/dags/mlops_workflow_dag.py for tasks to queue
[2024-03-07T11:44:36.477+0000] {logging_mixin.py:137} INFO - [2024-03-07T11:44:36.477+0000] {dagbag.py:538} INFO - Filling up the DagBag from /opt/airflow/dags/mlops_workflow_dag.py
[2024-03-07T11:44:36.493+0000] {processor.py:753} INFO - DAG(s) dict_keys(['mlops']) retrieved from /opt/airflow/dags/mlops_workflow_dag.py
[2024-03-07T11:44:36.521+0000] {logging_mixin.py:137} INFO - [2024-03-07T11:44:36.521+0000] {dag.py:2690} INFO - Sync 1 DAGs
[2024-03-07T11:44:36.552+0000] {logging_mixin.py:137} INFO - [2024-03-07T11:44:36.552+0000] {dag.py:3441} INFO - Setting next_dagrun for mlops to 2023-03-07T00:00:00+00:00, run_after=2023-03-08T00:00:00+00:00
[2024-03-07T11:44:36.591+0000] {processor.py:175} INFO - Processing /opt/airflow/dags/mlops_workflow_dag.py took 0.120 seconds
[2024-03-07T11:45:07.135+0000] {processor.py:153} INFO - Started process (PID=9390) to work on /opt/airflow/dags/mlops_workflow_dag.py
[2024-03-07T11:45:07.176+0000] {processor.py:743} INFO - Processing file /opt/airflow/dags/mlops_workflow_dag.py for tasks to queue
[2024-03-07T11:45:07.177+0000] {logging_mixin.py:137} INFO - [2024-03-07T11:45:07.177+0000] {dagbag.py:538} INFO - Filling up the DagBag from /opt/airflow/dags/mlops_workflow_dag.py
[2024-03-07T11:45:07.198+0000] {processor.py:753} INFO - DAG(s) dict_keys(['mlops']) retrieved from /opt/airflow/dags/mlops_workflow_dag.py
[2024-03-07T11:45:07.234+0000] {logging_mixin.py:137} INFO - [2024-03-07T11:45:07.233+0000] {dag.py:2690} INFO - Sync 1 DAGs
[2024-03-07T11:45:07.272+0000] {logging_mixin.py:137} INFO - [2024-03-07T11:45:07.272+0000] {dag.py:3441} INFO - Setting next_dagrun for mlops to 2023-03-07T00:00:00+00:00, run_after=2023-03-08T00:00:00+00:00
[2024-03-07T11:45:07.323+0000] {processor.py:175} INFO - Processing /opt/airflow/dags/mlops_workflow_dag.py took 0.192 seconds
[2024-03-07T11:45:37.695+0000] {processor.py:153} INFO - Started process (PID=9464) to work on /opt/airflow/dags/mlops_workflow_dag.py
[2024-03-07T11:45:37.696+0000] {processor.py:743} INFO - Processing file /opt/airflow/dags/mlops_workflow_dag.py for tasks to queue
[2024-03-07T11:45:37.698+0000] {logging_mixin.py:137} INFO - [2024-03-07T11:45:37.697+0000] {dagbag.py:538} INFO - Filling up the DagBag from /opt/airflow/dags/mlops_workflow_dag.py
[2024-03-07T11:45:37.716+0000] {processor.py:753} INFO - DAG(s) dict_keys(['mlops']) retrieved from /opt/airflow/dags/mlops_workflow_dag.py
[2024-03-07T11:45:37.750+0000] {logging_mixin.py:137} INFO - [2024-03-07T11:45:37.750+0000] {dag.py:2690} INFO - Sync 1 DAGs
[2024-03-07T11:45:37.784+0000] {logging_mixin.py:137} INFO - [2024-03-07T11:45:37.784+0000] {dag.py:3441} INFO - Setting next_dagrun for mlops to 2023-03-07T00:00:00+00:00, run_after=2023-03-08T00:00:00+00:00
[2024-03-07T11:45:37.832+0000] {processor.py:175} INFO - Processing /opt/airflow/dags/mlops_workflow_dag.py took 0.141 seconds
[2024-03-07T11:46:08.481+0000] {processor.py:153} INFO - Started process (PID=9532) to work on /opt/airflow/dags/mlops_workflow_dag.py
[2024-03-07T11:46:08.481+0000] {processor.py:743} INFO - Processing file /opt/airflow/dags/mlops_workflow_dag.py for tasks to queue
[2024-03-07T11:46:08.482+0000] {logging_mixin.py:137} INFO - [2024-03-07T11:46:08.482+0000] {dagbag.py:538} INFO - Filling up the DagBag from /opt/airflow/dags/mlops_workflow_dag.py
[2024-03-07T11:46:08.498+0000] {processor.py:753} INFO - DAG(s) dict_keys(['mlops']) retrieved from /opt/airflow/dags/mlops_workflow_dag.py
[2024-03-07T11:46:08.527+0000] {logging_mixin.py:137} INFO - [2024-03-07T11:46:08.526+0000] {dag.py:2690} INFO - Sync 1 DAGs
[2024-03-07T11:46:08.564+0000] {logging_mixin.py:137} INFO - [2024-03-07T11:46:08.564+0000] {dag.py:3441} INFO - Setting next_dagrun for mlops to 2023-03-07T00:00:00+00:00, run_after=2023-03-08T00:00:00+00:00
[2024-03-07T11:46:08.614+0000] {processor.py:175} INFO - Processing /opt/airflow/dags/mlops_workflow_dag.py took 0.137 seconds
[2024-03-07T11:46:38.963+0000] {processor.py:153} INFO - Started process (PID=9597) to work on /opt/airflow/dags/mlops_workflow_dag.py
[2024-03-07T11:46:38.964+0000] {processor.py:743} INFO - Processing file /opt/airflow/dags/mlops_workflow_dag.py for tasks to queue
[2024-03-07T11:46:38.964+0000] {logging_mixin.py:137} INFO - [2024-03-07T11:46:38.964+0000] {dagbag.py:538} INFO - Filling up the DagBag from /opt/airflow/dags/mlops_workflow_dag.py
[2024-03-07T11:46:38.980+0000] {processor.py:753} INFO - DAG(s) dict_keys(['mlops']) retrieved from /opt/airflow/dags/mlops_workflow_dag.py
[2024-03-07T11:46:39.009+0000] {logging_mixin.py:137} INFO - [2024-03-07T11:46:39.008+0000] {dag.py:2690} INFO - Sync 1 DAGs
[2024-03-07T11:46:39.040+0000] {logging_mixin.py:137} INFO - [2024-03-07T11:46:39.039+0000] {dag.py:3441} INFO - Setting next_dagrun for mlops to 2023-03-07T00:00:00+00:00, run_after=2023-03-08T00:00:00+00:00
[2024-03-07T11:46:39.081+0000] {processor.py:175} INFO - Processing /opt/airflow/dags/mlops_workflow_dag.py took 0.122 seconds
[2024-03-07T11:47:09.125+0000] {processor.py:153} INFO - Started process (PID=9673) to work on /opt/airflow/dags/mlops_workflow_dag.py
[2024-03-07T11:47:09.140+0000] {processor.py:743} INFO - Processing file /opt/airflow/dags/mlops_workflow_dag.py for tasks to queue
[2024-03-07T11:47:09.142+0000] {logging_mixin.py:137} INFO - [2024-03-07T11:47:09.142+0000] {dagbag.py:538} INFO - Filling up the DagBag from /opt/airflow/dags/mlops_workflow_dag.py
[2024-03-07T11:47:09.174+0000] {processor.py:753} INFO - DAG(s) dict_keys(['mlops']) retrieved from /opt/airflow/dags/mlops_workflow_dag.py
[2024-03-07T11:47:09.202+0000] {logging_mixin.py:137} INFO - [2024-03-07T11:47:09.202+0000] {dag.py:2690} INFO - Sync 1 DAGs
[2024-03-07T11:47:09.232+0000] {logging_mixin.py:137} INFO - [2024-03-07T11:47:09.232+0000] {dag.py:3441} INFO - Setting next_dagrun for mlops to 2023-03-07T00:00:00+00:00, run_after=2023-03-08T00:00:00+00:00
[2024-03-07T11:47:09.271+0000] {processor.py:175} INFO - Processing /opt/airflow/dags/mlops_workflow_dag.py took 0.156 seconds
[2024-03-07T11:47:39.723+0000] {processor.py:153} INFO - Started process (PID=9738) to work on /opt/airflow/dags/mlops_workflow_dag.py
[2024-03-07T11:47:39.724+0000] {processor.py:743} INFO - Processing file /opt/airflow/dags/mlops_workflow_dag.py for tasks to queue
[2024-03-07T11:47:39.724+0000] {logging_mixin.py:137} INFO - [2024-03-07T11:47:39.724+0000] {dagbag.py:538} INFO - Filling up the DagBag from /opt/airflow/dags/mlops_workflow_dag.py
[2024-03-07T11:47:39.740+0000] {processor.py:753} INFO - DAG(s) dict_keys(['mlops']) retrieved from /opt/airflow/dags/mlops_workflow_dag.py
[2024-03-07T11:47:39.768+0000] {logging_mixin.py:137} INFO - [2024-03-07T11:47:39.768+0000] {dag.py:2690} INFO - Sync 1 DAGs
[2024-03-07T11:47:39.798+0000] {logging_mixin.py:137} INFO - [2024-03-07T11:47:39.797+0000] {dag.py:3441} INFO - Setting next_dagrun for mlops to 2023-03-07T00:00:00+00:00, run_after=2023-03-08T00:00:00+00:00
[2024-03-07T11:47:39.838+0000] {processor.py:175} INFO - Processing /opt/airflow/dags/mlops_workflow_dag.py took 0.119 seconds
[2024-03-07T11:48:10.429+0000] {processor.py:153} INFO - Started process (PID=9811) to work on /opt/airflow/dags/mlops_workflow_dag.py
[2024-03-07T11:48:10.463+0000] {processor.py:743} INFO - Processing file /opt/airflow/dags/mlops_workflow_dag.py for tasks to queue
[2024-03-07T11:48:10.464+0000] {logging_mixin.py:137} INFO - [2024-03-07T11:48:10.463+0000] {dagbag.py:538} INFO - Filling up the DagBag from /opt/airflow/dags/mlops_workflow_dag.py
[2024-03-07T11:48:10.480+0000] {processor.py:753} INFO - DAG(s) dict_keys(['mlops']) retrieved from /opt/airflow/dags/mlops_workflow_dag.py
[2024-03-07T11:48:10.512+0000] {logging_mixin.py:137} INFO - [2024-03-07T11:48:10.511+0000] {dag.py:2690} INFO - Sync 1 DAGs
[2024-03-07T11:48:10.545+0000] {logging_mixin.py:137} INFO - [2024-03-07T11:48:10.544+0000] {dag.py:3441} INFO - Setting next_dagrun for mlops to 2023-03-07T00:00:00+00:00, run_after=2023-03-08T00:00:00+00:00
[2024-03-07T11:48:10.584+0000] {processor.py:175} INFO - Processing /opt/airflow/dags/mlops_workflow_dag.py took 0.159 seconds
[2024-03-07T11:48:40.887+0000] {processor.py:153} INFO - Started process (PID=9878) to work on /opt/airflow/dags/mlops_workflow_dag.py
[2024-03-07T11:48:40.887+0000] {processor.py:743} INFO - Processing file /opt/airflow/dags/mlops_workflow_dag.py for tasks to queue
[2024-03-07T11:48:40.888+0000] {logging_mixin.py:137} INFO - [2024-03-07T11:48:40.888+0000] {dagbag.py:538} INFO - Filling up the DagBag from /opt/airflow/dags/mlops_workflow_dag.py
[2024-03-07T11:48:40.904+0000] {processor.py:753} INFO - DAG(s) dict_keys(['mlops']) retrieved from /opt/airflow/dags/mlops_workflow_dag.py
[2024-03-07T11:48:40.934+0000] {logging_mixin.py:137} INFO - [2024-03-07T11:48:40.934+0000] {dag.py:2690} INFO - Sync 1 DAGs
[2024-03-07T11:48:40.971+0000] {logging_mixin.py:137} INFO - [2024-03-07T11:48:40.971+0000] {dag.py:3441} INFO - Setting next_dagrun for mlops to 2023-03-07T00:00:00+00:00, run_after=2023-03-08T00:00:00+00:00
[2024-03-07T11:48:41.006+0000] {processor.py:175} INFO - Processing /opt/airflow/dags/mlops_workflow_dag.py took 0.123 seconds
[2024-03-07T11:49:11.461+0000] {processor.py:153} INFO - Started process (PID=9942) to work on /opt/airflow/dags/mlops_workflow_dag.py
[2024-03-07T11:49:11.497+0000] {processor.py:743} INFO - Processing file /opt/airflow/dags/mlops_workflow_dag.py for tasks to queue
[2024-03-07T11:49:11.498+0000] {logging_mixin.py:137} INFO - [2024-03-07T11:49:11.498+0000] {dagbag.py:538} INFO - Filling up the DagBag from /opt/airflow/dags/mlops_workflow_dag.py
[2024-03-07T11:49:11.513+0000] {processor.py:753} INFO - DAG(s) dict_keys(['mlops']) retrieved from /opt/airflow/dags/mlops_workflow_dag.py
[2024-03-07T11:49:11.542+0000] {logging_mixin.py:137} INFO - [2024-03-07T11:49:11.541+0000] {dag.py:2690} INFO - Sync 1 DAGs
[2024-03-07T11:49:11.572+0000] {logging_mixin.py:137} INFO - [2024-03-07T11:49:11.571+0000] {dag.py:3441} INFO - Setting next_dagrun for mlops to 2023-03-07T00:00:00+00:00, run_after=2023-03-08T00:00:00+00:00
[2024-03-07T11:49:11.597+0000] {processor.py:175} INFO - Processing /opt/airflow/dags/mlops_workflow_dag.py took 0.145 seconds
[2024-03-07T11:49:41.906+0000] {processor.py:153} INFO - Started process (PID=10018) to work on /opt/airflow/dags/mlops_workflow_dag.py
[2024-03-07T11:49:41.906+0000] {processor.py:743} INFO - Processing file /opt/airflow/dags/mlops_workflow_dag.py for tasks to queue
[2024-03-07T11:49:41.907+0000] {logging_mixin.py:137} INFO - [2024-03-07T11:49:41.907+0000] {dagbag.py:538} INFO - Filling up the DagBag from /opt/airflow/dags/mlops_workflow_dag.py
[2024-03-07T11:49:41.923+0000] {processor.py:753} INFO - DAG(s) dict_keys(['mlops']) retrieved from /opt/airflow/dags/mlops_workflow_dag.py
[2024-03-07T11:49:41.952+0000] {logging_mixin.py:137} INFO - [2024-03-07T11:49:41.952+0000] {dag.py:2690} INFO - Sync 1 DAGs
[2024-03-07T11:49:41.983+0000] {logging_mixin.py:137} INFO - [2024-03-07T11:49:41.983+0000] {dag.py:3441} INFO - Setting next_dagrun for mlops to 2023-03-07T00:00:00+00:00, run_after=2023-03-08T00:00:00+00:00
[2024-03-07T11:49:42.024+0000] {processor.py:175} INFO - Processing /opt/airflow/dags/mlops_workflow_dag.py took 0.122 seconds
[2024-03-07T11:50:12.450+0000] {processor.py:153} INFO - Started process (PID=10085) to work on /opt/airflow/dags/mlops_workflow_dag.py
[2024-03-07T11:50:12.498+0000] {processor.py:743} INFO - Processing file /opt/airflow/dags/mlops_workflow_dag.py for tasks to queue
[2024-03-07T11:50:12.499+0000] {logging_mixin.py:137} INFO - [2024-03-07T11:50:12.499+0000] {dagbag.py:538} INFO - Filling up the DagBag from /opt/airflow/dags/mlops_workflow_dag.py
[2024-03-07T11:50:12.515+0000] {processor.py:753} INFO - DAG(s) dict_keys(['mlops']) retrieved from /opt/airflow/dags/mlops_workflow_dag.py
[2024-03-07T11:50:12.542+0000] {logging_mixin.py:137} INFO - [2024-03-07T11:50:12.542+0000] {dag.py:2690} INFO - Sync 1 DAGs
[2024-03-07T11:50:12.572+0000] {logging_mixin.py:137} INFO - [2024-03-07T11:50:12.572+0000] {dag.py:3441} INFO - Setting next_dagrun for mlops to 2023-03-07T00:00:00+00:00, run_after=2023-03-08T00:00:00+00:00
[2024-03-07T11:50:12.610+0000] {processor.py:175} INFO - Processing /opt/airflow/dags/mlops_workflow_dag.py took 0.165 seconds
[2024-03-07T11:50:43.217+0000] {processor.py:153} INFO - Started process (PID=10158) to work on /opt/airflow/dags/mlops_workflow_dag.py
[2024-03-07T11:50:43.218+0000] {processor.py:743} INFO - Processing file /opt/airflow/dags/mlops_workflow_dag.py for tasks to queue
[2024-03-07T11:50:43.220+0000] {logging_mixin.py:137} INFO - [2024-03-07T11:50:43.218+0000] {dagbag.py:538} INFO - Filling up the DagBag from /opt/airflow/dags/mlops_workflow_dag.py
[2024-03-07T11:50:43.237+0000] {processor.py:753} INFO - DAG(s) dict_keys(['mlops']) retrieved from /opt/airflow/dags/mlops_workflow_dag.py
[2024-03-07T11:50:43.273+0000] {logging_mixin.py:137} INFO - [2024-03-07T11:50:43.272+0000] {dag.py:2690} INFO - Sync 1 DAGs
[2024-03-07T11:50:43.305+0000] {logging_mixin.py:137} INFO - [2024-03-07T11:50:43.305+0000] {dag.py:3441} INFO - Setting next_dagrun for mlops to 2023-03-07T00:00:00+00:00, run_after=2023-03-08T00:00:00+00:00
[2024-03-07T11:50:43.344+0000] {processor.py:175} INFO - Processing /opt/airflow/dags/mlops_workflow_dag.py took 0.131 seconds
[2024-03-07T11:51:13.674+0000] {processor.py:153} INFO - Started process (PID=10226) to work on /opt/airflow/dags/mlops_workflow_dag.py
[2024-03-07T11:51:13.732+0000] {processor.py:743} INFO - Processing file /opt/airflow/dags/mlops_workflow_dag.py for tasks to queue
[2024-03-07T11:51:13.733+0000] {logging_mixin.py:137} INFO - [2024-03-07T11:51:13.733+0000] {dagbag.py:538} INFO - Filling up the DagBag from /opt/airflow/dags/mlops_workflow_dag.py
[2024-03-07T11:51:13.750+0000] {processor.py:753} INFO - DAG(s) dict_keys(['mlops']) retrieved from /opt/airflow/dags/mlops_workflow_dag.py
[2024-03-07T11:51:13.789+0000] {logging_mixin.py:137} INFO - [2024-03-07T11:51:13.788+0000] {dag.py:2690} INFO - Sync 1 DAGs
[2024-03-07T11:51:13.823+0000] {logging_mixin.py:137} INFO - [2024-03-07T11:51:13.822+0000] {dag.py:3441} INFO - Setting next_dagrun for mlops to 2023-03-07T00:00:00+00:00, run_after=2023-03-08T00:00:00+00:00
[2024-03-07T11:51:13.859+0000] {processor.py:175} INFO - Processing /opt/airflow/dags/mlops_workflow_dag.py took 0.195 seconds
[2024-03-07T11:51:44.474+0000] {processor.py:153} INFO - Started process (PID=10291) to work on /opt/airflow/dags/mlops_workflow_dag.py
[2024-03-07T11:51:44.476+0000] {processor.py:743} INFO - Processing file /opt/airflow/dags/mlops_workflow_dag.py for tasks to queue
[2024-03-07T11:51:44.477+0000] {logging_mixin.py:137} INFO - [2024-03-07T11:51:44.477+0000] {dagbag.py:538} INFO - Filling up the DagBag from /opt/airflow/dags/mlops_workflow_dag.py
[2024-03-07T11:51:44.497+0000] {processor.py:753} INFO - DAG(s) dict_keys(['mlops']) retrieved from /opt/airflow/dags/mlops_workflow_dag.py
[2024-03-07T11:51:44.525+0000] {logging_mixin.py:137} INFO - [2024-03-07T11:51:44.524+0000] {dag.py:2690} INFO - Sync 1 DAGs
[2024-03-07T11:51:44.554+0000] {logging_mixin.py:137} INFO - [2024-03-07T11:51:44.554+0000] {dag.py:3441} INFO - Setting next_dagrun for mlops to 2023-03-07T00:00:00+00:00, run_after=2023-03-08T00:00:00+00:00
[2024-03-07T11:51:44.579+0000] {processor.py:175} INFO - Processing /opt/airflow/dags/mlops_workflow_dag.py took 0.114 seconds
[2024-03-07T11:52:14.844+0000] {processor.py:153} INFO - Started process (PID=10367) to work on /opt/airflow/dags/mlops_workflow_dag.py
[2024-03-07T11:52:14.867+0000] {processor.py:743} INFO - Processing file /opt/airflow/dags/mlops_workflow_dag.py for tasks to queue
[2024-03-07T11:52:14.867+0000] {logging_mixin.py:137} INFO - [2024-03-07T11:52:14.867+0000] {dagbag.py:538} INFO - Filling up the DagBag from /opt/airflow/dags/mlops_workflow_dag.py
[2024-03-07T11:52:14.883+0000] {processor.py:753} INFO - DAG(s) dict_keys(['mlops']) retrieved from /opt/airflow/dags/mlops_workflow_dag.py
[2024-03-07T11:52:14.912+0000] {logging_mixin.py:137} INFO - [2024-03-07T11:52:14.912+0000] {dag.py:2690} INFO - Sync 1 DAGs
[2024-03-07T11:52:14.944+0000] {logging_mixin.py:137} INFO - [2024-03-07T11:52:14.944+0000] {dag.py:3441} INFO - Setting next_dagrun for mlops to 2023-03-07T00:00:00+00:00, run_after=2023-03-08T00:00:00+00:00
[2024-03-07T11:52:14.975+0000] {processor.py:175} INFO - Processing /opt/airflow/dags/mlops_workflow_dag.py took 0.135 seconds
[2024-03-07T11:52:45.391+0000] {processor.py:153} INFO - Started process (PID=10431) to work on /opt/airflow/dags/mlops_workflow_dag.py
[2024-03-07T11:52:45.392+0000] {processor.py:743} INFO - Processing file /opt/airflow/dags/mlops_workflow_dag.py for tasks to queue
[2024-03-07T11:52:45.393+0000] {logging_mixin.py:137} INFO - [2024-03-07T11:52:45.393+0000] {dagbag.py:538} INFO - Filling up the DagBag from /opt/airflow/dags/mlops_workflow_dag.py
[2024-03-07T11:52:45.409+0000] {processor.py:753} INFO - DAG(s) dict_keys(['mlops']) retrieved from /opt/airflow/dags/mlops_workflow_dag.py
[2024-03-07T11:52:45.438+0000] {logging_mixin.py:137} INFO - [2024-03-07T11:52:45.438+0000] {dag.py:2690} INFO - Sync 1 DAGs
[2024-03-07T11:52:45.468+0000] {logging_mixin.py:137} INFO - [2024-03-07T11:52:45.468+0000] {dag.py:3441} INFO - Setting next_dagrun for mlops to 2023-03-07T00:00:00+00:00, run_after=2023-03-08T00:00:00+00:00
[2024-03-07T11:52:45.492+0000] {processor.py:175} INFO - Processing /opt/airflow/dags/mlops_workflow_dag.py took 0.109 seconds
[2024-03-07T11:53:15.942+0000] {processor.py:153} INFO - Started process (PID=10496) to work on /opt/airflow/dags/mlops_workflow_dag.py
[2024-03-07T11:53:15.956+0000] {processor.py:743} INFO - Processing file /opt/airflow/dags/mlops_workflow_dag.py for tasks to queue
[2024-03-07T11:53:15.957+0000] {logging_mixin.py:137} INFO - [2024-03-07T11:53:15.957+0000] {dagbag.py:538} INFO - Filling up the DagBag from /opt/airflow/dags/mlops_workflow_dag.py
[2024-03-07T11:53:15.973+0000] {processor.py:753} INFO - DAG(s) dict_keys(['mlops']) retrieved from /opt/airflow/dags/mlops_workflow_dag.py
[2024-03-07T11:53:16.014+0000] {logging_mixin.py:137} INFO - [2024-03-07T11:53:16.014+0000] {dag.py:2690} INFO - Sync 1 DAGs
[2024-03-07T11:53:16.047+0000] {logging_mixin.py:137} INFO - [2024-03-07T11:53:16.047+0000] {dag.py:3441} INFO - Setting next_dagrun for mlops to 2023-03-07T00:00:00+00:00, run_after=2023-03-08T00:00:00+00:00
[2024-03-07T11:53:16.071+0000] {processor.py:175} INFO - Processing /opt/airflow/dags/mlops_workflow_dag.py took 0.132 seconds
[2024-03-07T11:53:46.648+0000] {processor.py:153} INFO - Started process (PID=10573) to work on /opt/airflow/dags/mlops_workflow_dag.py
[2024-03-07T11:53:46.649+0000] {processor.py:743} INFO - Processing file /opt/airflow/dags/mlops_workflow_dag.py for tasks to queue
[2024-03-07T11:53:46.655+0000] {logging_mixin.py:137} INFO - [2024-03-07T11:53:46.655+0000] {dagbag.py:538} INFO - Filling up the DagBag from /opt/airflow/dags/mlops_workflow_dag.py
[2024-03-07T11:53:46.691+0000] {processor.py:753} INFO - DAG(s) dict_keys(['mlops']) retrieved from /opt/airflow/dags/mlops_workflow_dag.py
[2024-03-07T11:53:46.767+0000] {logging_mixin.py:137} INFO - [2024-03-07T11:53:46.766+0000] {dag.py:2690} INFO - Sync 1 DAGs
[2024-03-07T11:53:46.879+0000] {logging_mixin.py:137} INFO - [2024-03-07T11:53:46.879+0000] {dag.py:3441} INFO - Setting next_dagrun for mlops to 2023-03-07T00:00:00+00:00, run_after=2023-03-08T00:00:00+00:00
[2024-03-07T11:53:46.930+0000] {processor.py:175} INFO - Processing /opt/airflow/dags/mlops_workflow_dag.py took 0.287 seconds
[2024-03-07T11:54:17.765+0000] {processor.py:153} INFO - Started process (PID=10638) to work on /opt/airflow/dags/mlops_workflow_dag.py
[2024-03-07T11:54:17.803+0000] {processor.py:743} INFO - Processing file /opt/airflow/dags/mlops_workflow_dag.py for tasks to queue
[2024-03-07T11:54:17.804+0000] {logging_mixin.py:137} INFO - [2024-03-07T11:54:17.804+0000] {dagbag.py:538} INFO - Filling up the DagBag from /opt/airflow/dags/mlops_workflow_dag.py
[2024-03-07T11:54:17.843+0000] {processor.py:753} INFO - DAG(s) dict_keys(['mlops']) retrieved from /opt/airflow/dags/mlops_workflow_dag.py
[2024-03-07T11:54:17.923+0000] {logging_mixin.py:137} INFO - [2024-03-07T11:54:17.922+0000] {dag.py:2690} INFO - Sync 1 DAGs
[2024-03-07T11:54:17.978+0000] {logging_mixin.py:137} INFO - [2024-03-07T11:54:17.978+0000] {dag.py:3441} INFO - Setting next_dagrun for mlops to 2023-03-07T00:00:00+00:00, run_after=2023-03-08T00:00:00+00:00
[2024-03-07T11:54:18.032+0000] {processor.py:175} INFO - Processing /opt/airflow/dags/mlops_workflow_dag.py took 0.273 seconds
[2024-03-07T11:54:48.217+0000] {processor.py:153} INFO - Started process (PID=10702) to work on /opt/airflow/dags/mlops_workflow_dag.py
[2024-03-07T11:54:48.218+0000] {processor.py:743} INFO - Processing file /opt/airflow/dags/mlops_workflow_dag.py for tasks to queue
[2024-03-07T11:54:48.221+0000] {logging_mixin.py:137} INFO - [2024-03-07T11:54:48.220+0000] {dagbag.py:538} INFO - Filling up the DagBag from /opt/airflow/dags/mlops_workflow_dag.py
[2024-03-07T11:54:48.243+0000] {processor.py:753} INFO - DAG(s) dict_keys(['mlops']) retrieved from /opt/airflow/dags/mlops_workflow_dag.py
[2024-03-07T11:54:48.278+0000] {logging_mixin.py:137} INFO - [2024-03-07T11:54:48.278+0000] {dag.py:2690} INFO - Sync 1 DAGs
[2024-03-07T11:54:48.320+0000] {logging_mixin.py:137} INFO - [2024-03-07T11:54:48.320+0000] {dag.py:3441} INFO - Setting next_dagrun for mlops to 2023-03-07T00:00:00+00:00, run_after=2023-03-08T00:00:00+00:00
[2024-03-07T11:54:48.368+0000] {processor.py:175} INFO - Processing /opt/airflow/dags/mlops_workflow_dag.py took 0.157 seconds
[2024-03-07T11:55:18.644+0000] {processor.py:153} INFO - Started process (PID=10778) to work on /opt/airflow/dags/mlops_workflow_dag.py
[2024-03-07T11:55:18.659+0000] {processor.py:743} INFO - Processing file /opt/airflow/dags/mlops_workflow_dag.py for tasks to queue
[2024-03-07T11:55:18.660+0000] {logging_mixin.py:137} INFO - [2024-03-07T11:55:18.659+0000] {dagbag.py:538} INFO - Filling up the DagBag from /opt/airflow/dags/mlops_workflow_dag.py
[2024-03-07T11:55:18.700+0000] {processor.py:753} INFO - DAG(s) dict_keys(['mlops']) retrieved from /opt/airflow/dags/mlops_workflow_dag.py
[2024-03-07T11:55:18.781+0000] {logging_mixin.py:137} INFO - [2024-03-07T11:55:18.781+0000] {dag.py:2690} INFO - Sync 1 DAGs
[2024-03-07T11:55:18.863+0000] {logging_mixin.py:137} INFO - [2024-03-07T11:55:18.863+0000] {dag.py:3441} INFO - Setting next_dagrun for mlops to 2023-03-07T00:00:00+00:00, run_after=2023-03-08T00:00:00+00:00
[2024-03-07T11:55:18.935+0000] {processor.py:175} INFO - Processing /opt/airflow/dags/mlops_workflow_dag.py took 0.308 seconds
[2024-03-07T11:55:49.006+0000] {processor.py:153} INFO - Started process (PID=10842) to work on /opt/airflow/dags/mlops_workflow_dag.py
[2024-03-07T11:55:49.007+0000] {processor.py:743} INFO - Processing file /opt/airflow/dags/mlops_workflow_dag.py for tasks to queue
[2024-03-07T11:55:49.017+0000] {logging_mixin.py:137} INFO - [2024-03-07T11:55:49.017+0000] {dagbag.py:538} INFO - Filling up the DagBag from /opt/airflow/dags/mlops_workflow_dag.py
[2024-03-07T11:55:49.075+0000] {processor.py:753} INFO - DAG(s) dict_keys(['mlops']) retrieved from /opt/airflow/dags/mlops_workflow_dag.py
[2024-03-07T11:55:49.207+0000] {logging_mixin.py:137} INFO - [2024-03-07T11:55:49.206+0000] {dag.py:2690} INFO - Sync 1 DAGs
[2024-03-07T11:55:49.287+0000] {logging_mixin.py:137} INFO - [2024-03-07T11:55:49.287+0000] {dag.py:3441} INFO - Setting next_dagrun for mlops to 2023-03-07T00:00:00+00:00, run_after=2023-03-08T00:00:00+00:00
[2024-03-07T11:55:49.374+0000] {processor.py:175} INFO - Processing /opt/airflow/dags/mlops_workflow_dag.py took 0.373 seconds
[2024-03-07T11:56:19.981+0000] {processor.py:153} INFO - Started process (PID=10908) to work on /opt/airflow/dags/mlops_workflow_dag.py
[2024-03-07T11:56:19.993+0000] {processor.py:743} INFO - Processing file /opt/airflow/dags/mlops_workflow_dag.py for tasks to queue
[2024-03-07T11:56:19.994+0000] {logging_mixin.py:137} INFO - [2024-03-07T11:56:19.994+0000] {dagbag.py:538} INFO - Filling up the DagBag from /opt/airflow/dags/mlops_workflow_dag.py
[2024-03-07T11:56:20.022+0000] {processor.py:753} INFO - DAG(s) dict_keys(['mlops']) retrieved from /opt/airflow/dags/mlops_workflow_dag.py
[2024-03-07T11:56:20.051+0000] {logging_mixin.py:137} INFO - [2024-03-07T11:56:20.051+0000] {dag.py:2690} INFO - Sync 1 DAGs
[2024-03-07T11:56:20.081+0000] {logging_mixin.py:137} INFO - [2024-03-07T11:56:20.081+0000] {dag.py:3441} INFO - Setting next_dagrun for mlops to 2023-03-07T00:00:00+00:00, run_after=2023-03-08T00:00:00+00:00
[2024-03-07T11:56:20.115+0000] {processor.py:175} INFO - Processing /opt/airflow/dags/mlops_workflow_dag.py took 0.138 seconds
[2024-03-07T11:56:50.546+0000] {processor.py:153} INFO - Started process (PID=10985) to work on /opt/airflow/dags/mlops_workflow_dag.py
[2024-03-07T11:56:50.547+0000] {processor.py:743} INFO - Processing file /opt/airflow/dags/mlops_workflow_dag.py for tasks to queue
[2024-03-07T11:56:50.548+0000] {logging_mixin.py:137} INFO - [2024-03-07T11:56:50.548+0000] {dagbag.py:538} INFO - Filling up the DagBag from /opt/airflow/dags/mlops_workflow_dag.py
[2024-03-07T11:56:50.569+0000] {processor.py:753} INFO - DAG(s) dict_keys(['mlops']) retrieved from /opt/airflow/dags/mlops_workflow_dag.py
[2024-03-07T11:56:50.597+0000] {logging_mixin.py:137} INFO - [2024-03-07T11:56:50.597+0000] {dag.py:2690} INFO - Sync 1 DAGs
[2024-03-07T11:56:50.627+0000] {logging_mixin.py:137} INFO - [2024-03-07T11:56:50.627+0000] {dag.py:3441} INFO - Setting next_dagrun for mlops to 2023-03-07T00:00:00+00:00, run_after=2023-03-08T00:00:00+00:00
[2024-03-07T11:56:50.671+0000] {processor.py:175} INFO - Processing /opt/airflow/dags/mlops_workflow_dag.py took 0.133 seconds
