[2024-03-07T11:14:58.573+0000] {processor.py:153} INFO - Started process (PID=5314) to work on /opt/airflow/dags/model_training_and_deployment_dag.py
[2024-03-07T11:14:58.574+0000] {processor.py:743} INFO - Processing file /opt/airflow/dags/model_training_and_deployment_dag.py for tasks to queue
[2024-03-07T11:14:58.574+0000] {logging_mixin.py:137} INFO - [2024-03-07T11:14:58.574+0000] {dagbag.py:538} INFO - Filling up the DagBag from /opt/airflow/dags/model_training_and_deployment_dag.py
[2024-03-07T11:14:58.593+0000] {processor.py:753} INFO - DAG(s) dict_keys(['mlops_dag']) retrieved from /opt/airflow/dags/model_training_and_deployment_dag.py
[2024-03-07T11:14:58.746+0000] {logging_mixin.py:137} INFO - [2024-03-07T11:14:58.746+0000] {manager.py:504} INFO - Created Permission View: can delete on DAG:mlops_dag
[2024-03-07T11:14:58.768+0000] {logging_mixin.py:137} INFO - [2024-03-07T11:14:58.768+0000] {manager.py:504} INFO - Created Permission View: can edit on DAG:mlops_dag
[2024-03-07T11:14:58.791+0000] {logging_mixin.py:137} INFO - [2024-03-07T11:14:58.791+0000] {manager.py:504} INFO - Created Permission View: can read on DAG:mlops_dag
[2024-03-07T11:14:58.792+0000] {logging_mixin.py:137} INFO - [2024-03-07T11:14:58.791+0000] {dag.py:2690} INFO - Sync 1 DAGs
[2024-03-07T11:14:58.826+0000] {logging_mixin.py:137} INFO - [2024-03-07T11:14:58.826+0000] {dag.py:2711} INFO - Creating ORM DAG for mlops_dag
[2024-03-07T11:14:58.841+0000] {logging_mixin.py:137} INFO - [2024-03-07T11:14:58.841+0000] {dag.py:3441} INFO - Setting next_dagrun for mlops_dag to 2023-01-01T00:00:00+00:00, run_after=2023-01-02T00:00:00+00:00
[2024-03-07T11:14:58.867+0000] {processor.py:175} INFO - Processing /opt/airflow/dags/model_training_and_deployment_dag.py took 0.298 seconds
[2024-03-07T11:15:29.083+0000] {processor.py:153} INFO - Started process (PID=5378) to work on /opt/airflow/dags/model_training_and_deployment_dag.py
[2024-03-07T11:15:29.084+0000] {processor.py:743} INFO - Processing file /opt/airflow/dags/model_training_and_deployment_dag.py for tasks to queue
[2024-03-07T11:15:29.085+0000] {logging_mixin.py:137} INFO - [2024-03-07T11:15:29.085+0000] {dagbag.py:538} INFO - Filling up the DagBag from /opt/airflow/dags/model_training_and_deployment_dag.py
[2024-03-07T11:15:29.106+0000] {processor.py:753} INFO - DAG(s) dict_keys(['mlops_dag']) retrieved from /opt/airflow/dags/model_training_and_deployment_dag.py
[2024-03-07T11:15:29.133+0000] {logging_mixin.py:137} INFO - [2024-03-07T11:15:29.133+0000] {dag.py:2690} INFO - Sync 1 DAGs
[2024-03-07T11:15:29.163+0000] {logging_mixin.py:137} INFO - [2024-03-07T11:15:29.163+0000] {dag.py:3441} INFO - Setting next_dagrun for mlops_dag to 2023-01-01T00:00:00+00:00, run_after=2023-01-02T00:00:00+00:00
[2024-03-07T11:15:29.190+0000] {processor.py:175} INFO - Processing /opt/airflow/dags/model_training_and_deployment_dag.py took 0.113 seconds
[2024-03-07T11:15:59.623+0000] {processor.py:153} INFO - Started process (PID=5453) to work on /opt/airflow/dags/model_training_and_deployment_dag.py
[2024-03-07T11:15:59.667+0000] {processor.py:743} INFO - Processing file /opt/airflow/dags/model_training_and_deployment_dag.py for tasks to queue
[2024-03-07T11:15:59.668+0000] {logging_mixin.py:137} INFO - [2024-03-07T11:15:59.668+0000] {dagbag.py:538} INFO - Filling up the DagBag from /opt/airflow/dags/model_training_and_deployment_dag.py
[2024-03-07T11:15:59.687+0000] {processor.py:753} INFO - DAG(s) dict_keys(['mlops_dag']) retrieved from /opt/airflow/dags/model_training_and_deployment_dag.py
[2024-03-07T11:15:59.716+0000] {logging_mixin.py:137} INFO - [2024-03-07T11:15:59.715+0000] {dag.py:2690} INFO - Sync 1 DAGs
[2024-03-07T11:15:59.746+0000] {logging_mixin.py:137} INFO - [2024-03-07T11:15:59.746+0000] {dag.py:3441} INFO - Setting next_dagrun for mlops_dag to 2023-01-01T00:00:00+00:00, run_after=2023-01-02T00:00:00+00:00
[2024-03-07T11:15:59.791+0000] {processor.py:175} INFO - Processing /opt/airflow/dags/model_training_and_deployment_dag.py took 0.172 seconds
[2024-03-07T11:16:30.069+0000] {processor.py:153} INFO - Started process (PID=5517) to work on /opt/airflow/dags/model_training_and_deployment_dag.py
[2024-03-07T11:16:30.071+0000] {processor.py:743} INFO - Processing file /opt/airflow/dags/model_training_and_deployment_dag.py for tasks to queue
[2024-03-07T11:16:30.071+0000] {logging_mixin.py:137} INFO - [2024-03-07T11:16:30.071+0000] {dagbag.py:538} INFO - Filling up the DagBag from /opt/airflow/dags/model_training_and_deployment_dag.py
[2024-03-07T11:16:30.093+0000] {processor.py:753} INFO - DAG(s) dict_keys(['mlops_dag']) retrieved from /opt/airflow/dags/model_training_and_deployment_dag.py
[2024-03-07T11:16:30.121+0000] {logging_mixin.py:137} INFO - [2024-03-07T11:16:30.121+0000] {dag.py:2690} INFO - Sync 1 DAGs
[2024-03-07T11:16:30.151+0000] {logging_mixin.py:137} INFO - [2024-03-07T11:16:30.151+0000] {dag.py:3441} INFO - Setting next_dagrun for mlops_dag to 2023-01-01T00:00:00+00:00, run_after=2023-01-02T00:00:00+00:00
[2024-03-07T11:16:30.192+0000] {processor.py:175} INFO - Processing /opt/airflow/dags/model_training_and_deployment_dag.py took 0.132 seconds
[2024-03-07T11:17:00.882+0000] {processor.py:153} INFO - Started process (PID=5590) to work on /opt/airflow/dags/model_training_and_deployment_dag.py
[2024-03-07T11:17:00.983+0000] {processor.py:743} INFO - Processing file /opt/airflow/dags/model_training_and_deployment_dag.py for tasks to queue
[2024-03-07T11:17:00.984+0000] {logging_mixin.py:137} INFO - [2024-03-07T11:17:00.984+0000] {dagbag.py:538} INFO - Filling up the DagBag from /opt/airflow/dags/model_training_and_deployment_dag.py
[2024-03-07T11:17:01.035+0000] {processor.py:753} INFO - DAG(s) dict_keys(['mlops_dag']) retrieved from /opt/airflow/dags/model_training_and_deployment_dag.py
[2024-03-07T11:17:01.076+0000] {logging_mixin.py:137} INFO - [2024-03-07T11:17:01.075+0000] {dag.py:2690} INFO - Sync 1 DAGs
[2024-03-07T11:17:01.119+0000] {logging_mixin.py:137} INFO - [2024-03-07T11:17:01.118+0000] {dag.py:3441} INFO - Setting next_dagrun for mlops_dag to 2023-01-01T00:00:00+00:00, run_after=2023-01-02T00:00:00+00:00
[2024-03-07T11:17:01.310+0000] {processor.py:175} INFO - Processing /opt/airflow/dags/model_training_and_deployment_dag.py took 0.432 seconds
[2024-03-07T11:17:31.460+0000] {processor.py:153} INFO - Started process (PID=5657) to work on /opt/airflow/dags/model_training_and_deployment_dag.py
[2024-03-07T11:17:31.461+0000] {processor.py:743} INFO - Processing file /opt/airflow/dags/model_training_and_deployment_dag.py for tasks to queue
[2024-03-07T11:17:31.461+0000] {logging_mixin.py:137} INFO - [2024-03-07T11:17:31.461+0000] {dagbag.py:538} INFO - Filling up the DagBag from /opt/airflow/dags/model_training_and_deployment_dag.py
[2024-03-07T11:17:31.482+0000] {processor.py:753} INFO - DAG(s) dict_keys(['mlops_dag']) retrieved from /opt/airflow/dags/model_training_and_deployment_dag.py
[2024-03-07T11:17:31.513+0000] {logging_mixin.py:137} INFO - [2024-03-07T11:17:31.513+0000] {dag.py:2690} INFO - Sync 1 DAGs
[2024-03-07T11:17:31.553+0000] {logging_mixin.py:137} INFO - [2024-03-07T11:17:31.553+0000] {dag.py:3441} INFO - Setting next_dagrun for mlops_dag to 2023-01-01T00:00:00+00:00, run_after=2023-01-02T00:00:00+00:00
[2024-03-07T11:17:31.784+0000] {processor.py:175} INFO - Processing /opt/airflow/dags/model_training_and_deployment_dag.py took 0.328 seconds
[2024-03-07T11:18:02.642+0000] {processor.py:153} INFO - Started process (PID=5720) to work on /opt/airflow/dags/model_training_and_deployment_dag.py
[2024-03-07T11:18:02.662+0000] {processor.py:743} INFO - Processing file /opt/airflow/dags/model_training_and_deployment_dag.py for tasks to queue
[2024-03-07T11:18:02.662+0000] {logging_mixin.py:137} INFO - [2024-03-07T11:18:02.662+0000] {dagbag.py:538} INFO - Filling up the DagBag from /opt/airflow/dags/model_training_and_deployment_dag.py
[2024-03-07T11:18:02.684+0000] {processor.py:753} INFO - DAG(s) dict_keys(['mlops_dag']) retrieved from /opt/airflow/dags/model_training_and_deployment_dag.py
[2024-03-07T11:18:02.715+0000] {logging_mixin.py:137} INFO - [2024-03-07T11:18:02.714+0000] {dag.py:2690} INFO - Sync 1 DAGs
[2024-03-07T11:18:02.745+0000] {logging_mixin.py:137} INFO - [2024-03-07T11:18:02.745+0000] {dag.py:3441} INFO - Setting next_dagrun for mlops_dag to 2023-01-01T00:00:00+00:00, run_after=2023-01-02T00:00:00+00:00
[2024-03-07T11:18:02.772+0000] {processor.py:175} INFO - Processing /opt/airflow/dags/model_training_and_deployment_dag.py took 0.134 seconds
[2024-03-07T11:18:32.982+0000] {processor.py:153} INFO - Started process (PID=5796) to work on /opt/airflow/dags/model_training_and_deployment_dag.py
[2024-03-07T11:18:32.983+0000] {processor.py:743} INFO - Processing file /opt/airflow/dags/model_training_and_deployment_dag.py for tasks to queue
[2024-03-07T11:18:32.984+0000] {logging_mixin.py:137} INFO - [2024-03-07T11:18:32.984+0000] {dagbag.py:538} INFO - Filling up the DagBag from /opt/airflow/dags/model_training_and_deployment_dag.py
[2024-03-07T11:18:33.031+0000] {processor.py:753} INFO - DAG(s) dict_keys(['mlops_dag']) retrieved from /opt/airflow/dags/model_training_and_deployment_dag.py
[2024-03-07T11:18:33.066+0000] {logging_mixin.py:137} INFO - [2024-03-07T11:18:33.066+0000] {dag.py:2690} INFO - Sync 1 DAGs
[2024-03-07T11:18:33.120+0000] {logging_mixin.py:137} INFO - [2024-03-07T11:18:33.120+0000] {dag.py:3441} INFO - Setting next_dagrun for mlops_dag to 2023-01-01T00:00:00+00:00, run_after=2023-01-02T00:00:00+00:00
[2024-03-07T11:18:33.204+0000] {processor.py:175} INFO - Processing /opt/airflow/dags/model_training_and_deployment_dag.py took 0.225 seconds
[2024-03-07T11:19:03.242+0000] {processor.py:153} INFO - Started process (PID=5861) to work on /opt/airflow/dags/model_training_and_deployment_dag.py
[2024-03-07T11:19:03.362+0000] {processor.py:743} INFO - Processing file /opt/airflow/dags/model_training_and_deployment_dag.py for tasks to queue
[2024-03-07T11:19:03.363+0000] {logging_mixin.py:137} INFO - [2024-03-07T11:19:03.363+0000] {dagbag.py:538} INFO - Filling up the DagBag from /opt/airflow/dags/model_training_and_deployment_dag.py
[2024-03-07T11:19:03.387+0000] {processor.py:753} INFO - DAG(s) dict_keys(['mlops_dag']) retrieved from /opt/airflow/dags/model_training_and_deployment_dag.py
[2024-03-07T11:19:03.427+0000] {logging_mixin.py:137} INFO - [2024-03-07T11:19:03.427+0000] {dag.py:2690} INFO - Sync 1 DAGs
[2024-03-07T11:19:03.468+0000] {logging_mixin.py:137} INFO - [2024-03-07T11:19:03.468+0000] {dag.py:3441} INFO - Setting next_dagrun for mlops_dag to 2023-01-01T00:00:00+00:00, run_after=2023-01-02T00:00:00+00:00
[2024-03-07T11:19:03.522+0000] {processor.py:175} INFO - Processing /opt/airflow/dags/model_training_and_deployment_dag.py took 0.287 seconds
[2024-03-07T11:19:33.775+0000] {processor.py:153} INFO - Started process (PID=5924) to work on /opt/airflow/dags/model_training_and_deployment_dag.py
[2024-03-07T11:19:33.777+0000] {processor.py:743} INFO - Processing file /opt/airflow/dags/model_training_and_deployment_dag.py for tasks to queue
[2024-03-07T11:19:33.779+0000] {logging_mixin.py:137} INFO - [2024-03-07T11:19:33.778+0000] {dagbag.py:538} INFO - Filling up the DagBag from /opt/airflow/dags/model_training_and_deployment_dag.py
[2024-03-07T11:19:33.808+0000] {processor.py:753} INFO - DAG(s) dict_keys(['mlops_dag']) retrieved from /opt/airflow/dags/model_training_and_deployment_dag.py
[2024-03-07T11:19:33.843+0000] {logging_mixin.py:137} INFO - [2024-03-07T11:19:33.842+0000] {dag.py:2690} INFO - Sync 1 DAGs
[2024-03-07T11:19:33.880+0000] {logging_mixin.py:137} INFO - [2024-03-07T11:19:33.879+0000] {dag.py:3441} INFO - Setting next_dagrun for mlops_dag to 2023-01-01T00:00:00+00:00, run_after=2023-01-02T00:00:00+00:00
[2024-03-07T11:19:33.922+0000] {processor.py:175} INFO - Processing /opt/airflow/dags/model_training_and_deployment_dag.py took 0.161 seconds
[2024-03-07T11:20:04.633+0000] {processor.py:153} INFO - Started process (PID=5999) to work on /opt/airflow/dags/model_training_and_deployment_dag.py
[2024-03-07T11:20:04.652+0000] {processor.py:743} INFO - Processing file /opt/airflow/dags/model_training_and_deployment_dag.py for tasks to queue
[2024-03-07T11:20:04.652+0000] {logging_mixin.py:137} INFO - [2024-03-07T11:20:04.652+0000] {dagbag.py:538} INFO - Filling up the DagBag from /opt/airflow/dags/model_training_and_deployment_dag.py
[2024-03-07T11:20:04.672+0000] {processor.py:753} INFO - DAG(s) dict_keys(['mlops_dag']) retrieved from /opt/airflow/dags/model_training_and_deployment_dag.py
[2024-03-07T11:20:04.706+0000] {logging_mixin.py:137} INFO - [2024-03-07T11:20:04.706+0000] {dag.py:2690} INFO - Sync 1 DAGs
[2024-03-07T11:20:04.740+0000] {logging_mixin.py:137} INFO - [2024-03-07T11:20:04.739+0000] {dag.py:3441} INFO - Setting next_dagrun for mlops_dag to 2023-01-01T00:00:00+00:00, run_after=2023-01-02T00:00:00+00:00
[2024-03-07T11:20:04.797+0000] {processor.py:175} INFO - Processing /opt/airflow/dags/model_training_and_deployment_dag.py took 0.168 seconds
[2024-03-07T11:20:35.004+0000] {processor.py:153} INFO - Started process (PID=6068) to work on /opt/airflow/dags/model_training_and_deployment_dag.py
[2024-03-07T11:20:35.004+0000] {processor.py:743} INFO - Processing file /opt/airflow/dags/model_training_and_deployment_dag.py for tasks to queue
[2024-03-07T11:20:35.005+0000] {logging_mixin.py:137} INFO - [2024-03-07T11:20:35.005+0000] {dagbag.py:538} INFO - Filling up the DagBag from /opt/airflow/dags/model_training_and_deployment_dag.py
[2024-03-07T11:20:35.032+0000] {processor.py:753} INFO - DAG(s) dict_keys(['mlops_dag']) retrieved from /opt/airflow/dags/model_training_and_deployment_dag.py
[2024-03-07T11:20:35.065+0000] {logging_mixin.py:137} INFO - [2024-03-07T11:20:35.064+0000] {dag.py:2690} INFO - Sync 1 DAGs
[2024-03-07T11:20:35.097+0000] {logging_mixin.py:137} INFO - [2024-03-07T11:20:35.096+0000] {dag.py:3441} INFO - Setting next_dagrun for mlops_dag to 2023-01-01T00:00:00+00:00, run_after=2023-01-02T00:00:00+00:00
[2024-03-07T11:20:35.132+0000] {processor.py:175} INFO - Processing /opt/airflow/dags/model_training_and_deployment_dag.py took 0.134 seconds
[2024-03-07T11:21:05.325+0000] {processor.py:153} INFO - Started process (PID=6134) to work on /opt/airflow/dags/model_training_and_deployment_dag.py
[2024-03-07T11:21:05.350+0000] {processor.py:743} INFO - Processing file /opt/airflow/dags/model_training_and_deployment_dag.py for tasks to queue
[2024-03-07T11:21:05.351+0000] {logging_mixin.py:137} INFO - [2024-03-07T11:21:05.351+0000] {dagbag.py:538} INFO - Filling up the DagBag from /opt/airflow/dags/model_training_and_deployment_dag.py
[2024-03-07T11:21:05.379+0000] {processor.py:753} INFO - DAG(s) dict_keys(['mlops_dag']) retrieved from /opt/airflow/dags/model_training_and_deployment_dag.py
[2024-03-07T11:21:05.407+0000] {logging_mixin.py:137} INFO - [2024-03-07T11:21:05.406+0000] {dag.py:2690} INFO - Sync 1 DAGs
[2024-03-07T11:21:05.462+0000] {logging_mixin.py:137} INFO - [2024-03-07T11:21:05.462+0000] {dag.py:3441} INFO - Setting next_dagrun for mlops_dag to 2023-01-01T00:00:00+00:00, run_after=2023-01-02T00:00:00+00:00
[2024-03-07T11:21:05.491+0000] {processor.py:175} INFO - Processing /opt/airflow/dags/model_training_and_deployment_dag.py took 0.170 seconds
[2024-03-07T11:21:36.256+0000] {processor.py:153} INFO - Started process (PID=6210) to work on /opt/airflow/dags/model_training_and_deployment_dag.py
[2024-03-07T11:21:36.257+0000] {processor.py:743} INFO - Processing file /opt/airflow/dags/model_training_and_deployment_dag.py for tasks to queue
[2024-03-07T11:21:36.258+0000] {logging_mixin.py:137} INFO - [2024-03-07T11:21:36.257+0000] {dagbag.py:538} INFO - Filling up the DagBag from /opt/airflow/dags/model_training_and_deployment_dag.py
[2024-03-07T11:21:36.278+0000] {processor.py:753} INFO - DAG(s) dict_keys(['mlops_dag']) retrieved from /opt/airflow/dags/model_training_and_deployment_dag.py
[2024-03-07T11:21:36.334+0000] {logging_mixin.py:137} INFO - [2024-03-07T11:21:36.334+0000] {dag.py:2690} INFO - Sync 1 DAGs
[2024-03-07T11:21:36.390+0000] {logging_mixin.py:137} INFO - [2024-03-07T11:21:36.390+0000] {dag.py:3441} INFO - Setting next_dagrun for mlops_dag to 2023-01-01T00:00:00+00:00, run_after=2023-01-02T00:00:00+00:00
[2024-03-07T11:21:36.436+0000] {processor.py:175} INFO - Processing /opt/airflow/dags/model_training_and_deployment_dag.py took 0.184 seconds
[2024-03-07T11:22:07.199+0000] {processor.py:153} INFO - Started process (PID=6275) to work on /opt/airflow/dags/model_training_and_deployment_dag.py
[2024-03-07T11:22:07.209+0000] {processor.py:743} INFO - Processing file /opt/airflow/dags/model_training_and_deployment_dag.py for tasks to queue
[2024-03-07T11:22:07.210+0000] {logging_mixin.py:137} INFO - [2024-03-07T11:22:07.210+0000] {dagbag.py:538} INFO - Filling up the DagBag from /opt/airflow/dags/model_training_and_deployment_dag.py
[2024-03-07T11:22:07.229+0000] {processor.py:753} INFO - DAG(s) dict_keys(['mlops_dag']) retrieved from /opt/airflow/dags/model_training_and_deployment_dag.py
[2024-03-07T11:22:07.257+0000] {logging_mixin.py:137} INFO - [2024-03-07T11:22:07.257+0000] {dag.py:2690} INFO - Sync 1 DAGs
[2024-03-07T11:22:07.287+0000] {logging_mixin.py:137} INFO - [2024-03-07T11:22:07.287+0000] {dag.py:3441} INFO - Setting next_dagrun for mlops_dag to 2023-01-01T00:00:00+00:00, run_after=2023-01-02T00:00:00+00:00
[2024-03-07T11:22:07.326+0000] {processor.py:175} INFO - Processing /opt/airflow/dags/model_training_and_deployment_dag.py took 0.131 seconds
[2024-03-07T11:22:37.629+0000] {processor.py:153} INFO - Started process (PID=6339) to work on /opt/airflow/dags/model_training_and_deployment_dag.py
[2024-03-07T11:22:37.643+0000] {processor.py:743} INFO - Processing file /opt/airflow/dags/model_training_and_deployment_dag.py for tasks to queue
[2024-03-07T11:22:37.643+0000] {logging_mixin.py:137} INFO - [2024-03-07T11:22:37.643+0000] {dagbag.py:538} INFO - Filling up the DagBag from /opt/airflow/dags/model_training_and_deployment_dag.py
[2024-03-07T11:22:37.663+0000] {processor.py:753} INFO - DAG(s) dict_keys(['mlops_dag']) retrieved from /opt/airflow/dags/model_training_and_deployment_dag.py
[2024-03-07T11:22:37.691+0000] {logging_mixin.py:137} INFO - [2024-03-07T11:22:37.691+0000] {dag.py:2690} INFO - Sync 1 DAGs
[2024-03-07T11:22:37.722+0000] {logging_mixin.py:137} INFO - [2024-03-07T11:22:37.722+0000] {dag.py:3441} INFO - Setting next_dagrun for mlops_dag to 2023-01-01T00:00:00+00:00, run_after=2023-01-02T00:00:00+00:00
[2024-03-07T11:22:37.749+0000] {processor.py:175} INFO - Processing /opt/airflow/dags/model_training_and_deployment_dag.py took 0.123 seconds
[2024-03-07T11:23:07.970+0000] {processor.py:153} INFO - Started process (PID=6417) to work on /opt/airflow/dags/model_training_and_deployment_dag.py
[2024-03-07T11:23:07.971+0000] {processor.py:743} INFO - Processing file /opt/airflow/dags/model_training_and_deployment_dag.py for tasks to queue
[2024-03-07T11:23:07.972+0000] {logging_mixin.py:137} INFO - [2024-03-07T11:23:07.972+0000] {dagbag.py:538} INFO - Filling up the DagBag from /opt/airflow/dags/model_training_and_deployment_dag.py
[2024-03-07T11:23:07.991+0000] {processor.py:753} INFO - DAG(s) dict_keys(['mlops_dag']) retrieved from /opt/airflow/dags/model_training_and_deployment_dag.py
[2024-03-07T11:23:08.020+0000] {logging_mixin.py:137} INFO - [2024-03-07T11:23:08.020+0000] {dag.py:2690} INFO - Sync 1 DAGs
[2024-03-07T11:23:08.053+0000] {logging_mixin.py:137} INFO - [2024-03-07T11:23:08.053+0000] {dag.py:3441} INFO - Setting next_dagrun for mlops_dag to 2023-01-01T00:00:00+00:00, run_after=2023-01-02T00:00:00+00:00
[2024-03-07T11:23:08.094+0000] {processor.py:175} INFO - Processing /opt/airflow/dags/model_training_and_deployment_dag.py took 0.127 seconds
[2024-03-07T11:23:38.611+0000] {processor.py:153} INFO - Started process (PID=6483) to work on /opt/airflow/dags/model_training_and_deployment_dag.py
[2024-03-07T11:23:38.621+0000] {processor.py:743} INFO - Processing file /opt/airflow/dags/model_training_and_deployment_dag.py for tasks to queue
[2024-03-07T11:23:38.622+0000] {logging_mixin.py:137} INFO - [2024-03-07T11:23:38.622+0000] {dagbag.py:538} INFO - Filling up the DagBag from /opt/airflow/dags/model_training_and_deployment_dag.py
[2024-03-07T11:23:38.641+0000] {processor.py:753} INFO - DAG(s) dict_keys(['mlops_dag']) retrieved from /opt/airflow/dags/model_training_and_deployment_dag.py
[2024-03-07T11:23:38.669+0000] {logging_mixin.py:137} INFO - [2024-03-07T11:23:38.669+0000] {dag.py:2690} INFO - Sync 1 DAGs
[2024-03-07T11:23:38.699+0000] {logging_mixin.py:137} INFO - [2024-03-07T11:23:38.699+0000] {dag.py:3441} INFO - Setting next_dagrun for mlops_dag to 2023-01-01T00:00:00+00:00, run_after=2023-01-02T00:00:00+00:00
[2024-03-07T11:23:38.739+0000] {processor.py:175} INFO - Processing /opt/airflow/dags/model_training_and_deployment_dag.py took 0.134 seconds
[2024-03-07T11:24:08.981+0000] {processor.py:153} INFO - Started process (PID=6556) to work on /opt/airflow/dags/model_training_and_deployment_dag.py
[2024-03-07T11:24:08.982+0000] {processor.py:743} INFO - Processing file /opt/airflow/dags/model_training_and_deployment_dag.py for tasks to queue
[2024-03-07T11:24:08.982+0000] {logging_mixin.py:137} INFO - [2024-03-07T11:24:08.982+0000] {dagbag.py:538} INFO - Filling up the DagBag from /opt/airflow/dags/model_training_and_deployment_dag.py
[2024-03-07T11:24:09.002+0000] {processor.py:753} INFO - DAG(s) dict_keys(['mlops_dag']) retrieved from /opt/airflow/dags/model_training_and_deployment_dag.py
[2024-03-07T11:24:09.031+0000] {logging_mixin.py:137} INFO - [2024-03-07T11:24:09.031+0000] {dag.py:2690} INFO - Sync 1 DAGs
[2024-03-07T11:24:09.064+0000] {logging_mixin.py:137} INFO - [2024-03-07T11:24:09.063+0000] {dag.py:3441} INFO - Setting next_dagrun for mlops_dag to 2023-01-01T00:00:00+00:00, run_after=2023-01-02T00:00:00+00:00
[2024-03-07T11:24:09.108+0000] {processor.py:175} INFO - Processing /opt/airflow/dags/model_training_and_deployment_dag.py took 0.131 seconds
[2024-03-07T11:24:39.494+0000] {processor.py:153} INFO - Started process (PID=6626) to work on /opt/airflow/dags/model_training_and_deployment_dag.py
[2024-03-07T11:24:39.506+0000] {processor.py:743} INFO - Processing file /opt/airflow/dags/model_training_and_deployment_dag.py for tasks to queue
[2024-03-07T11:24:39.506+0000] {logging_mixin.py:137} INFO - [2024-03-07T11:24:39.506+0000] {dagbag.py:538} INFO - Filling up the DagBag from /opt/airflow/dags/model_training_and_deployment_dag.py
[2024-03-07T11:24:39.525+0000] {processor.py:753} INFO - DAG(s) dict_keys(['mlops_dag']) retrieved from /opt/airflow/dags/model_training_and_deployment_dag.py
[2024-03-07T11:24:39.552+0000] {logging_mixin.py:137} INFO - [2024-03-07T11:24:39.552+0000] {dag.py:2690} INFO - Sync 1 DAGs
[2024-03-07T11:24:39.583+0000] {logging_mixin.py:137} INFO - [2024-03-07T11:24:39.583+0000] {dag.py:3441} INFO - Setting next_dagrun for mlops_dag to 2023-01-01T00:00:00+00:00, run_after=2023-01-02T00:00:00+00:00
[2024-03-07T11:24:39.618+0000] {processor.py:175} INFO - Processing /opt/airflow/dags/model_training_and_deployment_dag.py took 0.129 seconds
[2024-03-07T11:25:09.745+0000] {processor.py:153} INFO - Started process (PID=6691) to work on /opt/airflow/dags/model_training_and_deployment_dag.py
[2024-03-07T11:25:09.746+0000] {processor.py:743} INFO - Processing file /opt/airflow/dags/model_training_and_deployment_dag.py for tasks to queue
[2024-03-07T11:25:09.747+0000] {logging_mixin.py:137} INFO - [2024-03-07T11:25:09.747+0000] {dagbag.py:538} INFO - Filling up the DagBag from /opt/airflow/dags/model_training_and_deployment_dag.py
[2024-03-07T11:25:09.766+0000] {processor.py:753} INFO - DAG(s) dict_keys(['mlops_dag']) retrieved from /opt/airflow/dags/model_training_and_deployment_dag.py
[2024-03-07T11:25:09.795+0000] {logging_mixin.py:137} INFO - [2024-03-07T11:25:09.795+0000] {dag.py:2690} INFO - Sync 1 DAGs
[2024-03-07T11:25:09.877+0000] {logging_mixin.py:137} INFO - [2024-03-07T11:25:09.877+0000] {dag.py:3441} INFO - Setting next_dagrun for mlops_dag to 2023-01-01T00:00:00+00:00, run_after=2023-01-02T00:00:00+00:00
[2024-03-07T11:25:09.941+0000] {processor.py:175} INFO - Processing /opt/airflow/dags/model_training_and_deployment_dag.py took 0.200 seconds
[2024-03-07T11:25:40.181+0000] {processor.py:153} INFO - Started process (PID=6768) to work on /opt/airflow/dags/model_training_and_deployment_dag.py
[2024-03-07T11:25:40.195+0000] {processor.py:743} INFO - Processing file /opt/airflow/dags/model_training_and_deployment_dag.py for tasks to queue
[2024-03-07T11:25:40.196+0000] {logging_mixin.py:137} INFO - [2024-03-07T11:25:40.196+0000] {dagbag.py:538} INFO - Filling up the DagBag from /opt/airflow/dags/model_training_and_deployment_dag.py
[2024-03-07T11:25:40.215+0000] {processor.py:753} INFO - DAG(s) dict_keys(['mlops_dag']) retrieved from /opt/airflow/dags/model_training_and_deployment_dag.py
[2024-03-07T11:25:40.244+0000] {logging_mixin.py:137} INFO - [2024-03-07T11:25:40.243+0000] {dag.py:2690} INFO - Sync 1 DAGs
[2024-03-07T11:25:40.275+0000] {logging_mixin.py:137} INFO - [2024-03-07T11:25:40.275+0000] {dag.py:3441} INFO - Setting next_dagrun for mlops_dag to 2023-01-01T00:00:00+00:00, run_after=2023-01-02T00:00:00+00:00
[2024-03-07T11:25:40.319+0000] {processor.py:175} INFO - Processing /opt/airflow/dags/model_training_and_deployment_dag.py took 0.141 seconds
[2024-03-07T11:26:10.550+0000] {processor.py:153} INFO - Started process (PID=6831) to work on /opt/airflow/dags/model_training_and_deployment_dag.py
[2024-03-07T11:26:10.551+0000] {processor.py:743} INFO - Processing file /opt/airflow/dags/model_training_and_deployment_dag.py for tasks to queue
[2024-03-07T11:26:10.551+0000] {logging_mixin.py:137} INFO - [2024-03-07T11:26:10.551+0000] {dagbag.py:538} INFO - Filling up the DagBag from /opt/airflow/dags/model_training_and_deployment_dag.py
[2024-03-07T11:26:10.570+0000] {processor.py:753} INFO - DAG(s) dict_keys(['mlops_dag']) retrieved from /opt/airflow/dags/model_training_and_deployment_dag.py
[2024-03-07T11:26:10.599+0000] {logging_mixin.py:137} INFO - [2024-03-07T11:26:10.598+0000] {dag.py:2690} INFO - Sync 1 DAGs
[2024-03-07T11:26:10.633+0000] {logging_mixin.py:137} INFO - [2024-03-07T11:26:10.632+0000] {dag.py:3441} INFO - Setting next_dagrun for mlops_dag to 2023-01-01T00:00:00+00:00, run_after=2023-01-02T00:00:00+00:00
[2024-03-07T11:26:10.710+0000] {processor.py:175} INFO - Processing /opt/airflow/dags/model_training_and_deployment_dag.py took 0.164 seconds
[2024-03-07T11:26:40.840+0000] {processor.py:153} INFO - Started process (PID=6896) to work on /opt/airflow/dags/model_training_and_deployment_dag.py
[2024-03-07T11:26:40.881+0000] {processor.py:743} INFO - Processing file /opt/airflow/dags/model_training_and_deployment_dag.py for tasks to queue
[2024-03-07T11:26:40.882+0000] {logging_mixin.py:137} INFO - [2024-03-07T11:26:40.882+0000] {dagbag.py:538} INFO - Filling up the DagBag from /opt/airflow/dags/model_training_and_deployment_dag.py
[2024-03-07T11:26:40.901+0000] {processor.py:753} INFO - DAG(s) dict_keys(['mlops_dag']) retrieved from /opt/airflow/dags/model_training_and_deployment_dag.py
[2024-03-07T11:26:40.929+0000] {logging_mixin.py:137} INFO - [2024-03-07T11:26:40.929+0000] {dag.py:2690} INFO - Sync 1 DAGs
[2024-03-07T11:26:40.960+0000] {logging_mixin.py:137} INFO - [2024-03-07T11:26:40.960+0000] {dag.py:3441} INFO - Setting next_dagrun for mlops_dag to 2023-01-01T00:00:00+00:00, run_after=2023-01-02T00:00:00+00:00
[2024-03-07T11:26:41.079+0000] {processor.py:175} INFO - Processing /opt/airflow/dags/model_training_and_deployment_dag.py took 0.242 seconds
[2024-03-07T11:27:11.312+0000] {processor.py:153} INFO - Started process (PID=6972) to work on /opt/airflow/dags/model_training_and_deployment_dag.py
[2024-03-07T11:27:11.313+0000] {processor.py:743} INFO - Processing file /opt/airflow/dags/model_training_and_deployment_dag.py for tasks to queue
[2024-03-07T11:27:11.317+0000] {logging_mixin.py:137} INFO - [2024-03-07T11:27:11.316+0000] {dagbag.py:538} INFO - Filling up the DagBag from /opt/airflow/dags/model_training_and_deployment_dag.py
[2024-03-07T11:27:11.336+0000] {processor.py:753} INFO - DAG(s) dict_keys(['mlops_dag']) retrieved from /opt/airflow/dags/model_training_and_deployment_dag.py
[2024-03-07T11:27:11.364+0000] {logging_mixin.py:137} INFO - [2024-03-07T11:27:11.363+0000] {dag.py:2690} INFO - Sync 1 DAGs
[2024-03-07T11:27:11.394+0000] {logging_mixin.py:137} INFO - [2024-03-07T11:27:11.393+0000] {dag.py:3441} INFO - Setting next_dagrun for mlops_dag to 2023-01-01T00:00:00+00:00, run_after=2023-01-02T00:00:00+00:00
[2024-03-07T11:27:11.434+0000] {processor.py:175} INFO - Processing /opt/airflow/dags/model_training_and_deployment_dag.py took 0.125 seconds
[2024-03-07T11:27:41.683+0000] {processor.py:153} INFO - Started process (PID=7035) to work on /opt/airflow/dags/model_training_and_deployment_dag.py
[2024-03-07T11:27:41.716+0000] {processor.py:743} INFO - Processing file /opt/airflow/dags/model_training_and_deployment_dag.py for tasks to queue
[2024-03-07T11:27:41.717+0000] {logging_mixin.py:137} INFO - [2024-03-07T11:27:41.717+0000] {dagbag.py:538} INFO - Filling up the DagBag from /opt/airflow/dags/model_training_and_deployment_dag.py
[2024-03-07T11:27:41.736+0000] {processor.py:753} INFO - DAG(s) dict_keys(['mlops_dag']) retrieved from /opt/airflow/dags/model_training_and_deployment_dag.py
[2024-03-07T11:27:41.763+0000] {logging_mixin.py:137} INFO - [2024-03-07T11:27:41.763+0000] {dag.py:2690} INFO - Sync 1 DAGs
[2024-03-07T11:27:41.792+0000] {logging_mixin.py:137} INFO - [2024-03-07T11:27:41.792+0000] {dag.py:3441} INFO - Setting next_dagrun for mlops_dag to 2023-01-01T00:00:00+00:00, run_after=2023-01-02T00:00:00+00:00
[2024-03-07T11:27:41.825+0000] {processor.py:175} INFO - Processing /opt/airflow/dags/model_training_and_deployment_dag.py took 0.148 seconds
[2024-03-07T11:28:12.398+0000] {processor.py:153} INFO - Started process (PID=7115) to work on /opt/airflow/dags/model_training_and_deployment_dag.py
[2024-03-07T11:28:12.399+0000] {processor.py:743} INFO - Processing file /opt/airflow/dags/model_training_and_deployment_dag.py for tasks to queue
[2024-03-07T11:28:12.400+0000] {logging_mixin.py:137} INFO - [2024-03-07T11:28:12.399+0000] {dagbag.py:538} INFO - Filling up the DagBag from /opt/airflow/dags/model_training_and_deployment_dag.py
[2024-03-07T11:28:12.434+0000] {processor.py:753} INFO - DAG(s) dict_keys(['mlops_dag']) retrieved from /opt/airflow/dags/model_training_and_deployment_dag.py
[2024-03-07T11:28:12.479+0000] {logging_mixin.py:137} INFO - [2024-03-07T11:28:12.478+0000] {dag.py:2690} INFO - Sync 1 DAGs
[2024-03-07T11:28:12.514+0000] {logging_mixin.py:137} INFO - [2024-03-07T11:28:12.514+0000] {dag.py:3441} INFO - Setting next_dagrun for mlops_dag to 2023-01-01T00:00:00+00:00, run_after=2023-01-02T00:00:00+00:00
[2024-03-07T11:28:12.579+0000] {processor.py:175} INFO - Processing /opt/airflow/dags/model_training_and_deployment_dag.py took 0.196 seconds
[2024-03-07T11:28:42.957+0000] {processor.py:153} INFO - Started process (PID=7182) to work on /opt/airflow/dags/model_training_and_deployment_dag.py
[2024-03-07T11:28:42.958+0000] {processor.py:743} INFO - Processing file /opt/airflow/dags/model_training_and_deployment_dag.py for tasks to queue
[2024-03-07T11:28:42.959+0000] {logging_mixin.py:137} INFO - [2024-03-07T11:28:42.959+0000] {dagbag.py:538} INFO - Filling up the DagBag from /opt/airflow/dags/model_training_and_deployment_dag.py
[2024-03-07T11:28:42.978+0000] {processor.py:753} INFO - DAG(s) dict_keys(['mlops_dag']) retrieved from /opt/airflow/dags/model_training_and_deployment_dag.py
[2024-03-07T11:28:43.007+0000] {logging_mixin.py:137} INFO - [2024-03-07T11:28:43.006+0000] {dag.py:2690} INFO - Sync 1 DAGs
[2024-03-07T11:28:43.037+0000] {logging_mixin.py:137} INFO - [2024-03-07T11:28:43.037+0000] {dag.py:3441} INFO - Setting next_dagrun for mlops_dag to 2023-01-01T00:00:00+00:00, run_after=2023-01-02T00:00:00+00:00
[2024-03-07T11:28:43.109+0000] {processor.py:175} INFO - Processing /opt/airflow/dags/model_training_and_deployment_dag.py took 0.156 seconds
[2024-03-07T11:29:13.270+0000] {processor.py:153} INFO - Started process (PID=7247) to work on /opt/airflow/dags/model_training_and_deployment_dag.py
[2024-03-07T11:29:13.271+0000] {processor.py:743} INFO - Processing file /opt/airflow/dags/model_training_and_deployment_dag.py for tasks to queue
[2024-03-07T11:29:13.272+0000] {logging_mixin.py:137} INFO - [2024-03-07T11:29:13.272+0000] {dagbag.py:538} INFO - Filling up the DagBag from /opt/airflow/dags/model_training_and_deployment_dag.py
[2024-03-07T11:29:13.291+0000] {processor.py:753} INFO - DAG(s) dict_keys(['mlops_dag']) retrieved from /opt/airflow/dags/model_training_and_deployment_dag.py
[2024-03-07T11:29:13.318+0000] {logging_mixin.py:137} INFO - [2024-03-07T11:29:13.318+0000] {dag.py:2690} INFO - Sync 1 DAGs
[2024-03-07T11:29:13.349+0000] {logging_mixin.py:137} INFO - [2024-03-07T11:29:13.348+0000] {dag.py:3441} INFO - Setting next_dagrun for mlops_dag to 2023-01-01T00:00:00+00:00, run_after=2023-01-02T00:00:00+00:00
[2024-03-07T11:29:13.382+0000] {processor.py:175} INFO - Processing /opt/airflow/dags/model_training_and_deployment_dag.py took 0.115 seconds
[2024-03-07T11:29:43.639+0000] {processor.py:153} INFO - Started process (PID=7323) to work on /opt/airflow/dags/model_training_and_deployment_dag.py
[2024-03-07T11:29:43.640+0000] {processor.py:743} INFO - Processing file /opt/airflow/dags/model_training_and_deployment_dag.py for tasks to queue
[2024-03-07T11:29:43.640+0000] {logging_mixin.py:137} INFO - [2024-03-07T11:29:43.640+0000] {dagbag.py:538} INFO - Filling up the DagBag from /opt/airflow/dags/model_training_and_deployment_dag.py
[2024-03-07T11:29:43.660+0000] {processor.py:753} INFO - DAG(s) dict_keys(['mlops_dag']) retrieved from /opt/airflow/dags/model_training_and_deployment_dag.py
[2024-03-07T11:29:43.688+0000] {logging_mixin.py:137} INFO - [2024-03-07T11:29:43.688+0000] {dag.py:2690} INFO - Sync 1 DAGs
[2024-03-07T11:29:43.718+0000] {logging_mixin.py:137} INFO - [2024-03-07T11:29:43.718+0000] {dag.py:3441} INFO - Setting next_dagrun for mlops_dag to 2023-01-01T00:00:00+00:00, run_after=2023-01-02T00:00:00+00:00
[2024-03-07T11:29:43.749+0000] {processor.py:175} INFO - Processing /opt/airflow/dags/model_training_and_deployment_dag.py took 0.114 seconds
[2024-03-07T11:30:13.973+0000] {processor.py:153} INFO - Started process (PID=7388) to work on /opt/airflow/dags/model_training_and_deployment_dag.py
[2024-03-07T11:30:14.040+0000] {processor.py:743} INFO - Processing file /opt/airflow/dags/model_training_and_deployment_dag.py for tasks to queue
[2024-03-07T11:30:14.042+0000] {logging_mixin.py:137} INFO - [2024-03-07T11:30:14.041+0000] {dagbag.py:538} INFO - Filling up the DagBag from /opt/airflow/dags/model_training_and_deployment_dag.py
[2024-03-07T11:30:14.079+0000] {processor.py:753} INFO - DAG(s) dict_keys(['mlops_dag']) retrieved from /opt/airflow/dags/model_training_and_deployment_dag.py
[2024-03-07T11:30:14.107+0000] {logging_mixin.py:137} INFO - [2024-03-07T11:30:14.107+0000] {dag.py:2690} INFO - Sync 1 DAGs
[2024-03-07T11:30:14.138+0000] {logging_mixin.py:137} INFO - [2024-03-07T11:30:14.137+0000] {dag.py:3441} INFO - Setting next_dagrun for mlops_dag to 2023-01-01T00:00:00+00:00, run_after=2023-01-02T00:00:00+00:00
[2024-03-07T11:30:14.161+0000] {processor.py:175} INFO - Processing /opt/airflow/dags/model_training_and_deployment_dag.py took 0.192 seconds
[2024-03-07T11:30:44.440+0000] {processor.py:153} INFO - Started process (PID=7464) to work on /opt/airflow/dags/model_training_and_deployment_dag.py
[2024-03-07T11:30:44.441+0000] {processor.py:743} INFO - Processing file /opt/airflow/dags/model_training_and_deployment_dag.py for tasks to queue
[2024-03-07T11:30:44.457+0000] {logging_mixin.py:137} INFO - [2024-03-07T11:30:44.441+0000] {dagbag.py:538} INFO - Filling up the DagBag from /opt/airflow/dags/model_training_and_deployment_dag.py
[2024-03-07T11:30:44.491+0000] {processor.py:753} INFO - DAG(s) dict_keys(['mlops_dag']) retrieved from /opt/airflow/dags/model_training_and_deployment_dag.py
[2024-03-07T11:30:44.542+0000] {logging_mixin.py:137} INFO - [2024-03-07T11:30:44.542+0000] {dag.py:2690} INFO - Sync 1 DAGs
[2024-03-07T11:30:44.659+0000] {logging_mixin.py:137} INFO - [2024-03-07T11:30:44.659+0000] {dag.py:3441} INFO - Setting next_dagrun for mlops_dag to 2023-01-01T00:00:00+00:00, run_after=2023-01-02T00:00:00+00:00
[2024-03-07T11:30:44.696+0000] {processor.py:175} INFO - Processing /opt/airflow/dags/model_training_and_deployment_dag.py took 0.270 seconds
[2024-03-07T11:31:14.786+0000] {processor.py:153} INFO - Started process (PID=7529) to work on /opt/airflow/dags/model_training_and_deployment_dag.py
[2024-03-07T11:31:14.809+0000] {processor.py:743} INFO - Processing file /opt/airflow/dags/model_training_and_deployment_dag.py for tasks to queue
[2024-03-07T11:31:14.810+0000] {logging_mixin.py:137} INFO - [2024-03-07T11:31:14.810+0000] {dagbag.py:538} INFO - Filling up the DagBag from /opt/airflow/dags/model_training_and_deployment_dag.py
[2024-03-07T11:31:14.830+0000] {processor.py:753} INFO - DAG(s) dict_keys(['mlops_dag']) retrieved from /opt/airflow/dags/model_training_and_deployment_dag.py
[2024-03-07T11:31:14.859+0000] {logging_mixin.py:137} INFO - [2024-03-07T11:31:14.858+0000] {dag.py:2690} INFO - Sync 1 DAGs
[2024-03-07T11:31:14.889+0000] {logging_mixin.py:137} INFO - [2024-03-07T11:31:14.889+0000] {dag.py:3441} INFO - Setting next_dagrun for mlops_dag to 2023-01-01T00:00:00+00:00, run_after=2023-01-02T00:00:00+00:00
[2024-03-07T11:31:14.920+0000] {processor.py:175} INFO - Processing /opt/airflow/dags/model_training_and_deployment_dag.py took 0.140 seconds
[2024-03-07T11:31:45.145+0000] {processor.py:153} INFO - Started process (PID=7593) to work on /opt/airflow/dags/model_training_and_deployment_dag.py
[2024-03-07T11:31:45.146+0000] {processor.py:743} INFO - Processing file /opt/airflow/dags/model_training_and_deployment_dag.py for tasks to queue
[2024-03-07T11:31:45.147+0000] {logging_mixin.py:137} INFO - [2024-03-07T11:31:45.146+0000] {dagbag.py:538} INFO - Filling up the DagBag from /opt/airflow/dags/model_training_and_deployment_dag.py
[2024-03-07T11:31:45.167+0000] {processor.py:753} INFO - DAG(s) dict_keys(['mlops_dag']) retrieved from /opt/airflow/dags/model_training_and_deployment_dag.py
[2024-03-07T11:31:45.196+0000] {logging_mixin.py:137} INFO - [2024-03-07T11:31:45.196+0000] {dag.py:2690} INFO - Sync 1 DAGs
[2024-03-07T11:31:45.228+0000] {logging_mixin.py:137} INFO - [2024-03-07T11:31:45.228+0000] {dag.py:3441} INFO - Setting next_dagrun for mlops_dag to 2023-01-01T00:00:00+00:00, run_after=2023-01-02T00:00:00+00:00
[2024-03-07T11:31:45.265+0000] {processor.py:175} INFO - Processing /opt/airflow/dags/model_training_and_deployment_dag.py took 0.126 seconds
[2024-03-07T11:32:15.294+0000] {processor.py:153} INFO - Started process (PID=7670) to work on /opt/airflow/dags/model_training_and_deployment_dag.py
[2024-03-07T11:32:15.343+0000] {processor.py:743} INFO - Processing file /opt/airflow/dags/model_training_and_deployment_dag.py for tasks to queue
[2024-03-07T11:32:15.344+0000] {logging_mixin.py:137} INFO - [2024-03-07T11:32:15.344+0000] {dagbag.py:538} INFO - Filling up the DagBag from /opt/airflow/dags/model_training_and_deployment_dag.py
[2024-03-07T11:32:15.381+0000] {processor.py:753} INFO - DAG(s) dict_keys(['mlops_dag']) retrieved from /opt/airflow/dags/model_training_and_deployment_dag.py
[2024-03-07T11:32:15.424+0000] {logging_mixin.py:137} INFO - [2024-03-07T11:32:15.424+0000] {dag.py:2690} INFO - Sync 1 DAGs
[2024-03-07T11:32:15.457+0000] {logging_mixin.py:137} INFO - [2024-03-07T11:32:15.457+0000] {dag.py:3441} INFO - Setting next_dagrun for mlops_dag to 2023-01-01T00:00:00+00:00, run_after=2023-01-02T00:00:00+00:00
[2024-03-07T11:32:15.488+0000] {processor.py:175} INFO - Processing /opt/airflow/dags/model_training_and_deployment_dag.py took 0.202 seconds
[2024-03-07T11:32:46.293+0000] {processor.py:153} INFO - Started process (PID=7735) to work on /opt/airflow/dags/model_training_and_deployment_dag.py
[2024-03-07T11:32:46.294+0000] {processor.py:743} INFO - Processing file /opt/airflow/dags/model_training_and_deployment_dag.py for tasks to queue
[2024-03-07T11:32:46.295+0000] {logging_mixin.py:137} INFO - [2024-03-07T11:32:46.294+0000] {dagbag.py:538} INFO - Filling up the DagBag from /opt/airflow/dags/model_training_and_deployment_dag.py
[2024-03-07T11:32:46.315+0000] {processor.py:753} INFO - DAG(s) dict_keys(['mlops_dag']) retrieved from /opt/airflow/dags/model_training_and_deployment_dag.py
[2024-03-07T11:32:46.342+0000] {logging_mixin.py:137} INFO - [2024-03-07T11:32:46.342+0000] {dag.py:2690} INFO - Sync 1 DAGs
[2024-03-07T11:32:46.373+0000] {logging_mixin.py:137} INFO - [2024-03-07T11:32:46.372+0000] {dag.py:3441} INFO - Setting next_dagrun for mlops_dag to 2023-01-01T00:00:00+00:00, run_after=2023-01-02T00:00:00+00:00
[2024-03-07T11:32:46.567+0000] {processor.py:175} INFO - Processing /opt/airflow/dags/model_training_and_deployment_dag.py took 0.278 seconds
[2024-03-07T11:33:17.435+0000] {processor.py:153} INFO - Started process (PID=7800) to work on /opt/airflow/dags/model_training_and_deployment_dag.py
[2024-03-07T11:33:17.456+0000] {processor.py:743} INFO - Processing file /opt/airflow/dags/model_training_and_deployment_dag.py for tasks to queue
[2024-03-07T11:33:17.458+0000] {logging_mixin.py:137} INFO - [2024-03-07T11:33:17.458+0000] {dagbag.py:538} INFO - Filling up the DagBag from /opt/airflow/dags/model_training_and_deployment_dag.py
[2024-03-07T11:33:17.516+0000] {processor.py:753} INFO - DAG(s) dict_keys(['mlops_dag']) retrieved from /opt/airflow/dags/model_training_and_deployment_dag.py
[2024-03-07T11:33:17.558+0000] {logging_mixin.py:137} INFO - [2024-03-07T11:33:17.558+0000] {dag.py:2690} INFO - Sync 1 DAGs
[2024-03-07T11:33:17.592+0000] {logging_mixin.py:137} INFO - [2024-03-07T11:33:17.591+0000] {dag.py:3441} INFO - Setting next_dagrun for mlops_dag to 2023-01-01T00:00:00+00:00, run_after=2023-01-02T00:00:00+00:00
[2024-03-07T11:33:17.625+0000] {processor.py:175} INFO - Processing /opt/airflow/dags/model_training_and_deployment_dag.py took 0.201 seconds
[2024-03-07T11:33:47.930+0000] {processor.py:153} INFO - Started process (PID=7877) to work on /opt/airflow/dags/model_training_and_deployment_dag.py
[2024-03-07T11:33:47.931+0000] {processor.py:743} INFO - Processing file /opt/airflow/dags/model_training_and_deployment_dag.py for tasks to queue
[2024-03-07T11:33:47.931+0000] {logging_mixin.py:137} INFO - [2024-03-07T11:33:47.931+0000] {dagbag.py:538} INFO - Filling up the DagBag from /opt/airflow/dags/model_training_and_deployment_dag.py
[2024-03-07T11:33:47.952+0000] {processor.py:753} INFO - DAG(s) dict_keys(['mlops_dag']) retrieved from /opt/airflow/dags/model_training_and_deployment_dag.py
[2024-03-07T11:33:47.995+0000] {logging_mixin.py:137} INFO - [2024-03-07T11:33:47.995+0000] {dag.py:2690} INFO - Sync 1 DAGs
[2024-03-07T11:33:48.036+0000] {logging_mixin.py:137} INFO - [2024-03-07T11:33:48.036+0000] {dag.py:3441} INFO - Setting next_dagrun for mlops_dag to 2023-01-01T00:00:00+00:00, run_after=2023-01-02T00:00:00+00:00
[2024-03-07T11:33:48.127+0000] {processor.py:175} INFO - Processing /opt/airflow/dags/model_training_and_deployment_dag.py took 0.201 seconds
[2024-03-07T11:34:18.538+0000] {processor.py:153} INFO - Started process (PID=7943) to work on /opt/airflow/dags/model_training_and_deployment_dag.py
[2024-03-07T11:34:18.579+0000] {processor.py:743} INFO - Processing file /opt/airflow/dags/model_training_and_deployment_dag.py for tasks to queue
[2024-03-07T11:34:18.579+0000] {logging_mixin.py:137} INFO - [2024-03-07T11:34:18.579+0000] {dagbag.py:538} INFO - Filling up the DagBag from /opt/airflow/dags/model_training_and_deployment_dag.py
[2024-03-07T11:34:18.599+0000] {processor.py:753} INFO - DAG(s) dict_keys(['mlops_dag']) retrieved from /opt/airflow/dags/model_training_and_deployment_dag.py
[2024-03-07T11:34:18.628+0000] {logging_mixin.py:137} INFO - [2024-03-07T11:34:18.628+0000] {dag.py:2690} INFO - Sync 1 DAGs
[2024-03-07T11:34:18.659+0000] {logging_mixin.py:137} INFO - [2024-03-07T11:34:18.659+0000] {dag.py:3441} INFO - Setting next_dagrun for mlops_dag to 2023-01-01T00:00:00+00:00, run_after=2023-01-02T00:00:00+00:00
[2024-03-07T11:34:18.725+0000] {processor.py:175} INFO - Processing /opt/airflow/dags/model_training_and_deployment_dag.py took 0.191 seconds
[2024-03-07T11:34:48.878+0000] {processor.py:153} INFO - Started process (PID=8015) to work on /opt/airflow/dags/model_training_and_deployment_dag.py
[2024-03-07T11:34:48.879+0000] {processor.py:743} INFO - Processing file /opt/airflow/dags/model_training_and_deployment_dag.py for tasks to queue
[2024-03-07T11:34:48.880+0000] {logging_mixin.py:137} INFO - [2024-03-07T11:34:48.880+0000] {dagbag.py:538} INFO - Filling up the DagBag from /opt/airflow/dags/model_training_and_deployment_dag.py
[2024-03-07T11:34:48.900+0000] {processor.py:753} INFO - DAG(s) dict_keys(['mlops_dag']) retrieved from /opt/airflow/dags/model_training_and_deployment_dag.py
[2024-03-07T11:34:48.930+0000] {logging_mixin.py:137} INFO - [2024-03-07T11:34:48.930+0000] {dag.py:2690} INFO - Sync 1 DAGs
[2024-03-07T11:34:48.963+0000] {logging_mixin.py:137} INFO - [2024-03-07T11:34:48.962+0000] {dag.py:3441} INFO - Setting next_dagrun for mlops_dag to 2023-01-01T00:00:00+00:00, run_after=2023-01-02T00:00:00+00:00
[2024-03-07T11:34:49.029+0000] {processor.py:175} INFO - Processing /opt/airflow/dags/model_training_and_deployment_dag.py took 0.155 seconds
[2024-03-07T11:35:19.478+0000] {processor.py:153} INFO - Started process (PID=8085) to work on /opt/airflow/dags/model_training_and_deployment_dag.py
[2024-03-07T11:35:19.523+0000] {processor.py:743} INFO - Processing file /opt/airflow/dags/model_training_and_deployment_dag.py for tasks to queue
[2024-03-07T11:35:19.524+0000] {logging_mixin.py:137} INFO - [2024-03-07T11:35:19.524+0000] {dagbag.py:538} INFO - Filling up the DagBag from /opt/airflow/dags/model_training_and_deployment_dag.py
[2024-03-07T11:35:19.543+0000] {processor.py:753} INFO - DAG(s) dict_keys(['mlops_dag']) retrieved from /opt/airflow/dags/model_training_and_deployment_dag.py
[2024-03-07T11:35:19.577+0000] {logging_mixin.py:137} INFO - [2024-03-07T11:35:19.576+0000] {dag.py:2690} INFO - Sync 1 DAGs
[2024-03-07T11:35:19.611+0000] {logging_mixin.py:137} INFO - [2024-03-07T11:35:19.611+0000] {dag.py:3441} INFO - Setting next_dagrun for mlops_dag to 2023-01-01T00:00:00+00:00, run_after=2023-01-02T00:00:00+00:00
[2024-03-07T11:35:19.650+0000] {processor.py:175} INFO - Processing /opt/airflow/dags/model_training_and_deployment_dag.py took 0.176 seconds
[2024-03-07T11:35:49.946+0000] {processor.py:153} INFO - Started process (PID=8152) to work on /opt/airflow/dags/model_training_and_deployment_dag.py
[2024-03-07T11:35:49.948+0000] {processor.py:743} INFO - Processing file /opt/airflow/dags/model_training_and_deployment_dag.py for tasks to queue
[2024-03-07T11:35:49.949+0000] {logging_mixin.py:137} INFO - [2024-03-07T11:35:49.948+0000] {dagbag.py:538} INFO - Filling up the DagBag from /opt/airflow/dags/model_training_and_deployment_dag.py
[2024-03-07T11:35:49.970+0000] {processor.py:753} INFO - DAG(s) dict_keys(['mlops_dag']) retrieved from /opt/airflow/dags/model_training_and_deployment_dag.py
[2024-03-07T11:35:49.998+0000] {logging_mixin.py:137} INFO - [2024-03-07T11:35:49.998+0000] {dag.py:2690} INFO - Sync 1 DAGs
[2024-03-07T11:35:50.029+0000] {logging_mixin.py:137} INFO - [2024-03-07T11:35:50.029+0000] {dag.py:3441} INFO - Setting next_dagrun for mlops_dag to 2023-01-01T00:00:00+00:00, run_after=2023-01-02T00:00:00+00:00
[2024-03-07T11:35:50.062+0000] {processor.py:175} INFO - Processing /opt/airflow/dags/model_training_and_deployment_dag.py took 0.123 seconds
[2024-03-07T11:36:20.621+0000] {processor.py:153} INFO - Started process (PID=8230) to work on /opt/airflow/dags/model_training_and_deployment_dag.py
[2024-03-07T11:36:20.635+0000] {processor.py:743} INFO - Processing file /opt/airflow/dags/model_training_and_deployment_dag.py for tasks to queue
[2024-03-07T11:36:20.636+0000] {logging_mixin.py:137} INFO - [2024-03-07T11:36:20.636+0000] {dagbag.py:538} INFO - Filling up the DagBag from /opt/airflow/dags/model_training_and_deployment_dag.py
[2024-03-07T11:36:20.656+0000] {processor.py:753} INFO - DAG(s) dict_keys(['mlops_dag']) retrieved from /opt/airflow/dags/model_training_and_deployment_dag.py
[2024-03-07T11:36:20.687+0000] {logging_mixin.py:137} INFO - [2024-03-07T11:36:20.687+0000] {dag.py:2690} INFO - Sync 1 DAGs
[2024-03-07T11:36:20.731+0000] {logging_mixin.py:137} INFO - [2024-03-07T11:36:20.731+0000] {dag.py:3441} INFO - Setting next_dagrun for mlops_dag to 2023-01-01T00:00:00+00:00, run_after=2023-01-02T00:00:00+00:00
[2024-03-07T11:36:20.763+0000] {processor.py:175} INFO - Processing /opt/airflow/dags/model_training_and_deployment_dag.py took 0.147 seconds
[2024-03-07T11:36:51.656+0000] {processor.py:153} INFO - Started process (PID=8295) to work on /opt/airflow/dags/model_training_and_deployment_dag.py
[2024-03-07T11:36:51.698+0000] {processor.py:743} INFO - Processing file /opt/airflow/dags/model_training_and_deployment_dag.py for tasks to queue
[2024-03-07T11:36:51.699+0000] {logging_mixin.py:137} INFO - [2024-03-07T11:36:51.699+0000] {dagbag.py:538} INFO - Filling up the DagBag from /opt/airflow/dags/model_training_and_deployment_dag.py
[2024-03-07T11:36:51.722+0000] {processor.py:753} INFO - DAG(s) dict_keys(['mlops_dag']) retrieved from /opt/airflow/dags/model_training_and_deployment_dag.py
[2024-03-07T11:36:51.750+0000] {logging_mixin.py:137} INFO - [2024-03-07T11:36:51.750+0000] {dag.py:2690} INFO - Sync 1 DAGs
[2024-03-07T11:36:51.781+0000] {logging_mixin.py:137} INFO - [2024-03-07T11:36:51.781+0000] {dag.py:3441} INFO - Setting next_dagrun for mlops_dag to 2023-01-01T00:00:00+00:00, run_after=2023-01-02T00:00:00+00:00
[2024-03-07T11:36:51.820+0000] {processor.py:175} INFO - Processing /opt/airflow/dags/model_training_and_deployment_dag.py took 0.174 seconds
[2024-03-07T11:37:22.594+0000] {processor.py:153} INFO - Started process (PID=8361) to work on /opt/airflow/dags/model_training_and_deployment_dag.py
[2024-03-07T11:37:22.595+0000] {processor.py:743} INFO - Processing file /opt/airflow/dags/model_training_and_deployment_dag.py for tasks to queue
[2024-03-07T11:37:22.596+0000] {logging_mixin.py:137} INFO - [2024-03-07T11:37:22.596+0000] {dagbag.py:538} INFO - Filling up the DagBag from /opt/airflow/dags/model_training_and_deployment_dag.py
[2024-03-07T11:37:22.615+0000] {processor.py:753} INFO - DAG(s) dict_keys(['mlops_dag']) retrieved from /opt/airflow/dags/model_training_and_deployment_dag.py
[2024-03-07T11:37:22.646+0000] {logging_mixin.py:137} INFO - [2024-03-07T11:37:22.645+0000] {dag.py:2690} INFO - Sync 1 DAGs
[2024-03-07T11:37:22.678+0000] {logging_mixin.py:137} INFO - [2024-03-07T11:37:22.678+0000] {dag.py:3441} INFO - Setting next_dagrun for mlops_dag to 2023-01-01T00:00:00+00:00, run_after=2023-01-02T00:00:00+00:00
[2024-03-07T11:37:22.709+0000] {processor.py:175} INFO - Processing /opt/airflow/dags/model_training_and_deployment_dag.py took 0.125 seconds
[2024-03-07T11:37:52.900+0000] {processor.py:153} INFO - Started process (PID=8439) to work on /opt/airflow/dags/model_training_and_deployment_dag.py
[2024-03-07T11:37:53.021+0000] {processor.py:743} INFO - Processing file /opt/airflow/dags/model_training_and_deployment_dag.py for tasks to queue
[2024-03-07T11:37:53.022+0000] {logging_mixin.py:137} INFO - [2024-03-07T11:37:53.022+0000] {dagbag.py:538} INFO - Filling up the DagBag from /opt/airflow/dags/model_training_and_deployment_dag.py
[2024-03-07T11:37:53.048+0000] {processor.py:753} INFO - DAG(s) dict_keys(['mlops_dag']) retrieved from /opt/airflow/dags/model_training_and_deployment_dag.py
[2024-03-07T11:37:53.095+0000] {logging_mixin.py:137} INFO - [2024-03-07T11:37:53.095+0000] {dag.py:2690} INFO - Sync 1 DAGs
[2024-03-07T11:37:53.154+0000] {logging_mixin.py:137} INFO - [2024-03-07T11:37:53.154+0000] {dag.py:3441} INFO - Setting next_dagrun for mlops_dag to 2023-01-01T00:00:00+00:00, run_after=2023-01-02T00:00:00+00:00
[2024-03-07T11:37:53.300+0000] {processor.py:175} INFO - Processing /opt/airflow/dags/model_training_and_deployment_dag.py took 0.404 seconds
[2024-03-07T11:38:23.908+0000] {processor.py:153} INFO - Started process (PID=8504) to work on /opt/airflow/dags/model_training_and_deployment_dag.py
[2024-03-07T11:38:23.909+0000] {processor.py:743} INFO - Processing file /opt/airflow/dags/model_training_and_deployment_dag.py for tasks to queue
[2024-03-07T11:38:23.910+0000] {logging_mixin.py:137} INFO - [2024-03-07T11:38:23.910+0000] {dagbag.py:538} INFO - Filling up the DagBag from /opt/airflow/dags/model_training_and_deployment_dag.py
[2024-03-07T11:38:23.934+0000] {processor.py:753} INFO - DAG(s) dict_keys(['mlops_dag']) retrieved from /opt/airflow/dags/model_training_and_deployment_dag.py
[2024-03-07T11:38:23.963+0000] {logging_mixin.py:137} INFO - [2024-03-07T11:38:23.962+0000] {dag.py:2690} INFO - Sync 1 DAGs
[2024-03-07T11:38:24.023+0000] {logging_mixin.py:137} INFO - [2024-03-07T11:38:24.023+0000] {dag.py:3441} INFO - Setting next_dagrun for mlops_dag to 2023-01-01T00:00:00+00:00, run_after=2023-01-02T00:00:00+00:00
[2024-03-07T11:38:24.332+0000] {processor.py:175} INFO - Processing /opt/airflow/dags/model_training_and_deployment_dag.py took 0.432 seconds
[2024-03-07T11:38:54.433+0000] {processor.py:153} INFO - Started process (PID=8570) to work on /opt/airflow/dags/model_training_and_deployment_dag.py
[2024-03-07T11:38:54.494+0000] {processor.py:743} INFO - Processing file /opt/airflow/dags/model_training_and_deployment_dag.py for tasks to queue
[2024-03-07T11:38:54.495+0000] {logging_mixin.py:137} INFO - [2024-03-07T11:38:54.495+0000] {dagbag.py:538} INFO - Filling up the DagBag from /opt/airflow/dags/model_training_and_deployment_dag.py
[2024-03-07T11:38:54.570+0000] {processor.py:753} INFO - DAG(s) dict_keys(['mlops_dag']) retrieved from /opt/airflow/dags/model_training_and_deployment_dag.py
[2024-03-07T11:38:54.618+0000] {logging_mixin.py:137} INFO - [2024-03-07T11:38:54.617+0000] {dag.py:2690} INFO - Sync 1 DAGs
[2024-03-07T11:38:54.657+0000] {logging_mixin.py:137} INFO - [2024-03-07T11:38:54.657+0000] {dag.py:3441} INFO - Setting next_dagrun for mlops_dag to 2023-01-01T00:00:00+00:00, run_after=2023-01-02T00:00:00+00:00
[2024-03-07T11:38:54.751+0000] {processor.py:175} INFO - Processing /opt/airflow/dags/model_training_and_deployment_dag.py took 0.322 seconds
[2024-03-07T11:39:24.898+0000] {processor.py:153} INFO - Started process (PID=8646) to work on /opt/airflow/dags/model_training_and_deployment_dag.py
[2024-03-07T11:39:24.899+0000] {processor.py:743} INFO - Processing file /opt/airflow/dags/model_training_and_deployment_dag.py for tasks to queue
[2024-03-07T11:39:24.900+0000] {logging_mixin.py:137} INFO - [2024-03-07T11:39:24.900+0000] {dagbag.py:538} INFO - Filling up the DagBag from /opt/airflow/dags/model_training_and_deployment_dag.py
[2024-03-07T11:39:24.921+0000] {processor.py:753} INFO - DAG(s) dict_keys(['mlops_dag']) retrieved from /opt/airflow/dags/model_training_and_deployment_dag.py
[2024-03-07T11:39:24.967+0000] {logging_mixin.py:137} INFO - [2024-03-07T11:39:24.967+0000] {dag.py:2690} INFO - Sync 1 DAGs
[2024-03-07T11:39:25.029+0000] {logging_mixin.py:137} INFO - [2024-03-07T11:39:25.029+0000] {dag.py:3441} INFO - Setting next_dagrun for mlops_dag to 2023-01-01T00:00:00+00:00, run_after=2023-01-02T00:00:00+00:00
[2024-03-07T11:39:25.089+0000] {processor.py:175} INFO - Processing /opt/airflow/dags/model_training_and_deployment_dag.py took 0.204 seconds
[2024-03-07T11:39:55.393+0000] {processor.py:153} INFO - Started process (PID=8707) to work on /opt/airflow/dags/model_training_and_deployment_dag.py
[2024-03-07T11:39:55.402+0000] {processor.py:743} INFO - Processing file /opt/airflow/dags/model_training_and_deployment_dag.py for tasks to queue
[2024-03-07T11:39:55.404+0000] {logging_mixin.py:137} INFO - [2024-03-07T11:39:55.403+0000] {dagbag.py:538} INFO - Filling up the DagBag from /opt/airflow/dags/model_training_and_deployment_dag.py
[2024-03-07T11:39:55.441+0000] {processor.py:753} INFO - DAG(s) dict_keys(['mlops_dag']) retrieved from /opt/airflow/dags/model_training_and_deployment_dag.py
[2024-03-07T11:39:55.476+0000] {logging_mixin.py:137} INFO - [2024-03-07T11:39:55.475+0000] {dag.py:2690} INFO - Sync 1 DAGs
[2024-03-07T11:39:55.514+0000] {logging_mixin.py:137} INFO - [2024-03-07T11:39:55.514+0000] {dag.py:3441} INFO - Setting next_dagrun for mlops_dag to 2023-01-01T00:00:00+00:00, run_after=2023-01-02T00:00:00+00:00
[2024-03-07T11:39:55.584+0000] {processor.py:175} INFO - Processing /opt/airflow/dags/model_training_and_deployment_dag.py took 0.198 seconds
[2024-03-07T11:40:26.227+0000] {processor.py:153} INFO - Started process (PID=8776) to work on /opt/airflow/dags/model_training_and_deployment_dag.py
[2024-03-07T11:40:26.228+0000] {processor.py:743} INFO - Processing file /opt/airflow/dags/model_training_and_deployment_dag.py for tasks to queue
[2024-03-07T11:40:26.229+0000] {logging_mixin.py:137} INFO - [2024-03-07T11:40:26.228+0000] {dagbag.py:538} INFO - Filling up the DagBag from /opt/airflow/dags/model_training_and_deployment_dag.py
[2024-03-07T11:40:26.275+0000] {processor.py:753} INFO - DAG(s) dict_keys(['mlops_dag']) retrieved from /opt/airflow/dags/model_training_and_deployment_dag.py
[2024-03-07T11:40:26.327+0000] {logging_mixin.py:137} INFO - [2024-03-07T11:40:26.326+0000] {dag.py:2690} INFO - Sync 1 DAGs
[2024-03-07T11:40:26.365+0000] {logging_mixin.py:137} INFO - [2024-03-07T11:40:26.365+0000] {dag.py:3441} INFO - Setting next_dagrun for mlops_dag to 2023-01-01T00:00:00+00:00, run_after=2023-01-02T00:00:00+00:00
[2024-03-07T11:40:26.407+0000] {processor.py:175} INFO - Processing /opt/airflow/dags/model_training_and_deployment_dag.py took 0.189 seconds
[2024-03-07T11:40:56.709+0000] {processor.py:153} INFO - Started process (PID=8841) to work on /opt/airflow/dags/model_training_and_deployment_dag.py
[2024-03-07T11:40:56.741+0000] {processor.py:743} INFO - Processing file /opt/airflow/dags/model_training_and_deployment_dag.py for tasks to queue
[2024-03-07T11:40:56.742+0000] {logging_mixin.py:137} INFO - [2024-03-07T11:40:56.742+0000] {dagbag.py:538} INFO - Filling up the DagBag from /opt/airflow/dags/model_training_and_deployment_dag.py
[2024-03-07T11:40:56.770+0000] {processor.py:753} INFO - DAG(s) dict_keys(['mlops_dag']) retrieved from /opt/airflow/dags/model_training_and_deployment_dag.py
[2024-03-07T11:40:56.822+0000] {logging_mixin.py:137} INFO - [2024-03-07T11:40:56.821+0000] {dag.py:2690} INFO - Sync 1 DAGs
[2024-03-07T11:40:56.871+0000] {logging_mixin.py:137} INFO - [2024-03-07T11:40:56.871+0000] {dag.py:3441} INFO - Setting next_dagrun for mlops_dag to 2023-01-01T00:00:00+00:00, run_after=2023-01-02T00:00:00+00:00
[2024-03-07T11:40:56.925+0000] {processor.py:175} INFO - Processing /opt/airflow/dags/model_training_and_deployment_dag.py took 0.228 seconds
[2024-03-07T11:41:27.099+0000] {processor.py:153} INFO - Started process (PID=8906) to work on /opt/airflow/dags/model_training_and_deployment_dag.py
[2024-03-07T11:41:27.105+0000] {processor.py:743} INFO - Processing file /opt/airflow/dags/model_training_and_deployment_dag.py for tasks to queue
[2024-03-07T11:41:27.106+0000] {logging_mixin.py:137} INFO - [2024-03-07T11:41:27.106+0000] {dagbag.py:538} INFO - Filling up the DagBag from /opt/airflow/dags/model_training_and_deployment_dag.py
[2024-03-07T11:41:27.135+0000] {processor.py:753} INFO - DAG(s) dict_keys(['mlops_dag']) retrieved from /opt/airflow/dags/model_training_and_deployment_dag.py
[2024-03-07T11:41:27.173+0000] {logging_mixin.py:137} INFO - [2024-03-07T11:41:27.173+0000] {dag.py:2690} INFO - Sync 1 DAGs
[2024-03-07T11:41:27.215+0000] {logging_mixin.py:137} INFO - [2024-03-07T11:41:27.215+0000] {dag.py:3441} INFO - Setting next_dagrun for mlops_dag to 2023-01-01T00:00:00+00:00, run_after=2023-01-02T00:00:00+00:00
[2024-03-07T11:41:27.258+0000] {processor.py:175} INFO - Processing /opt/airflow/dags/model_training_and_deployment_dag.py took 0.164 seconds
[2024-03-07T11:41:57.597+0000] {processor.py:153} INFO - Started process (PID=8971) to work on /opt/airflow/dags/model_training_and_deployment_dag.py
[2024-03-07T11:41:57.643+0000] {processor.py:743} INFO - Processing file /opt/airflow/dags/model_training_and_deployment_dag.py for tasks to queue
[2024-03-07T11:41:57.645+0000] {logging_mixin.py:137} INFO - [2024-03-07T11:41:57.644+0000] {dagbag.py:538} INFO - Filling up the DagBag from /opt/airflow/dags/model_training_and_deployment_dag.py
[2024-03-07T11:41:57.715+0000] {processor.py:753} INFO - DAG(s) dict_keys(['mlops_dag']) retrieved from /opt/airflow/dags/model_training_and_deployment_dag.py
[2024-03-07T11:41:57.760+0000] {logging_mixin.py:137} INFO - [2024-03-07T11:41:57.760+0000] {dag.py:2690} INFO - Sync 1 DAGs
[2024-03-07T11:41:57.798+0000] {logging_mixin.py:137} INFO - [2024-03-07T11:41:57.798+0000] {dag.py:3441} INFO - Setting next_dagrun for mlops_dag to 2023-01-01T00:00:00+00:00, run_after=2023-01-02T00:00:00+00:00
[2024-03-07T11:41:57.847+0000] {processor.py:175} INFO - Processing /opt/airflow/dags/model_training_and_deployment_dag.py took 0.255 seconds
[2024-03-07T11:42:28.585+0000] {processor.py:153} INFO - Started process (PID=9048) to work on /opt/airflow/dags/model_training_and_deployment_dag.py
[2024-03-07T11:42:28.606+0000] {processor.py:743} INFO - Processing file /opt/airflow/dags/model_training_and_deployment_dag.py for tasks to queue
[2024-03-07T11:42:28.606+0000] {logging_mixin.py:137} INFO - [2024-03-07T11:42:28.606+0000] {dagbag.py:538} INFO - Filling up the DagBag from /opt/airflow/dags/model_training_and_deployment_dag.py
[2024-03-07T11:42:28.667+0000] {processor.py:753} INFO - DAG(s) dict_keys(['mlops_dag']) retrieved from /opt/airflow/dags/model_training_and_deployment_dag.py
[2024-03-07T11:42:28.718+0000] {logging_mixin.py:137} INFO - [2024-03-07T11:42:28.717+0000] {dag.py:2690} INFO - Sync 1 DAGs
[2024-03-07T11:42:28.757+0000] {logging_mixin.py:137} INFO - [2024-03-07T11:42:28.757+0000] {dag.py:3441} INFO - Setting next_dagrun for mlops_dag to 2023-01-01T00:00:00+00:00, run_after=2023-01-02T00:00:00+00:00
[2024-03-07T11:42:28.835+0000] {processor.py:175} INFO - Processing /opt/airflow/dags/model_training_and_deployment_dag.py took 0.272 seconds
[2024-03-07T11:42:59.455+0000] {processor.py:153} INFO - Started process (PID=9111) to work on /opt/airflow/dags/model_training_and_deployment_dag.py
[2024-03-07T11:42:59.456+0000] {processor.py:743} INFO - Processing file /opt/airflow/dags/model_training_and_deployment_dag.py for tasks to queue
[2024-03-07T11:42:59.457+0000] {logging_mixin.py:137} INFO - [2024-03-07T11:42:59.457+0000] {dagbag.py:538} INFO - Filling up the DagBag from /opt/airflow/dags/model_training_and_deployment_dag.py
[2024-03-07T11:42:59.485+0000] {processor.py:753} INFO - DAG(s) dict_keys(['mlops_dag']) retrieved from /opt/airflow/dags/model_training_and_deployment_dag.py
[2024-03-07T11:42:59.524+0000] {logging_mixin.py:137} INFO - [2024-03-07T11:42:59.523+0000] {dag.py:2690} INFO - Sync 1 DAGs
[2024-03-07T11:42:59.563+0000] {logging_mixin.py:137} INFO - [2024-03-07T11:42:59.563+0000] {dag.py:3441} INFO - Setting next_dagrun for mlops_dag to 2023-01-01T00:00:00+00:00, run_after=2023-01-02T00:00:00+00:00
[2024-03-07T11:42:59.611+0000] {processor.py:175} INFO - Processing /opt/airflow/dags/model_training_and_deployment_dag.py took 0.162 seconds
[2024-03-07T11:43:29.679+0000] {processor.py:153} INFO - Started process (PID=9175) to work on /opt/airflow/dags/model_training_and_deployment_dag.py
[2024-03-07T11:43:29.680+0000] {processor.py:743} INFO - Processing file /opt/airflow/dags/model_training_and_deployment_dag.py for tasks to queue
[2024-03-07T11:43:29.681+0000] {logging_mixin.py:137} INFO - [2024-03-07T11:43:29.681+0000] {dagbag.py:538} INFO - Filling up the DagBag from /opt/airflow/dags/model_training_and_deployment_dag.py
[2024-03-07T11:43:29.704+0000] {processor.py:753} INFO - DAG(s) dict_keys(['mlops_dag']) retrieved from /opt/airflow/dags/model_training_and_deployment_dag.py
[2024-03-07T11:43:29.745+0000] {logging_mixin.py:137} INFO - [2024-03-07T11:43:29.745+0000] {dag.py:2690} INFO - Sync 1 DAGs
[2024-03-07T11:43:29.831+0000] {logging_mixin.py:137} INFO - [2024-03-07T11:43:29.831+0000] {dag.py:3441} INFO - Setting next_dagrun for mlops_dag to 2023-01-01T00:00:00+00:00, run_after=2023-01-02T00:00:00+00:00
[2024-03-07T11:43:29.890+0000] {processor.py:175} INFO - Processing /opt/airflow/dags/model_training_and_deployment_dag.py took 0.216 seconds
[2024-03-07T11:43:59.962+0000] {processor.py:153} INFO - Started process (PID=9240) to work on /opt/airflow/dags/model_training_and_deployment_dag.py
[2024-03-07T11:43:59.963+0000] {processor.py:743} INFO - Processing file /opt/airflow/dags/model_training_and_deployment_dag.py for tasks to queue
[2024-03-07T11:43:59.963+0000] {logging_mixin.py:137} INFO - [2024-03-07T11:43:59.963+0000] {dagbag.py:538} INFO - Filling up the DagBag from /opt/airflow/dags/model_training_and_deployment_dag.py
[2024-03-07T11:43:59.996+0000] {processor.py:753} INFO - DAG(s) dict_keys(['mlops_dag']) retrieved from /opt/airflow/dags/model_training_and_deployment_dag.py
[2024-03-07T11:44:00.046+0000] {logging_mixin.py:137} INFO - [2024-03-07T11:44:00.045+0000] {dag.py:2690} INFO - Sync 1 DAGs
[2024-03-07T11:44:00.111+0000] {logging_mixin.py:137} INFO - [2024-03-07T11:44:00.103+0000] {dag.py:3441} INFO - Setting next_dagrun for mlops_dag to 2023-01-01T00:00:00+00:00, run_after=2023-01-02T00:00:00+00:00
[2024-03-07T11:44:00.184+0000] {processor.py:175} INFO - Processing /opt/airflow/dags/model_training_and_deployment_dag.py took 0.233 seconds
[2024-03-07T11:44:30.336+0000] {processor.py:153} INFO - Started process (PID=9312) to work on /opt/airflow/dags/model_training_and_deployment_dag.py
[2024-03-07T11:44:30.360+0000] {processor.py:743} INFO - Processing file /opt/airflow/dags/model_training_and_deployment_dag.py for tasks to queue
[2024-03-07T11:44:30.361+0000] {logging_mixin.py:137} INFO - [2024-03-07T11:44:30.360+0000] {dagbag.py:538} INFO - Filling up the DagBag from /opt/airflow/dags/model_training_and_deployment_dag.py
[2024-03-07T11:44:30.386+0000] {processor.py:753} INFO - DAG(s) dict_keys(['mlops_dag']) retrieved from /opt/airflow/dags/model_training_and_deployment_dag.py
[2024-03-07T11:44:30.425+0000] {logging_mixin.py:137} INFO - [2024-03-07T11:44:30.425+0000] {dag.py:2690} INFO - Sync 1 DAGs
[2024-03-07T11:44:30.462+0000] {logging_mixin.py:137} INFO - [2024-03-07T11:44:30.462+0000] {dag.py:3441} INFO - Setting next_dagrun for mlops_dag to 2023-01-01T00:00:00+00:00, run_after=2023-01-02T00:00:00+00:00
[2024-03-07T11:44:30.499+0000] {processor.py:175} INFO - Processing /opt/airflow/dags/model_training_and_deployment_dag.py took 0.168 seconds
[2024-03-07T11:45:00.902+0000] {processor.py:153} INFO - Started process (PID=9380) to work on /opt/airflow/dags/model_training_and_deployment_dag.py
[2024-03-07T11:45:00.903+0000] {processor.py:743} INFO - Processing file /opt/airflow/dags/model_training_and_deployment_dag.py for tasks to queue
[2024-03-07T11:45:00.904+0000] {logging_mixin.py:137} INFO - [2024-03-07T11:45:00.903+0000] {dagbag.py:538} INFO - Filling up the DagBag from /opt/airflow/dags/model_training_and_deployment_dag.py
[2024-03-07T11:45:00.928+0000] {processor.py:753} INFO - DAG(s) dict_keys(['mlops_dag']) retrieved from /opt/airflow/dags/model_training_and_deployment_dag.py
[2024-03-07T11:45:00.966+0000] {logging_mixin.py:137} INFO - [2024-03-07T11:45:00.966+0000] {dag.py:2690} INFO - Sync 1 DAGs
[2024-03-07T11:45:01.032+0000] {logging_mixin.py:137} INFO - [2024-03-07T11:45:01.032+0000] {dag.py:3441} INFO - Setting next_dagrun for mlops_dag to 2023-01-01T00:00:00+00:00, run_after=2023-01-02T00:00:00+00:00
[2024-03-07T11:45:01.091+0000] {processor.py:175} INFO - Processing /opt/airflow/dags/model_training_and_deployment_dag.py took 0.193 seconds
[2024-03-07T11:45:31.300+0000] {processor.py:153} INFO - Started process (PID=9445) to work on /opt/airflow/dags/model_training_and_deployment_dag.py
[2024-03-07T11:45:31.339+0000] {processor.py:743} INFO - Processing file /opt/airflow/dags/model_training_and_deployment_dag.py for tasks to queue
[2024-03-07T11:45:31.340+0000] {logging_mixin.py:137} INFO - [2024-03-07T11:45:31.340+0000] {dagbag.py:538} INFO - Filling up the DagBag from /opt/airflow/dags/model_training_and_deployment_dag.py
[2024-03-07T11:45:31.367+0000] {processor.py:753} INFO - DAG(s) dict_keys(['mlops_dag']) retrieved from /opt/airflow/dags/model_training_and_deployment_dag.py
[2024-03-07T11:45:31.417+0000] {logging_mixin.py:137} INFO - [2024-03-07T11:45:31.416+0000] {dag.py:2690} INFO - Sync 1 DAGs
[2024-03-07T11:45:31.475+0000] {logging_mixin.py:137} INFO - [2024-03-07T11:45:31.475+0000] {dag.py:3441} INFO - Setting next_dagrun for mlops_dag to 2023-01-01T00:00:00+00:00, run_after=2023-01-02T00:00:00+00:00
[2024-03-07T11:45:31.524+0000] {processor.py:175} INFO - Processing /opt/airflow/dags/model_training_and_deployment_dag.py took 0.228 seconds
[2024-03-07T11:46:02.541+0000] {processor.py:153} INFO - Started process (PID=9510) to work on /opt/airflow/dags/model_training_and_deployment_dag.py
[2024-03-07T11:46:02.542+0000] {processor.py:743} INFO - Processing file /opt/airflow/dags/model_training_and_deployment_dag.py for tasks to queue
[2024-03-07T11:46:02.543+0000] {logging_mixin.py:137} INFO - [2024-03-07T11:46:02.543+0000] {dagbag.py:538} INFO - Filling up the DagBag from /opt/airflow/dags/model_training_and_deployment_dag.py
[2024-03-07T11:46:02.564+0000] {processor.py:753} INFO - DAG(s) dict_keys(['mlops_dag']) retrieved from /opt/airflow/dags/model_training_and_deployment_dag.py
[2024-03-07T11:46:02.613+0000] {logging_mixin.py:137} INFO - [2024-03-07T11:46:02.613+0000] {dag.py:2690} INFO - Sync 1 DAGs
[2024-03-07T11:46:02.646+0000] {logging_mixin.py:137} INFO - [2024-03-07T11:46:02.646+0000] {dag.py:3441} INFO - Setting next_dagrun for mlops_dag to 2023-01-01T00:00:00+00:00, run_after=2023-01-02T00:00:00+00:00
[2024-03-07T11:46:02.692+0000] {processor.py:175} INFO - Processing /opt/airflow/dags/model_training_and_deployment_dag.py took 0.157 seconds
[2024-03-07T11:46:33.039+0000] {processor.py:153} INFO - Started process (PID=9587) to work on /opt/airflow/dags/model_training_and_deployment_dag.py
[2024-03-07T11:46:33.051+0000] {processor.py:743} INFO - Processing file /opt/airflow/dags/model_training_and_deployment_dag.py for tasks to queue
[2024-03-07T11:46:33.051+0000] {logging_mixin.py:137} INFO - [2024-03-07T11:46:33.051+0000] {dagbag.py:538} INFO - Filling up the DagBag from /opt/airflow/dags/model_training_and_deployment_dag.py
[2024-03-07T11:46:33.072+0000] {processor.py:753} INFO - DAG(s) dict_keys(['mlops_dag']) retrieved from /opt/airflow/dags/model_training_and_deployment_dag.py
[2024-03-07T11:46:33.102+0000] {logging_mixin.py:137} INFO - [2024-03-07T11:46:33.101+0000] {dag.py:2690} INFO - Sync 1 DAGs
[2024-03-07T11:46:33.136+0000] {logging_mixin.py:137} INFO - [2024-03-07T11:46:33.136+0000] {dag.py:3441} INFO - Setting next_dagrun for mlops_dag to 2023-01-01T00:00:00+00:00, run_after=2023-01-02T00:00:00+00:00
[2024-03-07T11:46:33.170+0000] {processor.py:175} INFO - Processing /opt/airflow/dags/model_training_and_deployment_dag.py took 0.134 seconds
[2024-03-07T11:47:03.371+0000] {processor.py:153} INFO - Started process (PID=9652) to work on /opt/airflow/dags/model_training_and_deployment_dag.py
[2024-03-07T11:47:03.372+0000] {processor.py:743} INFO - Processing file /opt/airflow/dags/model_training_and_deployment_dag.py for tasks to queue
[2024-03-07T11:47:03.372+0000] {logging_mixin.py:137} INFO - [2024-03-07T11:47:03.372+0000] {dagbag.py:538} INFO - Filling up the DagBag from /opt/airflow/dags/model_training_and_deployment_dag.py
[2024-03-07T11:47:03.391+0000] {processor.py:753} INFO - DAG(s) dict_keys(['mlops_dag']) retrieved from /opt/airflow/dags/model_training_and_deployment_dag.py
[2024-03-07T11:47:03.419+0000] {logging_mixin.py:137} INFO - [2024-03-07T11:47:03.419+0000] {dag.py:2690} INFO - Sync 1 DAGs
[2024-03-07T11:47:03.451+0000] {logging_mixin.py:137} INFO - [2024-03-07T11:47:03.451+0000] {dag.py:3441} INFO - Setting next_dagrun for mlops_dag to 2023-01-01T00:00:00+00:00, run_after=2023-01-02T00:00:00+00:00
[2024-03-07T11:47:03.481+0000] {processor.py:175} INFO - Processing /opt/airflow/dags/model_training_and_deployment_dag.py took 0.114 seconds
[2024-03-07T11:47:33.837+0000] {processor.py:153} INFO - Started process (PID=9728) to work on /opt/airflow/dags/model_training_and_deployment_dag.py
[2024-03-07T11:47:33.874+0000] {processor.py:743} INFO - Processing file /opt/airflow/dags/model_training_and_deployment_dag.py for tasks to queue
[2024-03-07T11:47:33.875+0000] {logging_mixin.py:137} INFO - [2024-03-07T11:47:33.874+0000] {dagbag.py:538} INFO - Filling up the DagBag from /opt/airflow/dags/model_training_and_deployment_dag.py
[2024-03-07T11:47:33.894+0000] {processor.py:753} INFO - DAG(s) dict_keys(['mlops_dag']) retrieved from /opt/airflow/dags/model_training_and_deployment_dag.py
[2024-03-07T11:47:33.923+0000] {logging_mixin.py:137} INFO - [2024-03-07T11:47:33.923+0000] {dag.py:2690} INFO - Sync 1 DAGs
[2024-03-07T11:47:33.956+0000] {logging_mixin.py:137} INFO - [2024-03-07T11:47:33.956+0000] {dag.py:3441} INFO - Setting next_dagrun for mlops_dag to 2023-01-01T00:00:00+00:00, run_after=2023-01-02T00:00:00+00:00
[2024-03-07T11:47:33.996+0000] {processor.py:175} INFO - Processing /opt/airflow/dags/model_training_and_deployment_dag.py took 0.163 seconds
[2024-03-07T11:48:04.592+0000] {processor.py:153} INFO - Started process (PID=9793) to work on /opt/airflow/dags/model_training_and_deployment_dag.py
[2024-03-07T11:48:04.593+0000] {processor.py:743} INFO - Processing file /opt/airflow/dags/model_training_and_deployment_dag.py for tasks to queue
[2024-03-07T11:48:04.594+0000] {logging_mixin.py:137} INFO - [2024-03-07T11:48:04.594+0000] {dagbag.py:538} INFO - Filling up the DagBag from /opt/airflow/dags/model_training_and_deployment_dag.py
[2024-03-07T11:48:04.614+0000] {processor.py:753} INFO - DAG(s) dict_keys(['mlops_dag']) retrieved from /opt/airflow/dags/model_training_and_deployment_dag.py
[2024-03-07T11:48:04.642+0000] {logging_mixin.py:137} INFO - [2024-03-07T11:48:04.641+0000] {dag.py:2690} INFO - Sync 1 DAGs
[2024-03-07T11:48:04.672+0000] {logging_mixin.py:137} INFO - [2024-03-07T11:48:04.672+0000] {dag.py:3441} INFO - Setting next_dagrun for mlops_dag to 2023-01-01T00:00:00+00:00, run_after=2023-01-02T00:00:00+00:00
[2024-03-07T11:48:04.705+0000] {processor.py:175} INFO - Processing /opt/airflow/dags/model_training_and_deployment_dag.py took 0.117 seconds
[2024-03-07T11:48:34.998+0000] {processor.py:153} INFO - Started process (PID=9856) to work on /opt/airflow/dags/model_training_and_deployment_dag.py
[2024-03-07T11:48:34.999+0000] {processor.py:743} INFO - Processing file /opt/airflow/dags/model_training_and_deployment_dag.py for tasks to queue
[2024-03-07T11:48:34.999+0000] {logging_mixin.py:137} INFO - [2024-03-07T11:48:34.999+0000] {dagbag.py:538} INFO - Filling up the DagBag from /opt/airflow/dags/model_training_and_deployment_dag.py
[2024-03-07T11:48:35.018+0000] {processor.py:753} INFO - DAG(s) dict_keys(['mlops_dag']) retrieved from /opt/airflow/dags/model_training_and_deployment_dag.py
[2024-03-07T11:48:35.046+0000] {logging_mixin.py:137} INFO - [2024-03-07T11:48:35.046+0000] {dag.py:2690} INFO - Sync 1 DAGs
[2024-03-07T11:48:35.078+0000] {logging_mixin.py:137} INFO - [2024-03-07T11:48:35.077+0000] {dag.py:3441} INFO - Setting next_dagrun for mlops_dag to 2023-01-01T00:00:00+00:00, run_after=2023-01-02T00:00:00+00:00
[2024-03-07T11:48:35.117+0000] {processor.py:175} INFO - Processing /opt/airflow/dags/model_training_and_deployment_dag.py took 0.124 seconds
[2024-03-07T11:49:05.520+0000] {processor.py:153} INFO - Started process (PID=9932) to work on /opt/airflow/dags/model_training_and_deployment_dag.py
[2024-03-07T11:49:05.521+0000] {processor.py:743} INFO - Processing file /opt/airflow/dags/model_training_and_deployment_dag.py for tasks to queue
[2024-03-07T11:49:05.522+0000] {logging_mixin.py:137} INFO - [2024-03-07T11:49:05.522+0000] {dagbag.py:538} INFO - Filling up the DagBag from /opt/airflow/dags/model_training_and_deployment_dag.py
[2024-03-07T11:49:05.545+0000] {processor.py:753} INFO - DAG(s) dict_keys(['mlops_dag']) retrieved from /opt/airflow/dags/model_training_and_deployment_dag.py
[2024-03-07T11:49:05.576+0000] {logging_mixin.py:137} INFO - [2024-03-07T11:49:05.576+0000] {dag.py:2690} INFO - Sync 1 DAGs
[2024-03-07T11:49:05.608+0000] {logging_mixin.py:137} INFO - [2024-03-07T11:49:05.608+0000] {dag.py:3441} INFO - Setting next_dagrun for mlops_dag to 2023-01-01T00:00:00+00:00, run_after=2023-01-02T00:00:00+00:00
[2024-03-07T11:49:05.640+0000] {processor.py:175} INFO - Processing /opt/airflow/dags/model_training_and_deployment_dag.py took 0.124 seconds
[2024-03-07T11:49:36.095+0000] {processor.py:153} INFO - Started process (PID=9996) to work on /opt/airflow/dags/model_training_and_deployment_dag.py
[2024-03-07T11:49:36.114+0000] {processor.py:743} INFO - Processing file /opt/airflow/dags/model_training_and_deployment_dag.py for tasks to queue
[2024-03-07T11:49:36.115+0000] {logging_mixin.py:137} INFO - [2024-03-07T11:49:36.115+0000] {dagbag.py:538} INFO - Filling up the DagBag from /opt/airflow/dags/model_training_and_deployment_dag.py
[2024-03-07T11:49:36.134+0000] {processor.py:753} INFO - DAG(s) dict_keys(['mlops_dag']) retrieved from /opt/airflow/dags/model_training_and_deployment_dag.py
[2024-03-07T11:49:36.163+0000] {logging_mixin.py:137} INFO - [2024-03-07T11:49:36.162+0000] {dag.py:2690} INFO - Sync 1 DAGs
[2024-03-07T11:49:36.194+0000] {logging_mixin.py:137} INFO - [2024-03-07T11:49:36.194+0000] {dag.py:3441} INFO - Setting next_dagrun for mlops_dag to 2023-01-01T00:00:00+00:00, run_after=2023-01-02T00:00:00+00:00
[2024-03-07T11:49:36.220+0000] {processor.py:175} INFO - Processing /opt/airflow/dags/model_training_and_deployment_dag.py took 0.130 seconds
[2024-03-07T11:50:06.371+0000] {processor.py:153} INFO - Started process (PID=10075) to work on /opt/airflow/dags/model_training_and_deployment_dag.py
[2024-03-07T11:50:06.372+0000] {processor.py:743} INFO - Processing file /opt/airflow/dags/model_training_and_deployment_dag.py for tasks to queue
[2024-03-07T11:50:06.373+0000] {logging_mixin.py:137} INFO - [2024-03-07T11:50:06.373+0000] {dagbag.py:538} INFO - Filling up the DagBag from /opt/airflow/dags/model_training_and_deployment_dag.py
[2024-03-07T11:50:06.393+0000] {processor.py:753} INFO - DAG(s) dict_keys(['mlops_dag']) retrieved from /opt/airflow/dags/model_training_and_deployment_dag.py
[2024-03-07T11:50:06.422+0000] {logging_mixin.py:137} INFO - [2024-03-07T11:50:06.422+0000] {dag.py:2690} INFO - Sync 1 DAGs
[2024-03-07T11:50:06.455+0000] {logging_mixin.py:137} INFO - [2024-03-07T11:50:06.455+0000] {dag.py:3441} INFO - Setting next_dagrun for mlops_dag to 2023-01-01T00:00:00+00:00, run_after=2023-01-02T00:00:00+00:00
[2024-03-07T11:50:06.487+0000] {processor.py:175} INFO - Processing /opt/airflow/dags/model_training_and_deployment_dag.py took 0.120 seconds
[2024-03-07T11:50:37.318+0000] {processor.py:153} INFO - Started process (PID=10139) to work on /opt/airflow/dags/model_training_and_deployment_dag.py
[2024-03-07T11:50:37.339+0000] {processor.py:743} INFO - Processing file /opt/airflow/dags/model_training_and_deployment_dag.py for tasks to queue
[2024-03-07T11:50:37.340+0000] {logging_mixin.py:137} INFO - [2024-03-07T11:50:37.340+0000] {dagbag.py:538} INFO - Filling up the DagBag from /opt/airflow/dags/model_training_and_deployment_dag.py
[2024-03-07T11:50:37.370+0000] {processor.py:753} INFO - DAG(s) dict_keys(['mlops_dag']) retrieved from /opt/airflow/dags/model_training_and_deployment_dag.py
[2024-03-07T11:50:37.399+0000] {logging_mixin.py:137} INFO - [2024-03-07T11:50:37.399+0000] {dag.py:2690} INFO - Sync 1 DAGs
[2024-03-07T11:50:37.431+0000] {logging_mixin.py:137} INFO - [2024-03-07T11:50:37.430+0000] {dag.py:3441} INFO - Setting next_dagrun for mlops_dag to 2023-01-01T00:00:00+00:00, run_after=2023-01-02T00:00:00+00:00
[2024-03-07T11:50:37.477+0000] {processor.py:175} INFO - Processing /opt/airflow/dags/model_training_and_deployment_dag.py took 0.168 seconds
[2024-03-07T11:51:07.752+0000] {processor.py:153} INFO - Started process (PID=10204) to work on /opt/airflow/dags/model_training_and_deployment_dag.py
[2024-03-07T11:51:07.753+0000] {processor.py:743} INFO - Processing file /opt/airflow/dags/model_training_and_deployment_dag.py for tasks to queue
[2024-03-07T11:51:07.754+0000] {logging_mixin.py:137} INFO - [2024-03-07T11:51:07.754+0000] {dagbag.py:538} INFO - Filling up the DagBag from /opt/airflow/dags/model_training_and_deployment_dag.py
[2024-03-07T11:51:07.776+0000] {processor.py:753} INFO - DAG(s) dict_keys(['mlops_dag']) retrieved from /opt/airflow/dags/model_training_and_deployment_dag.py
[2024-03-07T11:51:07.804+0000] {logging_mixin.py:137} INFO - [2024-03-07T11:51:07.804+0000] {dag.py:2690} INFO - Sync 1 DAGs
[2024-03-07T11:51:07.835+0000] {logging_mixin.py:137} INFO - [2024-03-07T11:51:07.835+0000] {dag.py:3441} INFO - Setting next_dagrun for mlops_dag to 2023-01-01T00:00:00+00:00, run_after=2023-01-02T00:00:00+00:00
[2024-03-07T11:51:07.867+0000] {processor.py:175} INFO - Processing /opt/airflow/dags/model_training_and_deployment_dag.py took 0.123 seconds
[2024-03-07T11:51:38.553+0000] {processor.py:153} INFO - Started process (PID=10281) to work on /opt/airflow/dags/model_training_and_deployment_dag.py
[2024-03-07T11:51:38.554+0000] {processor.py:743} INFO - Processing file /opt/airflow/dags/model_training_and_deployment_dag.py for tasks to queue
[2024-03-07T11:51:38.555+0000] {logging_mixin.py:137} INFO - [2024-03-07T11:51:38.555+0000] {dagbag.py:538} INFO - Filling up the DagBag from /opt/airflow/dags/model_training_and_deployment_dag.py
[2024-03-07T11:51:38.576+0000] {processor.py:753} INFO - DAG(s) dict_keys(['mlops_dag']) retrieved from /opt/airflow/dags/model_training_and_deployment_dag.py
[2024-03-07T11:51:38.603+0000] {logging_mixin.py:137} INFO - [2024-03-07T11:51:38.603+0000] {dag.py:2690} INFO - Sync 1 DAGs
[2024-03-07T11:51:38.636+0000] {logging_mixin.py:137} INFO - [2024-03-07T11:51:38.636+0000] {dag.py:3441} INFO - Setting next_dagrun for mlops_dag to 2023-01-01T00:00:00+00:00, run_after=2023-01-02T00:00:00+00:00
[2024-03-07T11:51:38.670+0000] {processor.py:175} INFO - Processing /opt/airflow/dags/model_training_and_deployment_dag.py took 0.121 seconds
[2024-03-07T11:52:09.007+0000] {processor.py:153} INFO - Started process (PID=10346) to work on /opt/airflow/dags/model_training_and_deployment_dag.py
[2024-03-07T11:52:09.008+0000] {processor.py:743} INFO - Processing file /opt/airflow/dags/model_training_and_deployment_dag.py for tasks to queue
[2024-03-07T11:52:09.009+0000] {logging_mixin.py:137} INFO - [2024-03-07T11:52:09.009+0000] {dagbag.py:538} INFO - Filling up the DagBag from /opt/airflow/dags/model_training_and_deployment_dag.py
[2024-03-07T11:52:09.032+0000] {processor.py:753} INFO - DAG(s) dict_keys(['mlops_dag']) retrieved from /opt/airflow/dags/model_training_and_deployment_dag.py
[2024-03-07T11:52:09.060+0000] {logging_mixin.py:137} INFO - [2024-03-07T11:52:09.060+0000] {dag.py:2690} INFO - Sync 1 DAGs
[2024-03-07T11:52:09.092+0000] {logging_mixin.py:137} INFO - [2024-03-07T11:52:09.091+0000] {dag.py:3441} INFO - Setting next_dagrun for mlops_dag to 2023-01-01T00:00:00+00:00, run_after=2023-01-02T00:00:00+00:00
[2024-03-07T11:52:09.125+0000] {processor.py:175} INFO - Processing /opt/airflow/dags/model_training_and_deployment_dag.py took 0.126 seconds
[2024-03-07T11:52:39.496+0000] {processor.py:153} INFO - Started process (PID=10421) to work on /opt/airflow/dags/model_training_and_deployment_dag.py
[2024-03-07T11:52:39.497+0000] {processor.py:743} INFO - Processing file /opt/airflow/dags/model_training_and_deployment_dag.py for tasks to queue
[2024-03-07T11:52:39.498+0000] {logging_mixin.py:137} INFO - [2024-03-07T11:52:39.498+0000] {dagbag.py:538} INFO - Filling up the DagBag from /opt/airflow/dags/model_training_and_deployment_dag.py
[2024-03-07T11:52:39.517+0000] {processor.py:753} INFO - DAG(s) dict_keys(['mlops_dag']) retrieved from /opt/airflow/dags/model_training_and_deployment_dag.py
[2024-03-07T11:52:39.548+0000] {logging_mixin.py:137} INFO - [2024-03-07T11:52:39.548+0000] {dag.py:2690} INFO - Sync 1 DAGs
[2024-03-07T11:52:39.581+0000] {logging_mixin.py:137} INFO - [2024-03-07T11:52:39.580+0000] {dag.py:3441} INFO - Setting next_dagrun for mlops_dag to 2023-01-01T00:00:00+00:00, run_after=2023-01-02T00:00:00+00:00
[2024-03-07T11:52:39.649+0000] {processor.py:175} INFO - Processing /opt/airflow/dags/model_training_and_deployment_dag.py took 0.156 seconds
[2024-03-07T11:53:09.977+0000] {processor.py:153} INFO - Started process (PID=10486) to work on /opt/airflow/dags/model_training_and_deployment_dag.py
[2024-03-07T11:53:09.980+0000] {processor.py:743} INFO - Processing file /opt/airflow/dags/model_training_and_deployment_dag.py for tasks to queue
[2024-03-07T11:53:09.981+0000] {logging_mixin.py:137} INFO - [2024-03-07T11:53:09.981+0000] {dagbag.py:538} INFO - Filling up the DagBag from /opt/airflow/dags/model_training_and_deployment_dag.py
[2024-03-07T11:53:10.009+0000] {processor.py:753} INFO - DAG(s) dict_keys(['mlops_dag']) retrieved from /opt/airflow/dags/model_training_and_deployment_dag.py
[2024-03-07T11:53:10.043+0000] {logging_mixin.py:137} INFO - [2024-03-07T11:53:10.043+0000] {dag.py:2690} INFO - Sync 1 DAGs
[2024-03-07T11:53:10.081+0000] {logging_mixin.py:137} INFO - [2024-03-07T11:53:10.080+0000] {dag.py:3441} INFO - Setting next_dagrun for mlops_dag to 2023-01-01T00:00:00+00:00, run_after=2023-01-02T00:00:00+00:00
[2024-03-07T11:53:10.118+0000] {processor.py:175} INFO - Processing /opt/airflow/dags/model_training_and_deployment_dag.py took 0.151 seconds
[2024-03-07T11:53:40.617+0000] {processor.py:153} INFO - Started process (PID=10551) to work on /opt/airflow/dags/model_training_and_deployment_dag.py
[2024-03-07T11:53:40.618+0000] {processor.py:743} INFO - Processing file /opt/airflow/dags/model_training_and_deployment_dag.py for tasks to queue
[2024-03-07T11:53:40.620+0000] {logging_mixin.py:137} INFO - [2024-03-07T11:53:40.620+0000] {dagbag.py:538} INFO - Filling up the DagBag from /opt/airflow/dags/model_training_and_deployment_dag.py
[2024-03-07T11:53:40.639+0000] {processor.py:753} INFO - DAG(s) dict_keys(['mlops_dag']) retrieved from /opt/airflow/dags/model_training_and_deployment_dag.py
[2024-03-07T11:53:40.667+0000] {logging_mixin.py:137} INFO - [2024-03-07T11:53:40.667+0000] {dag.py:2690} INFO - Sync 1 DAGs
[2024-03-07T11:53:40.700+0000] {logging_mixin.py:137} INFO - [2024-03-07T11:53:40.699+0000] {dag.py:3441} INFO - Setting next_dagrun for mlops_dag to 2023-01-01T00:00:00+00:00, run_after=2023-01-02T00:00:00+00:00
[2024-03-07T11:53:40.759+0000] {processor.py:175} INFO - Processing /opt/airflow/dags/model_training_and_deployment_dag.py took 0.146 seconds
[2024-03-07T11:54:11.248+0000] {processor.py:153} INFO - Started process (PID=10628) to work on /opt/airflow/dags/model_training_and_deployment_dag.py
[2024-03-07T11:54:11.249+0000] {processor.py:743} INFO - Processing file /opt/airflow/dags/model_training_and_deployment_dag.py for tasks to queue
[2024-03-07T11:54:11.251+0000] {logging_mixin.py:137} INFO - [2024-03-07T11:54:11.251+0000] {dagbag.py:538} INFO - Filling up the DagBag from /opt/airflow/dags/model_training_and_deployment_dag.py
[2024-03-07T11:54:11.285+0000] {processor.py:753} INFO - DAG(s) dict_keys(['mlops_dag']) retrieved from /opt/airflow/dags/model_training_and_deployment_dag.py
[2024-03-07T11:54:11.334+0000] {logging_mixin.py:137} INFO - [2024-03-07T11:54:11.333+0000] {dag.py:2690} INFO - Sync 1 DAGs
[2024-03-07T11:54:11.374+0000] {logging_mixin.py:137} INFO - [2024-03-07T11:54:11.374+0000] {dag.py:3441} INFO - Setting next_dagrun for mlops_dag to 2023-01-01T00:00:00+00:00, run_after=2023-01-02T00:00:00+00:00
[2024-03-07T11:54:11.421+0000] {processor.py:175} INFO - Processing /opt/airflow/dags/model_training_and_deployment_dag.py took 0.177 seconds
[2024-03-07T11:54:41.761+0000] {processor.py:153} INFO - Started process (PID=10692) to work on /opt/airflow/dags/model_training_and_deployment_dag.py
[2024-03-07T11:54:41.782+0000] {processor.py:743} INFO - Processing file /opt/airflow/dags/model_training_and_deployment_dag.py for tasks to queue
[2024-03-07T11:54:41.783+0000] {logging_mixin.py:137} INFO - [2024-03-07T11:54:41.783+0000] {dagbag.py:538} INFO - Filling up the DagBag from /opt/airflow/dags/model_training_and_deployment_dag.py
[2024-03-07T11:54:41.805+0000] {processor.py:753} INFO - DAG(s) dict_keys(['mlops_dag']) retrieved from /opt/airflow/dags/model_training_and_deployment_dag.py
[2024-03-07T11:54:41.861+0000] {logging_mixin.py:137} INFO - [2024-03-07T11:54:41.860+0000] {dag.py:2690} INFO - Sync 1 DAGs
[2024-03-07T11:54:41.910+0000] {logging_mixin.py:137} INFO - [2024-03-07T11:54:41.909+0000] {dag.py:3441} INFO - Setting next_dagrun for mlops_dag to 2023-01-01T00:00:00+00:00, run_after=2023-01-02T00:00:00+00:00
[2024-03-07T11:54:41.971+0000] {processor.py:175} INFO - Processing /opt/airflow/dags/model_training_and_deployment_dag.py took 0.214 seconds
[2024-03-07T11:55:12.315+0000] {processor.py:153} INFO - Started process (PID=10756) to work on /opt/airflow/dags/model_training_and_deployment_dag.py
[2024-03-07T11:55:12.318+0000] {processor.py:743} INFO - Processing file /opt/airflow/dags/model_training_and_deployment_dag.py for tasks to queue
[2024-03-07T11:55:12.320+0000] {logging_mixin.py:137} INFO - [2024-03-07T11:55:12.320+0000] {dagbag.py:538} INFO - Filling up the DagBag from /opt/airflow/dags/model_training_and_deployment_dag.py
[2024-03-07T11:55:12.369+0000] {processor.py:753} INFO - DAG(s) dict_keys(['mlops_dag']) retrieved from /opt/airflow/dags/model_training_and_deployment_dag.py
[2024-03-07T11:55:12.404+0000] {logging_mixin.py:137} INFO - [2024-03-07T11:55:12.404+0000] {dag.py:2690} INFO - Sync 1 DAGs
[2024-03-07T11:55:12.441+0000] {logging_mixin.py:137} INFO - [2024-03-07T11:55:12.440+0000] {dag.py:3441} INFO - Setting next_dagrun for mlops_dag to 2023-01-01T00:00:00+00:00, run_after=2023-01-02T00:00:00+00:00
[2024-03-07T11:55:12.478+0000] {processor.py:175} INFO - Processing /opt/airflow/dags/model_training_and_deployment_dag.py took 0.177 seconds
[2024-03-07T11:55:42.672+0000] {processor.py:153} INFO - Started process (PID=10829) to work on /opt/airflow/dags/model_training_and_deployment_dag.py
[2024-03-07T11:55:42.716+0000] {processor.py:743} INFO - Processing file /opt/airflow/dags/model_training_and_deployment_dag.py for tasks to queue
[2024-03-07T11:55:42.717+0000] {logging_mixin.py:137} INFO - [2024-03-07T11:55:42.717+0000] {dagbag.py:538} INFO - Filling up the DagBag from /opt/airflow/dags/model_training_and_deployment_dag.py
[2024-03-07T11:55:42.742+0000] {processor.py:753} INFO - DAG(s) dict_keys(['mlops_dag']) retrieved from /opt/airflow/dags/model_training_and_deployment_dag.py
[2024-03-07T11:55:42.781+0000] {logging_mixin.py:137} INFO - [2024-03-07T11:55:42.781+0000] {dag.py:2690} INFO - Sync 1 DAGs
[2024-03-07T11:55:42.822+0000] {logging_mixin.py:137} INFO - [2024-03-07T11:55:42.822+0000] {dag.py:3441} INFO - Setting next_dagrun for mlops_dag to 2023-01-01T00:00:00+00:00, run_after=2023-01-02T00:00:00+00:00
[2024-03-07T11:55:42.874+0000] {processor.py:175} INFO - Processing /opt/airflow/dags/model_training_and_deployment_dag.py took 0.209 seconds
[2024-03-07T11:56:13.029+0000] {processor.py:153} INFO - Started process (PID=10898) to work on /opt/airflow/dags/model_training_and_deployment_dag.py
[2024-03-07T11:56:13.030+0000] {processor.py:743} INFO - Processing file /opt/airflow/dags/model_training_and_deployment_dag.py for tasks to queue
[2024-03-07T11:56:13.031+0000] {logging_mixin.py:137} INFO - [2024-03-07T11:56:13.031+0000] {dagbag.py:538} INFO - Filling up the DagBag from /opt/airflow/dags/model_training_and_deployment_dag.py
[2024-03-07T11:56:13.051+0000] {processor.py:753} INFO - DAG(s) dict_keys(['mlops_dag']) retrieved from /opt/airflow/dags/model_training_and_deployment_dag.py
[2024-03-07T11:56:13.079+0000] {logging_mixin.py:137} INFO - [2024-03-07T11:56:13.079+0000] {dag.py:2690} INFO - Sync 1 DAGs
[2024-03-07T11:56:13.111+0000] {logging_mixin.py:137} INFO - [2024-03-07T11:56:13.111+0000] {dag.py:3441} INFO - Setting next_dagrun for mlops_dag to 2023-01-01T00:00:00+00:00, run_after=2023-01-02T00:00:00+00:00
[2024-03-07T11:56:13.203+0000] {processor.py:175} INFO - Processing /opt/airflow/dags/model_training_and_deployment_dag.py took 0.178 seconds
[2024-03-07T11:56:43.846+0000] {processor.py:153} INFO - Started process (PID=10963) to work on /opt/airflow/dags/model_training_and_deployment_dag.py
[2024-03-07T11:56:43.861+0000] {processor.py:743} INFO - Processing file /opt/airflow/dags/model_training_and_deployment_dag.py for tasks to queue
[2024-03-07T11:56:43.862+0000] {logging_mixin.py:137} INFO - [2024-03-07T11:56:43.862+0000] {dagbag.py:538} INFO - Filling up the DagBag from /opt/airflow/dags/model_training_and_deployment_dag.py
[2024-03-07T11:56:43.887+0000] {processor.py:753} INFO - DAG(s) dict_keys(['mlops_dag']) retrieved from /opt/airflow/dags/model_training_and_deployment_dag.py
[2024-03-07T11:56:43.915+0000] {logging_mixin.py:137} INFO - [2024-03-07T11:56:43.914+0000] {dag.py:2690} INFO - Sync 1 DAGs
[2024-03-07T11:56:43.945+0000] {logging_mixin.py:137} INFO - [2024-03-07T11:56:43.945+0000] {dag.py:3441} INFO - Setting next_dagrun for mlops_dag to 2023-01-01T00:00:00+00:00, run_after=2023-01-02T00:00:00+00:00
[2024-03-07T11:56:43.982+0000] {processor.py:175} INFO - Processing /opt/airflow/dags/model_training_and_deployment_dag.py took 0.142 seconds
